<?xml version="1.0" encoding="UTF-8"?>
<TestRun id="00467ece-be72-4b0d-9e16-e8b35b5054e6" name="ksharma@CMP01-YKUMAR 2018-05-14 21:41:32" runUser="DOMAIN\ksharma" xmlns="http://microsoft.com/schemas/VisualStudio/TeamTest/2010">
  <TestSettings name="BS2AutomationTestSetting - Kanchan" id="8d5b6331-c83c-4097-af25-270a30f0eacb">
    <Description>BS2AutomationTestSetting - Kanchan</Description>
    <Deployment userDeploymentRoot="C:\Users\ksharma\AppData\Local\VSEQT\QTController\rm\26974" useDefaultDeploymentRoot="false" runDeploymentRoot="ksharma_CMP01-YKUMAR 2018-05-14 21_41_32" />
    <RemoteController name="CMP01-YKUMAR.horizonhobby.com:6901" />
    <Execution location="Remote">
      <Timeouts testTimeout="0" />
      <TestTypeSpecific />
      <AgentRule name="BS2CUIT">
        <SelectionCriteria>
          <AgentProperty name="__Test Environment" value="WebSphere.0.CMP01-YKumar" />
          <AgentProperty name="__Machine Role" value="BS2CUIT" />
        </SelectionCriteria>
      </AgentRule>
    </Execution>
    <Properties />
  </TestSettings>
  <Times creation="2018-05-14T21:41:32.6272310-05:00" queuing="2018-05-14T21:41:33.5602310-05:00" start="2018-05-14T21:41:34.1762310-05:00" finish="2018-05-15T01:42:14.1902310-05:00" />
  <ResultSummary outcome="Error">
    <Counters total="60" executed="60" passed="39" error="0" failed="21" timeout="0" aborted="0" inconclusive="0" passedButRunAborted="0" notRunnable="0" notExecuted="0" disconnected="0" warning="0" completed="0" inProgress="0" pending="0" />
    <RunInfos>
      <RunInfo computerName="CMP01-YKUMAR" outcome="Error" timestamp="2018-05-15T01:39:59.4292310-05:00">
        <Text>Exception during deploying files back to host application: System.IO.PathTooLongException: The specified path, file name, or both are too long. The fully qualified file name must be less than 260 characters, and the directory name must be less than 248 characters..</Text>
        <Exception>System.IO.PathTooLongException: The specified path, file name, or both are too long. The fully qualified file name must be less than 260 characters, and the directory name must be less than 248 characters.
   at System.IO.Path.LegacyNormalizePath(String path, Boolean fullCheck, Int32 maxPathLength, Boolean expandShortPaths)
   at System.IO.Path.NormalizePath(String path, Boolean fullCheck, Int32 maxPathLength, Boolean expandShortPaths)
   at System.IO.Path.InternalGetDirectoryName(String path)
   at Microsoft.VisualStudio.TestTools.Common.FileHelper.GetFirstAvailableFilePath(String desiredFilePath, Boolean createFile)
   at Microsoft.VisualStudio.TestTools.TestManagement.Tmi.FileCopyMessageArrived(FileCopyTestResultMessage message)</Exception>
      </RunInfo>
    </RunInfos>
  </ResultSummary>
  <TestDefinitions>
    <UnitTest name="InternationalOrderLinkInDomesticSession" storage="\\cmp01-ykumar\qatestautomationbuildsdrop\qatestautomation\qatestautomation_20180514.3\borderfree.dll" id="c8982089-768d-ab8a-a955-d5b5cc39b49d">
      <DeploymentItems>
        <DeploymentItem filename="TestData\BorderFreeTestData.xml" />
        <DeploymentItem filename="SharedCommonConfig\SharedCommonConfig.xml" />
      </DeploymentItems>
      <TcmInformation testCaseId="4531" testRunId="26974" testResultId="100016" />
      <Execution id="a50c9ecd-159a-4e05-977d-0c66701f2c2a" />
      <Properties>
        <Property>
          <Key>__Tfs_BuildUri__</Key>
          <Value>vstfs:///Build/Build/1903</Value>
        </Property>
        <Property>
          <Key>__Tfs_IsInLabEnvironment__</Key>
          <Value>true</Value>
        </Property>
        <Property>
          <Key>__Tfs_TestRunId__</Key>
          <Value>26974</Value>
        </Property>
        <Property>
          <Key>__Tfs_TestCaseId__</Key>
          <Value>4531</Value>
        </Property>
        <Property>
          <Key>__Tfs_TeamProject__</Key>
          <Value>WebSphere</Value>
        </Property>
        <Property>
          <Key>__Tfs_BuildDirectory__</Key>
          <Value>\\CMP01-YKUMAR\QATestAutomationBuildsDrop\QATestAutomation\QATestAutomation_20180514.3</Value>
        </Property>
        <Property>
          <Key>__Tfs_LabEnvironment__</Key>
          <Value>&lt;?xml version="1.0" encoding="utf-16"?&gt;&lt;LabEnvironment Id="877963a7-28da-4117-9475-1e22fce445cb" Name="CMP01-YKumar" Uri="vstfs:///LabManagement/LabEnvironment/268"&gt;&lt;LabSystems&gt;&lt;LabSystem Name="cmp01-ykumar" ComputerName="CMP01-YKUMAR.horizonhobby.com" Roles="BS2CUIT"&gt;&lt;CustomProperties /&gt;&lt;/LabSystem&gt;&lt;/LabSystems&gt;&lt;/LabEnvironment&gt;</Value>
        </Property>
        <Property>
          <Key>__Tfs_TestConfigurationId__</Key>
          <Value>17</Value>
        </Property>
        <Property>
          <Key>__Tfs_TestPlanId__</Key>
          <Value>13</Value>
        </Property>
        <Property>
          <Key>__Tfs_TestConfigurationName__</Key>
          <Value>Win 7 with IE 11</Value>
        </Property>
        <Property>
          <Key>__Tfs_TestPointId__</Key>
          <Value>110271</Value>
        </Property>
        <Property>
          <Key>__Tfs_TfsServerCollectionUrl__</Key>
          <Value>http://cmp02-app05:8080/tfs/defaultcollection</Value>
        </Property>
        <Property>
          <Key>__Tfs_BuildPlatform__</Key>
          <Value>Any CPU</Value>
        </Property>
        <Property>
          <Key>__Tfs_BuildNumber__</Key>
          <Value>QATestAutomation_20180514.3</Value>
        </Property>
        <Property>
          <Key>__Tfs_BuildFlavor__</Key>
          <Value>Debug</Value>
        </Property>
        <Property>
          <Key>__Tfs_BuildConfigurationId__</Key>
          <Value>26978</Value>
        </Property>
      </Properties>
      <TestMethod codeBase="file://CMP01-YKUMAR/QATestAutomationBuildsDrop/QATestAutomation/QATestAutomation_20180514.3/BorderFree.DLL" adapterTypeName="Microsoft.VisualStudio.TestTools.TestTypes.Unit.UnitTestAdapter, Microsoft.VisualStudio.QualityTools.Tips.UnitTest.Adapter, Version=12.0.0.0, Culture=neutral, PublicKeyToken=b03f5f7f11d50a3a" className="TestAuto.BorderFree, BorderFree, Version=1.0.0.0, Culture=neutral, PublicKeyToken=null" name="InternationalOrderLinkInDomesticSession" />
      <Extension>Microsoft.VisualStudio.TestTools.UITesting.CodedUITestAttribute, Microsoft.VisualStudio.QualityTools.CodedUITestFramework, Version=12.0.0.0, Culture=neutral, PublicKeyToken=b03f5f7f11d50a3a</Extension>
    </UnitTest>
    <UnitTest name="CrossSiteScriptingUserRegistrationMyAccount" storage="\\cmp01-ykumar\qatestautomationbuildsdrop\qatestautomation\qatestautomation_20180514.3\crosssitescripting.dll" id="64d6c1ec-8b93-695c-21fb-3a5995d3f809">
      <DeploymentItems>
        <DeploymentItem filename="TestData\CrossSiteScriptingTestData.xml" />
        <DeploymentItem filename="SharedCommonConfig\SharedCommonConfig.xml" />
      </DeploymentItems>
      <TcmInformation testCaseId="6023" testRunId="26974" testResultId="100033" />
      <Execution id="19dba804-7011-460e-88e5-cab12ca24e06" />
      <Properties>
        <Property>
          <Key>__Tfs_BuildUri__</Key>
          <Value>vstfs:///Build/Build/1903</Value>
        </Property>
        <Property>
          <Key>__Tfs_IsInLabEnvironment__</Key>
          <Value>true</Value>
        </Property>
        <Property>
          <Key>__Tfs_TestRunId__</Key>
          <Value>26974</Value>
        </Property>
        <Property>
          <Key>__Tfs_TestCaseId__</Key>
          <Value>6023</Value>
        </Property>
        <Property>
          <Key>__Tfs_TeamProject__</Key>
          <Value>WebSphere</Value>
        </Property>
        <Property>
          <Key>__Tfs_BuildDirectory__</Key>
          <Value>\\CMP01-YKUMAR\QATestAutomationBuildsDrop\QATestAutomation\QATestAutomation_20180514.3</Value>
        </Property>
        <Property>
          <Key>__Tfs_LabEnvironment__</Key>
          <Value>&lt;?xml version="1.0" encoding="utf-16"?&gt;&lt;LabEnvironment Id="877963a7-28da-4117-9475-1e22fce445cb" Name="CMP01-YKumar" Uri="vstfs:///LabManagement/LabEnvironment/268"&gt;&lt;LabSystems&gt;&lt;LabSystem Name="cmp01-ykumar" ComputerName="CMP01-YKUMAR.horizonhobby.com" Roles="BS2CUIT"&gt;&lt;CustomProperties /&gt;&lt;/LabSystem&gt;&lt;/LabSystems&gt;&lt;/LabEnvironment&gt;</Value>
        </Property>
        <Property>
          <Key>__Tfs_TestConfigurationId__</Key>
          <Value>17</Value>
        </Property>
        <Property>
          <Key>__Tfs_TestPlanId__</Key>
          <Value>13</Value>
        </Property>
        <Property>
          <Key>__Tfs_TestConfigurationName__</Key>
          <Value>Win 7 with IE 11</Value>
        </Property>
        <Property>
          <Key>__Tfs_TestPointId__</Key>
          <Value>110290</Value>
        </Property>
        <Property>
          <Key>__Tfs_TfsServerCollectionUrl__</Key>
          <Value>http://cmp02-app05:8080/tfs/defaultcollection</Value>
        </Property>
        <Property>
          <Key>__Tfs_BuildPlatform__</Key>
          <Value>Any CPU</Value>
        </Property>
        <Property>
          <Key>__Tfs_BuildNumber__</Key>
          <Value>QATestAutomation_20180514.3</Value>
        </Property>
        <Property>
          <Key>__Tfs_BuildFlavor__</Key>
          <Value>Debug</Value>
        </Property>
        <Property>
          <Key>__Tfs_BuildConfigurationId__</Key>
          <Value>26978</Value>
        </Property>
      </Properties>
      <TestMethod codeBase="file://CMP01-YKUMAR/QATestAutomationBuildsDrop/QATestAutomation/QATestAutomation_20180514.3/CrossSiteScripting.DLL" adapterTypeName="Microsoft.VisualStudio.TestTools.TestTypes.Unit.UnitTestAdapter, Microsoft.VisualStudio.QualityTools.Tips.UnitTest.Adapter, Version=12.0.0.0, Culture=neutral, PublicKeyToken=b03f5f7f11d50a3a" className="TestAuto.CrossSiteScripting, CrossSiteScripting, Version=1.0.0.0, Culture=neutral, PublicKeyToken=null" name="CrossSiteScriptingUserRegistrationMyAccount" />
      <Extension>Microsoft.VisualStudio.TestTools.UITesting.CodedUITestAttribute, Microsoft.VisualStudio.QualityTools.CodedUITestFramework, Version=12.0.0.0, Culture=neutral, PublicKeyToken=b03f5f7f11d50a3a</Extension>
    </UnitTest>
    <UnitTest name="CrossSiteScriptingWebsiteVulnerabilitySearchProductPage" storage="\\cmp01-ykumar\qatestautomationbuildsdrop\qatestautomation\qatestautomation_20180514.3\crosssitescripting.dll" id="db2ef7e1-7719-7bf2-58cf-5214e6db9b54">
      <DeploymentItems>
        <DeploymentItem filename="TestData\CrossSiteScriptingTestData.xml" />
        <DeploymentItem filename="SharedCommonConfig\SharedCommonConfig.xml" />
      </DeploymentItems>
      <TcmInformation testCaseId="6020" testRunId="26974" testResultId="100030" />
      <Execution id="f767d866-76a2-4e23-b340-e3c1114dfa23" />
      <Properties>
        <Property>
          <Key>__Tfs_BuildUri__</Key>
          <Value>vstfs:///Build/Build/1903</Value>
        </Property>
        <Property>
          <Key>__Tfs_IsInLabEnvironment__</Key>
          <Value>true</Value>
        </Property>
        <Property>
          <Key>__Tfs_TestRunId__</Key>
          <Value>26974</Value>
        </Property>
        <Property>
          <Key>__Tfs_TestCaseId__</Key>
          <Value>6020</Value>
        </Property>
        <Property>
          <Key>__Tfs_TeamProject__</Key>
          <Value>WebSphere</Value>
        </Property>
        <Property>
          <Key>__Tfs_BuildDirectory__</Key>
          <Value>\\CMP01-YKUMAR\QATestAutomationBuildsDrop\QATestAutomation\QATestAutomation_20180514.3</Value>
        </Property>
        <Property>
          <Key>__Tfs_LabEnvironment__</Key>
          <Value>&lt;?xml version="1.0" encoding="utf-16"?&gt;&lt;LabEnvironment Id="877963a7-28da-4117-9475-1e22fce445cb" Name="CMP01-YKumar" Uri="vstfs:///LabManagement/LabEnvironment/268"&gt;&lt;LabSystems&gt;&lt;LabSystem Name="cmp01-ykumar" ComputerName="CMP01-YKUMAR.horizonhobby.com" Roles="BS2CUIT"&gt;&lt;CustomProperties /&gt;&lt;/LabSystem&gt;&lt;/LabSystems&gt;&lt;/LabEnvironment&gt;</Value>
        </Property>
        <Property>
          <Key>__Tfs_TestConfigurationId__</Key>
          <Value>17</Value>
        </Property>
        <Property>
          <Key>__Tfs_TestPlanId__</Key>
          <Value>13</Value>
        </Property>
        <Property>
          <Key>__Tfs_TestConfigurationName__</Key>
          <Value>Win 7 with IE 11</Value>
        </Property>
        <Property>
          <Key>__Tfs_TestPointId__</Key>
          <Value>110287</Value>
        </Property>
        <Property>
          <Key>__Tfs_TfsServerCollectionUrl__</Key>
          <Value>http://cmp02-app05:8080/tfs/defaultcollection</Value>
        </Property>
        <Property>
          <Key>__Tfs_BuildPlatform__</Key>
          <Value>Any CPU</Value>
        </Property>
        <Property>
          <Key>__Tfs_BuildNumber__</Key>
          <Value>QATestAutomation_20180514.3</Value>
        </Property>
        <Property>
          <Key>__Tfs_BuildFlavor__</Key>
          <Value>Debug</Value>
        </Property>
        <Property>
          <Key>__Tfs_BuildConfigurationId__</Key>
          <Value>26978</Value>
        </Property>
      </Properties>
      <TestMethod codeBase="file://CMP01-YKUMAR/QATestAutomationBuildsDrop/QATestAutomation/QATestAutomation_20180514.3/CrossSiteScripting.DLL" adapterTypeName="Microsoft.VisualStudio.TestTools.TestTypes.Unit.UnitTestAdapter, Microsoft.VisualStudio.QualityTools.Tips.UnitTest.Adapter, Version=12.0.0.0, Culture=neutral, PublicKeyToken=b03f5f7f11d50a3a" className="TestAuto.CrossSiteScripting, CrossSiteScripting, Version=1.0.0.0, Culture=neutral, PublicKeyToken=null" name="CrossSiteScriptingWebsiteVulnerabilitySearchProductPage" />
      <Extension>Microsoft.VisualStudio.TestTools.UITesting.CodedUITestAttribute, Microsoft.VisualStudio.QualityTools.CodedUITestFramework, Version=12.0.0.0, Culture=neutral, PublicKeyToken=b03f5f7f11d50a3a</Extension>
    </UnitTest>
    <UnitTest name="ErrorMessagePostCorrectionOrderReviewPage" storage="\\cmp01-ykumar\qatestautomationbuildsdrop\qatestautomation\qatestautomation_20180514.3\checkout_test.dll" id="acfe74cc-d057-8fb8-9d6a-794ddd8c2552">
      <DeploymentItems>
        <DeploymentItem filename="TestData\CheckoutCreditCard.xml" />
        <DeploymentItem filename="SharedCommonConfig\SharedCommonConfig.xml" />
      </DeploymentItems>
      <TcmInformation testCaseId="6106" testRunId="26974" testResultId="100041" />
      <Execution id="cae26683-899a-4f68-9cce-307212da238a" />
      <Properties>
        <Property>
          <Key>__Tfs_BuildUri__</Key>
          <Value>vstfs:///Build/Build/1903</Value>
        </Property>
        <Property>
          <Key>__Tfs_IsInLabEnvironment__</Key>
          <Value>true</Value>
        </Property>
        <Property>
          <Key>__Tfs_TestRunId__</Key>
          <Value>26974</Value>
        </Property>
        <Property>
          <Key>__Tfs_TestCaseId__</Key>
          <Value>6106</Value>
        </Property>
        <Property>
          <Key>__Tfs_TeamProject__</Key>
          <Value>WebSphere</Value>
        </Property>
        <Property>
          <Key>__Tfs_BuildDirectory__</Key>
          <Value>\\CMP01-YKUMAR\QATestAutomationBuildsDrop\QATestAutomation\QATestAutomation_20180514.3</Value>
        </Property>
        <Property>
          <Key>__Tfs_LabEnvironment__</Key>
          <Value>&lt;?xml version="1.0" encoding="utf-16"?&gt;&lt;LabEnvironment Id="877963a7-28da-4117-9475-1e22fce445cb" Name="CMP01-YKumar" Uri="vstfs:///LabManagement/LabEnvironment/268"&gt;&lt;LabSystems&gt;&lt;LabSystem Name="cmp01-ykumar" ComputerName="CMP01-YKUMAR.horizonhobby.com" Roles="BS2CUIT"&gt;&lt;CustomProperties /&gt;&lt;/LabSystem&gt;&lt;/LabSystems&gt;&lt;/LabEnvironment&gt;</Value>
        </Property>
        <Property>
          <Key>__Tfs_TestConfigurationId__</Key>
          <Value>17</Value>
        </Property>
        <Property>
          <Key>__Tfs_TestPlanId__</Key>
          <Value>13</Value>
        </Property>
        <Property>
          <Key>__Tfs_TestConfigurationName__</Key>
          <Value>Win 7 with IE 11</Value>
        </Property>
        <Property>
          <Key>__Tfs_TestPointId__</Key>
          <Value>110299</Value>
        </Property>
        <Property>
          <Key>__Tfs_TfsServerCollectionUrl__</Key>
          <Value>http://cmp02-app05:8080/tfs/defaultcollection</Value>
        </Property>
        <Property>
          <Key>__Tfs_BuildPlatform__</Key>
          <Value>Any CPU</Value>
        </Property>
        <Property>
          <Key>__Tfs_BuildNumber__</Key>
          <Value>QATestAutomation_20180514.3</Value>
        </Property>
        <Property>
          <Key>__Tfs_BuildFlavor__</Key>
          <Value>Debug</Value>
        </Property>
        <Property>
          <Key>__Tfs_BuildConfigurationId__</Key>
          <Value>26978</Value>
        </Property>
      </Properties>
      <TestMethod codeBase="file://CMP01-YKUMAR/QATestAutomationBuildsDrop/QATestAutomation/QATestAutomation_20180514.3/Checkout_Test.DLL" adapterTypeName="Microsoft.VisualStudio.TestTools.TestTypes.Unit.UnitTestAdapter, Microsoft.VisualStudio.QualityTools.Tips.UnitTest.Adapter, Version=12.0.0.0, Culture=neutral, PublicKeyToken=b03f5f7f11d50a3a" className="TestAuto.CheckoutCreditCard, Checkout_Test, Version=1.0.0.0, Culture=neutral, PublicKeyToken=null" name="ErrorMessagePostCorrectionOrderReviewPage" />
      <Extension>Microsoft.VisualStudio.TestTools.UITesting.CodedUITestAttribute, Microsoft.VisualStudio.QualityTools.CodedUITestFramework, Version=12.0.0.0, Culture=neutral, PublicKeyToken=b03f5f7f11d50a3a</Extension>
    </UnitTest>
    <UnitTest name="ContextChooserForInternationalAndDomestic" storage="\\cmp01-ykumar\qatestautomationbuildsdrop\qatestautomation\qatestautomation_20180514.3\borderfree.dll" id="9b2292a3-d2a0-697b-3f1d-0ea34bc5a681">
      <DeploymentItems>
        <DeploymentItem filename="TestData\BorderFreeTestData.xml" />
        <DeploymentItem filename="SharedCommonConfig\SharedCommonConfig.xml" />
      </DeploymentItems>
      <TcmInformation testCaseId="4530" testRunId="26974" testResultId="100015" />
      <Execution id="ffe07430-460d-48b8-accf-7eb360cb84fe" />
      <Properties>
        <Property>
          <Key>__Tfs_BuildUri__</Key>
          <Value>vstfs:///Build/Build/1903</Value>
        </Property>
        <Property>
          <Key>__Tfs_IsInLabEnvironment__</Key>
          <Value>true</Value>
        </Property>
        <Property>
          <Key>__Tfs_TestRunId__</Key>
          <Value>26974</Value>
        </Property>
        <Property>
          <Key>__Tfs_TestCaseId__</Key>
          <Value>4530</Value>
        </Property>
        <Property>
          <Key>__Tfs_TeamProject__</Key>
          <Value>WebSphere</Value>
        </Property>
        <Property>
          <Key>__Tfs_BuildDirectory__</Key>
          <Value>\\CMP01-YKUMAR\QATestAutomationBuildsDrop\QATestAutomation\QATestAutomation_20180514.3</Value>
        </Property>
        <Property>
          <Key>__Tfs_LabEnvironment__</Key>
          <Value>&lt;?xml version="1.0" encoding="utf-16"?&gt;&lt;LabEnvironment Id="877963a7-28da-4117-9475-1e22fce445cb" Name="CMP01-YKumar" Uri="vstfs:///LabManagement/LabEnvironment/268"&gt;&lt;LabSystems&gt;&lt;LabSystem Name="cmp01-ykumar" ComputerName="CMP01-YKUMAR.horizonhobby.com" Roles="BS2CUIT"&gt;&lt;CustomProperties /&gt;&lt;/LabSystem&gt;&lt;/LabSystems&gt;&lt;/LabEnvironment&gt;</Value>
        </Property>
        <Property>
          <Key>__Tfs_TestConfigurationId__</Key>
          <Value>17</Value>
        </Property>
        <Property>
          <Key>__Tfs_TestPlanId__</Key>
          <Value>13</Value>
        </Property>
        <Property>
          <Key>__Tfs_TestConfigurationName__</Key>
          <Value>Win 7 with IE 11</Value>
        </Property>
        <Property>
          <Key>__Tfs_TestPointId__</Key>
          <Value>110270</Value>
        </Property>
        <Property>
          <Key>__Tfs_TfsServerCollectionUrl__</Key>
          <Value>http://cmp02-app05:8080/tfs/defaultcollection</Value>
        </Property>
        <Property>
          <Key>__Tfs_BuildPlatform__</Key>
          <Value>Any CPU</Value>
        </Property>
        <Property>
          <Key>__Tfs_BuildNumber__</Key>
          <Value>QATestAutomation_20180514.3</Value>
        </Property>
        <Property>
          <Key>__Tfs_BuildFlavor__</Key>
          <Value>Debug</Value>
        </Property>
        <Property>
          <Key>__Tfs_BuildConfigurationId__</Key>
          <Value>26978</Value>
        </Property>
      </Properties>
      <TestMethod codeBase="file://CMP01-YKUMAR/QATestAutomationBuildsDrop/QATestAutomation/QATestAutomation_20180514.3/BorderFree.DLL" adapterTypeName="Microsoft.VisualStudio.TestTools.TestTypes.Unit.UnitTestAdapter, Microsoft.VisualStudio.QualityTools.Tips.UnitTest.Adapter, Version=12.0.0.0, Culture=neutral, PublicKeyToken=b03f5f7f11d50a3a" className="TestAuto.BorderFree, BorderFree, Version=1.0.0.0, Culture=neutral, PublicKeyToken=null" name="ContextChooserForInternationalAndDomestic" />
      <Extension>Microsoft.VisualStudio.TestTools.UITesting.CodedUITestAttribute, Microsoft.VisualStudio.QualityTools.CodedUITestFramework, Version=12.0.0.0, Culture=neutral, PublicKeyToken=b03f5f7f11d50a3a</Extension>
    </UnitTest>
    <UnitTest name="PreventEntryOfNonUSAddressesInShippingBillingMethodSignInUser" storage="\\cmp01-ykumar\qatestautomationbuildsdrop\qatestautomation\qatestautomation_20180514.3\borderfree.dll" id="f48df787-9539-ddea-93b2-f3fc233757e7">
      <DeploymentItems>
        <DeploymentItem filename="TestData\BorderFreeTestData.xml" />
        <DeploymentItem filename="SharedCommonConfig\SharedCommonConfig.xml" />
      </DeploymentItems>
      <TcmInformation testCaseId="5112" testRunId="26974" testResultId="100019" />
      <Execution id="2fd400e9-2a86-42c6-8053-ebdc1a6063f0" />
      <Properties>
        <Property>
          <Key>__Tfs_BuildUri__</Key>
          <Value>vstfs:///Build/Build/1903</Value>
        </Property>
        <Property>
          <Key>__Tfs_IsInLabEnvironment__</Key>
          <Value>true</Value>
        </Property>
        <Property>
          <Key>__Tfs_TestRunId__</Key>
          <Value>26974</Value>
        </Property>
        <Property>
          <Key>__Tfs_TestCaseId__</Key>
          <Value>5112</Value>
        </Property>
        <Property>
          <Key>__Tfs_TeamProject__</Key>
          <Value>WebSphere</Value>
        </Property>
        <Property>
          <Key>__Tfs_BuildDirectory__</Key>
          <Value>\\CMP01-YKUMAR\QATestAutomationBuildsDrop\QATestAutomation\QATestAutomation_20180514.3</Value>
        </Property>
        <Property>
          <Key>__Tfs_LabEnvironment__</Key>
          <Value>&lt;?xml version="1.0" encoding="utf-16"?&gt;&lt;LabEnvironment Id="877963a7-28da-4117-9475-1e22fce445cb" Name="CMP01-YKumar" Uri="vstfs:///LabManagement/LabEnvironment/268"&gt;&lt;LabSystems&gt;&lt;LabSystem Name="cmp01-ykumar" ComputerName="CMP01-YKUMAR.horizonhobby.com" Roles="BS2CUIT"&gt;&lt;CustomProperties /&gt;&lt;/LabSystem&gt;&lt;/LabSystems&gt;&lt;/LabEnvironment&gt;</Value>
        </Property>
        <Property>
          <Key>__Tfs_TestConfigurationId__</Key>
          <Value>17</Value>
        </Property>
        <Property>
          <Key>__Tfs_TestPlanId__</Key>
          <Value>13</Value>
        </Property>
        <Property>
          <Key>__Tfs_TestConfigurationName__</Key>
          <Value>Win 7 with IE 11</Value>
        </Property>
        <Property>
          <Key>__Tfs_TestPointId__</Key>
          <Value>110274</Value>
        </Property>
        <Property>
          <Key>__Tfs_TfsServerCollectionUrl__</Key>
          <Value>http://cmp02-app05:8080/tfs/defaultcollection</Value>
        </Property>
        <Property>
          <Key>__Tfs_BuildPlatform__</Key>
          <Value>Any CPU</Value>
        </Property>
        <Property>
          <Key>__Tfs_BuildNumber__</Key>
          <Value>QATestAutomation_20180514.3</Value>
        </Property>
        <Property>
          <Key>__Tfs_BuildFlavor__</Key>
          <Value>Debug</Value>
        </Property>
        <Property>
          <Key>__Tfs_BuildConfigurationId__</Key>
          <Value>26978</Value>
        </Property>
      </Properties>
      <TestMethod codeBase="file://CMP01-YKUMAR/QATestAutomationBuildsDrop/QATestAutomation/QATestAutomation_20180514.3/BorderFree.DLL" adapterTypeName="Microsoft.VisualStudio.TestTools.TestTypes.Unit.UnitTestAdapter, Microsoft.VisualStudio.QualityTools.Tips.UnitTest.Adapter, Version=12.0.0.0, Culture=neutral, PublicKeyToken=b03f5f7f11d50a3a" className="TestAuto.BorderFree, BorderFree, Version=1.0.0.0, Culture=neutral, PublicKeyToken=null" name="PreventEntryOfNonUSAddressesInShippingBillingMethodSignInUser" />
      <Extension>Microsoft.VisualStudio.TestTools.UITesting.CodedUITestAttribute, Microsoft.VisualStudio.QualityTools.CodedUITestFramework, Version=12.0.0.0, Culture=neutral, PublicKeyToken=b03f5f7f11d50a3a</Extension>
    </UnitTest>
    <UnitTest name="PreventEntryOfNonUSAddressesInShippingBillinMethodGuestUser" storage="\\cmp01-ykumar\qatestautomationbuildsdrop\qatestautomation\qatestautomation_20180514.3\borderfree.dll" id="57c32460-3c38-efd3-dc3b-849a079eea64">
      <DeploymentItems>
        <DeploymentItem filename="TestData\BorderFreeTestData.xml" />
        <DeploymentItem filename="SharedCommonConfig\SharedCommonConfig.xml" />
      </DeploymentItems>
      <TcmInformation testCaseId="5113" testRunId="26974" testResultId="100020" />
      <Execution id="f8a02a60-add5-4cf0-8cb3-ccad276d737e" />
      <Properties>
        <Property>
          <Key>__Tfs_BuildUri__</Key>
          <Value>vstfs:///Build/Build/1903</Value>
        </Property>
        <Property>
          <Key>__Tfs_IsInLabEnvironment__</Key>
          <Value>true</Value>
        </Property>
        <Property>
          <Key>__Tfs_TestRunId__</Key>
          <Value>26974</Value>
        </Property>
        <Property>
          <Key>__Tfs_TestCaseId__</Key>
          <Value>5113</Value>
        </Property>
        <Property>
          <Key>__Tfs_TeamProject__</Key>
          <Value>WebSphere</Value>
        </Property>
        <Property>
          <Key>__Tfs_BuildDirectory__</Key>
          <Value>\\CMP01-YKUMAR\QATestAutomationBuildsDrop\QATestAutomation\QATestAutomation_20180514.3</Value>
        </Property>
        <Property>
          <Key>__Tfs_LabEnvironment__</Key>
          <Value>&lt;?xml version="1.0" encoding="utf-16"?&gt;&lt;LabEnvironment Id="877963a7-28da-4117-9475-1e22fce445cb" Name="CMP01-YKumar" Uri="vstfs:///LabManagement/LabEnvironment/268"&gt;&lt;LabSystems&gt;&lt;LabSystem Name="cmp01-ykumar" ComputerName="CMP01-YKUMAR.horizonhobby.com" Roles="BS2CUIT"&gt;&lt;CustomProperties /&gt;&lt;/LabSystem&gt;&lt;/LabSystems&gt;&lt;/LabEnvironment&gt;</Value>
        </Property>
        <Property>
          <Key>__Tfs_TestConfigurationId__</Key>
          <Value>17</Value>
        </Property>
        <Property>
          <Key>__Tfs_TestPlanId__</Key>
          <Value>13</Value>
        </Property>
        <Property>
          <Key>__Tfs_TestConfigurationName__</Key>
          <Value>Win 7 with IE 11</Value>
        </Property>
        <Property>
          <Key>__Tfs_TestPointId__</Key>
          <Value>110275</Value>
        </Property>
        <Property>
          <Key>__Tfs_TfsServerCollectionUrl__</Key>
          <Value>http://cmp02-app05:8080/tfs/defaultcollection</Value>
        </Property>
        <Property>
          <Key>__Tfs_BuildPlatform__</Key>
          <Value>Any CPU</Value>
        </Property>
        <Property>
          <Key>__Tfs_BuildNumber__</Key>
          <Value>QATestAutomation_20180514.3</Value>
        </Property>
        <Property>
          <Key>__Tfs_BuildFlavor__</Key>
          <Value>Debug</Value>
        </Property>
        <Property>
          <Key>__Tfs_BuildConfigurationId__</Key>
          <Value>26978</Value>
        </Property>
      </Properties>
      <TestMethod codeBase="file://CMP01-YKUMAR/QATestAutomationBuildsDrop/QATestAutomation/QATestAutomation_20180514.3/BorderFree.DLL" adapterTypeName="Microsoft.VisualStudio.TestTools.TestTypes.Unit.UnitTestAdapter, Microsoft.VisualStudio.QualityTools.Tips.UnitTest.Adapter, Version=12.0.0.0, Culture=neutral, PublicKeyToken=b03f5f7f11d50a3a" className="TestAuto.BorderFree, BorderFree, Version=1.0.0.0, Culture=neutral, PublicKeyToken=null" name="PreventEntryOfNonUSAddressesInShippingBillinMethodGuestUser" />
      <Extension>Microsoft.VisualStudio.TestTools.UITesting.CodedUITestAttribute, Microsoft.VisualStudio.QualityTools.CodedUITestFramework, Version=12.0.0.0, Culture=neutral, PublicKeyToken=b03f5f7f11d50a3a</Extension>
    </UnitTest>
    <UnitTest name="ShoppingCartProductAndOrderDiscount" storage="\\cmp01-ykumar\qatestautomationbuildsdrop\qatestautomation\qatestautomation_20180514.3\cartdisplaytest.dll" id="2c13f11c-4c3b-b325-ad09-0cb39bb944c1">
      <DeploymentItems>
        <DeploymentItem filename="TestData\CartDisplayTestData.xml" />
        <DeploymentItem filename="SharedCommonConfig\SharedCommonConfig.xml" />
      </DeploymentItems>
      <TcmInformation testCaseId="4425" testRunId="26974" testResultId="100004" />
      <Execution id="413544e4-8230-4c6e-9348-bd2ccecd4e66" />
      <Properties>
        <Property>
          <Key>__Tfs_BuildUri__</Key>
          <Value>vstfs:///Build/Build/1903</Value>
        </Property>
        <Property>
          <Key>__Tfs_IsInLabEnvironment__</Key>
          <Value>true</Value>
        </Property>
        <Property>
          <Key>__Tfs_TestRunId__</Key>
          <Value>26974</Value>
        </Property>
        <Property>
          <Key>__Tfs_TestCaseId__</Key>
          <Value>4425</Value>
        </Property>
        <Property>
          <Key>__Tfs_TeamProject__</Key>
          <Value>WebSphere</Value>
        </Property>
        <Property>
          <Key>__Tfs_BuildDirectory__</Key>
          <Value>\\CMP01-YKUMAR\QATestAutomationBuildsDrop\QATestAutomation\QATestAutomation_20180514.3</Value>
        </Property>
        <Property>
          <Key>__Tfs_LabEnvironment__</Key>
          <Value>&lt;?xml version="1.0" encoding="utf-16"?&gt;&lt;LabEnvironment Id="877963a7-28da-4117-9475-1e22fce445cb" Name="CMP01-YKumar" Uri="vstfs:///LabManagement/LabEnvironment/268"&gt;&lt;LabSystems&gt;&lt;LabSystem Name="cmp01-ykumar" ComputerName="CMP01-YKUMAR.horizonhobby.com" Roles="BS2CUIT"&gt;&lt;CustomProperties /&gt;&lt;/LabSystem&gt;&lt;/LabSystems&gt;&lt;/LabEnvironment&gt;</Value>
        </Property>
        <Property>
          <Key>__Tfs_TestConfigurationId__</Key>
          <Value>17</Value>
        </Property>
        <Property>
          <Key>__Tfs_TestPlanId__</Key>
          <Value>13</Value>
        </Property>
        <Property>
          <Key>__Tfs_TestConfigurationName__</Key>
          <Value>Win 7 with IE 11</Value>
        </Property>
        <Property>
          <Key>__Tfs_TestPointId__</Key>
          <Value>110258</Value>
        </Property>
        <Property>
          <Key>__Tfs_TfsServerCollectionUrl__</Key>
          <Value>http://cmp02-app05:8080/tfs/defaultcollection</Value>
        </Property>
        <Property>
          <Key>__Tfs_BuildPlatform__</Key>
          <Value>Any CPU</Value>
        </Property>
        <Property>
          <Key>__Tfs_BuildNumber__</Key>
          <Value>QATestAutomation_20180514.3</Value>
        </Property>
        <Property>
          <Key>__Tfs_BuildFlavor__</Key>
          <Value>Debug</Value>
        </Property>
        <Property>
          <Key>__Tfs_BuildConfigurationId__</Key>
          <Value>26978</Value>
        </Property>
      </Properties>
      <TestMethod codeBase="file://CMP01-YKUMAR/QATestAutomationBuildsDrop/QATestAutomation/QATestAutomation_20180514.3/CartDisplayTest.DLL" adapterTypeName="Microsoft.VisualStudio.TestTools.TestTypes.Unit.UnitTestAdapter, Microsoft.VisualStudio.QualityTools.Tips.UnitTest.Adapter, Version=12.0.0.0, Culture=neutral, PublicKeyToken=b03f5f7f11d50a3a" className="TestAuto.CartDisplayTest, CartDisplayTest, Version=1.0.0.0, Culture=neutral, PublicKeyToken=null" name="ShoppingCartProductAndOrderDiscount" />
      <Extension>Microsoft.VisualStudio.TestTools.UITesting.CodedUITestAttribute, Microsoft.VisualStudio.QualityTools.CodedUITestFramework, Version=12.0.0.0, Culture=neutral, PublicKeyToken=b03f5f7f11d50a3a</Extension>
    </UnitTest>
    <UnitTest name="AffirmWithGiftCardItem" storage="\\cmp01-ykumar\qatestautomationbuildsdrop\qatestautomation\qatestautomation_20180514.3\checkout_test.dll" id="7eab8c63-501f-43ca-23a2-0e182a0a7362">
      <DeploymentItems>
        <DeploymentItem filename="TestData\CheckoutAffirmTestData.xml" />
        <DeploymentItem filename="SharedCommonConfig\SharedCommonConfig.xml" />
      </DeploymentItems>
      <TcmInformation testCaseId="6665" testRunId="26974" testResultId="100048" />
      <Execution id="279c3447-1752-474c-b0c9-31c6691f6033" />
      <Properties>
        <Property>
          <Key>__Tfs_BuildUri__</Key>
          <Value>vstfs:///Build/Build/1903</Value>
        </Property>
        <Property>
          <Key>__Tfs_IsInLabEnvironment__</Key>
          <Value>true</Value>
        </Property>
        <Property>
          <Key>__Tfs_TestRunId__</Key>
          <Value>26974</Value>
        </Property>
        <Property>
          <Key>__Tfs_TestCaseId__</Key>
          <Value>6665</Value>
        </Property>
        <Property>
          <Key>__Tfs_TeamProject__</Key>
          <Value>WebSphere</Value>
        </Property>
        <Property>
          <Key>__Tfs_BuildDirectory__</Key>
          <Value>\\CMP01-YKUMAR\QATestAutomationBuildsDrop\QATestAutomation\QATestAutomation_20180514.3</Value>
        </Property>
        <Property>
          <Key>__Tfs_LabEnvironment__</Key>
          <Value>&lt;?xml version="1.0" encoding="utf-16"?&gt;&lt;LabEnvironment Id="877963a7-28da-4117-9475-1e22fce445cb" Name="CMP01-YKumar" Uri="vstfs:///LabManagement/LabEnvironment/268"&gt;&lt;LabSystems&gt;&lt;LabSystem Name="cmp01-ykumar" ComputerName="CMP01-YKUMAR.horizonhobby.com" Roles="BS2CUIT"&gt;&lt;CustomProperties /&gt;&lt;/LabSystem&gt;&lt;/LabSystems&gt;&lt;/LabEnvironment&gt;</Value>
        </Property>
        <Property>
          <Key>__Tfs_TestConfigurationId__</Key>
          <Value>17</Value>
        </Property>
        <Property>
          <Key>__Tfs_TestPlanId__</Key>
          <Value>13</Value>
        </Property>
        <Property>
          <Key>__Tfs_TestConfigurationName__</Key>
          <Value>Win 7 with IE 11</Value>
        </Property>
        <Property>
          <Key>__Tfs_TestPointId__</Key>
          <Value>110368</Value>
        </Property>
        <Property>
          <Key>__Tfs_TfsServerCollectionUrl__</Key>
          <Value>http://cmp02-app05:8080/tfs/defaultcollection</Value>
        </Property>
        <Property>
          <Key>__Tfs_BuildPlatform__</Key>
          <Value>Any CPU</Value>
        </Property>
        <Property>
          <Key>__Tfs_BuildNumber__</Key>
          <Value>QATestAutomation_20180514.3</Value>
        </Property>
        <Property>
          <Key>__Tfs_BuildFlavor__</Key>
          <Value>Debug</Value>
        </Property>
        <Property>
          <Key>__Tfs_BuildConfigurationId__</Key>
          <Value>26978</Value>
        </Property>
      </Properties>
      <TestMethod codeBase="file://CMP01-YKUMAR/QATestAutomationBuildsDrop/QATestAutomation/QATestAutomation_20180514.3/Checkout_Test.DLL" adapterTypeName="Microsoft.VisualStudio.TestTools.TestTypes.Unit.UnitTestAdapter, Microsoft.VisualStudio.QualityTools.Tips.UnitTest.Adapter, Version=12.0.0.0, Culture=neutral, PublicKeyToken=b03f5f7f11d50a3a" className="TestAuto.CheckoutAffirmTest, Checkout_Test, Version=1.0.0.0, Culture=neutral, PublicKeyToken=null" name="AffirmWithGiftCardItem" />
      <Extension>Microsoft.VisualStudio.TestTools.UITesting.CodedUITestAttribute, Microsoft.VisualStudio.QualityTools.CodedUITestFramework, Version=12.0.0.0, Culture=neutral, PublicKeyToken=b03f5f7f11d50a3a</Extension>
    </UnitTest>
    <UnitTest name="AddToWishlistQuickInfoWindow" storage="\\cmp01-ykumar\qatestautomationbuildsdrop\qatestautomation\qatestautomation_20180514.3\productpagetest.dll" id="f09ffc63-6939-094e-bfd3-b209000ae3f0">
      <DeploymentItems>
        <DeploymentItem filename="TestData\ProductPageTestData.xml" />
        <DeploymentItem filename="SharedCommonConfig\SharedCommonConfig.xml" />
      </DeploymentItems>
      <TcmInformation testCaseId="3982" testRunId="26974" testResultId="100001" />
      <Execution id="2a9964a9-a455-4774-be5f-bafdfcf65e94" />
      <Properties>
        <Property>
          <Key>__Tfs_BuildUri__</Key>
          <Value>vstfs:///Build/Build/1903</Value>
        </Property>
        <Property>
          <Key>__Tfs_IsInLabEnvironment__</Key>
          <Value>true</Value>
        </Property>
        <Property>
          <Key>__Tfs_TestRunId__</Key>
          <Value>26974</Value>
        </Property>
        <Property>
          <Key>__Tfs_TestCaseId__</Key>
          <Value>3982</Value>
        </Property>
        <Property>
          <Key>__Tfs_TeamProject__</Key>
          <Value>WebSphere</Value>
        </Property>
        <Property>
          <Key>__Tfs_BuildDirectory__</Key>
          <Value>\\CMP01-YKUMAR\QATestAutomationBuildsDrop\QATestAutomation\QATestAutomation_20180514.3</Value>
        </Property>
        <Property>
          <Key>__Tfs_LabEnvironment__</Key>
          <Value>&lt;?xml version="1.0" encoding="utf-16"?&gt;&lt;LabEnvironment Id="877963a7-28da-4117-9475-1e22fce445cb" Name="CMP01-YKumar" Uri="vstfs:///LabManagement/LabEnvironment/268"&gt;&lt;LabSystems&gt;&lt;LabSystem Name="cmp01-ykumar" ComputerName="CMP01-YKUMAR.horizonhobby.com" Roles="BS2CUIT"&gt;&lt;CustomProperties /&gt;&lt;/LabSystem&gt;&lt;/LabSystems&gt;&lt;/LabEnvironment&gt;</Value>
        </Property>
        <Property>
          <Key>__Tfs_TestConfigurationId__</Key>
          <Value>17</Value>
        </Property>
        <Property>
          <Key>__Tfs_TestPlanId__</Key>
          <Value>13</Value>
        </Property>
        <Property>
          <Key>__Tfs_TestConfigurationName__</Key>
          <Value>Win 7 with IE 11</Value>
        </Property>
        <Property>
          <Key>__Tfs_TestPointId__</Key>
          <Value>110254</Value>
        </Property>
        <Property>
          <Key>__Tfs_TfsServerCollectionUrl__</Key>
          <Value>http://cmp02-app05:8080/tfs/defaultcollection</Value>
        </Property>
        <Property>
          <Key>__Tfs_BuildPlatform__</Key>
          <Value>Any CPU</Value>
        </Property>
        <Property>
          <Key>__Tfs_BuildNumber__</Key>
          <Value>QATestAutomation_20180514.3</Value>
        </Property>
        <Property>
          <Key>__Tfs_BuildFlavor__</Key>
          <Value>Debug</Value>
        </Property>
        <Property>
          <Key>__Tfs_BuildConfigurationId__</Key>
          <Value>26978</Value>
        </Property>
      </Properties>
      <TestMethod codeBase="file://CMP01-YKUMAR/QATestAutomationBuildsDrop/QATestAutomation/QATestAutomation_20180514.3/ProductPageTest.DLL" adapterTypeName="Microsoft.VisualStudio.TestTools.TestTypes.Unit.UnitTestAdapter, Microsoft.VisualStudio.QualityTools.Tips.UnitTest.Adapter, Version=12.0.0.0, Culture=neutral, PublicKeyToken=b03f5f7f11d50a3a" className="TestAuto.ProductPageTest, ProductPageTest, Version=1.0.0.0, Culture=neutral, PublicKeyToken=null" name="AddToWishlistQuickInfoWindow" />
      <Extension>Microsoft.VisualStudio.TestTools.UITesting.CodedUITestAttribute, Microsoft.VisualStudio.QualityTools.CodedUITestFramework, Version=12.0.0.0, Culture=neutral, PublicKeyToken=b03f5f7f11d50a3a</Extension>
    </UnitTest>
    <UnitTest name="SecondCheckoutButtonGuestUser" storage="\\cmp01-ykumar\qatestautomationbuildsdrop\qatestautomation\qatestautomation_20180514.3\cartdisplaytest.dll" id="fc2aed92-b13d-123f-b4ca-3415a10c51b2">
      <DeploymentItems>
        <DeploymentItem filename="TestData\CartDisplayTestData.xml" />
        <DeploymentItem filename="SharedCommonConfig\SharedCommonConfig.xml" />
      </DeploymentItems>
      <TcmInformation testCaseId="7646" testRunId="26974" testResultId="100053" />
      <Execution id="b0b85147-fdee-4469-9b3e-b87d1cbfb764" />
      <Properties>
        <Property>
          <Key>__Tfs_BuildUri__</Key>
          <Value>vstfs:///Build/Build/1903</Value>
        </Property>
        <Property>
          <Key>__Tfs_IsInLabEnvironment__</Key>
          <Value>true</Value>
        </Property>
        <Property>
          <Key>__Tfs_TestRunId__</Key>
          <Value>26974</Value>
        </Property>
        <Property>
          <Key>__Tfs_TestCaseId__</Key>
          <Value>7646</Value>
        </Property>
        <Property>
          <Key>__Tfs_TeamProject__</Key>
          <Value>WebSphere</Value>
        </Property>
        <Property>
          <Key>__Tfs_BuildDirectory__</Key>
          <Value>\\CMP01-YKUMAR\QATestAutomationBuildsDrop\QATestAutomation\QATestAutomation_20180514.3</Value>
        </Property>
        <Property>
          <Key>__Tfs_LabEnvironment__</Key>
          <Value>&lt;?xml version="1.0" encoding="utf-16"?&gt;&lt;LabEnvironment Id="877963a7-28da-4117-9475-1e22fce445cb" Name="CMP01-YKumar" Uri="vstfs:///LabManagement/LabEnvironment/268"&gt;&lt;LabSystems&gt;&lt;LabSystem Name="cmp01-ykumar" ComputerName="CMP01-YKUMAR.horizonhobby.com" Roles="BS2CUIT"&gt;&lt;CustomProperties /&gt;&lt;/LabSystem&gt;&lt;/LabSystems&gt;&lt;/LabEnvironment&gt;</Value>
        </Property>
        <Property>
          <Key>__Tfs_TestConfigurationId__</Key>
          <Value>17</Value>
        </Property>
        <Property>
          <Key>__Tfs_TestPlanId__</Key>
          <Value>13</Value>
        </Property>
        <Property>
          <Key>__Tfs_TestConfigurationName__</Key>
          <Value>Win 7 with IE 11</Value>
        </Property>
        <Property>
          <Key>__Tfs_TestPointId__</Key>
          <Value>110319</Value>
        </Property>
        <Property>
          <Key>__Tfs_TfsServerCollectionUrl__</Key>
          <Value>http://cmp02-app05:8080/tfs/defaultcollection</Value>
        </Property>
        <Property>
          <Key>__Tfs_BuildPlatform__</Key>
          <Value>Any CPU</Value>
        </Property>
        <Property>
          <Key>__Tfs_BuildNumber__</Key>
          <Value>QATestAutomation_20180514.3</Value>
        </Property>
        <Property>
          <Key>__Tfs_BuildFlavor__</Key>
          <Value>Debug</Value>
        </Property>
        <Property>
          <Key>__Tfs_BuildConfigurationId__</Key>
          <Value>26978</Value>
        </Property>
      </Properties>
      <TestMethod codeBase="file://CMP01-YKUMAR/QATestAutomationBuildsDrop/QATestAutomation/QATestAutomation_20180514.3/CartDisplayTest.DLL" adapterTypeName="Microsoft.VisualStudio.TestTools.TestTypes.Unit.UnitTestAdapter, Microsoft.VisualStudio.QualityTools.Tips.UnitTest.Adapter, Version=12.0.0.0, Culture=neutral, PublicKeyToken=b03f5f7f11d50a3a" className="TestAuto.CartDisplayTest, CartDisplayTest, Version=1.0.0.0, Culture=neutral, PublicKeyToken=null" name="SecondCheckoutButtonGuestUser" />
      <Extension>Microsoft.VisualStudio.TestTools.UITesting.CodedUITestAttribute, Microsoft.VisualStudio.QualityTools.CodedUITestFramework, Version=12.0.0.0, Culture=neutral, PublicKeyToken=b03f5f7f11d50a3a</Extension>
    </UnitTest>
    <UnitTest name="AffirmPromotionMessageOnProductPage" storage="\\cmp01-ykumar\qatestautomationbuildsdrop\qatestautomation\qatestautomation_20180514.3\productpagetest.dll" id="b0b77c4a-4f91-b581-b588-dd4bb8fe9b11">
      <DeploymentItems>
        <DeploymentItem filename="TestData\ProductPageTestData.xml" />
        <DeploymentItem filename="SharedCommonConfig\SharedCommonConfig.xml" />
      </DeploymentItems>
      <TcmInformation testCaseId="8546" testRunId="26974" testResultId="100056" />
      <Execution id="8f3c595f-2846-4342-8db4-e254b5e6ab83" />
      <Properties>
        <Property>
          <Key>__Tfs_BuildUri__</Key>
          <Value>vstfs:///Build/Build/1903</Value>
        </Property>
        <Property>
          <Key>__Tfs_IsInLabEnvironment__</Key>
          <Value>true</Value>
        </Property>
        <Property>
          <Key>__Tfs_TestRunId__</Key>
          <Value>26974</Value>
        </Property>
        <Property>
          <Key>__Tfs_TestCaseId__</Key>
          <Value>8546</Value>
        </Property>
        <Property>
          <Key>__Tfs_TeamProject__</Key>
          <Value>WebSphere</Value>
        </Property>
        <Property>
          <Key>__Tfs_BuildDirectory__</Key>
          <Value>\\CMP01-YKUMAR\QATestAutomationBuildsDrop\QATestAutomation\QATestAutomation_20180514.3</Value>
        </Property>
        <Property>
          <Key>__Tfs_LabEnvironment__</Key>
          <Value>&lt;?xml version="1.0" encoding="utf-16"?&gt;&lt;LabEnvironment Id="877963a7-28da-4117-9475-1e22fce445cb" Name="CMP01-YKumar" Uri="vstfs:///LabManagement/LabEnvironment/268"&gt;&lt;LabSystems&gt;&lt;LabSystem Name="cmp01-ykumar" ComputerName="CMP01-YKUMAR.horizonhobby.com" Roles="BS2CUIT"&gt;&lt;CustomProperties /&gt;&lt;/LabSystem&gt;&lt;/LabSystems&gt;&lt;/LabEnvironment&gt;</Value>
        </Property>
        <Property>
          <Key>__Tfs_TestConfigurationId__</Key>
          <Value>17</Value>
        </Property>
        <Property>
          <Key>__Tfs_TestPlanId__</Key>
          <Value>13</Value>
        </Property>
        <Property>
          <Key>__Tfs_TestConfigurationName__</Key>
          <Value>Win 7 with IE 11</Value>
        </Property>
        <Property>
          <Key>__Tfs_TestPointId__</Key>
          <Value>110322</Value>
        </Property>
        <Property>
          <Key>__Tfs_TfsServerCollectionUrl__</Key>
          <Value>http://cmp02-app05:8080/tfs/defaultcollection</Value>
        </Property>
        <Property>
          <Key>__Tfs_BuildPlatform__</Key>
          <Value>Any CPU</Value>
        </Property>
        <Property>
          <Key>__Tfs_BuildNumber__</Key>
          <Value>QATestAutomation_20180514.3</Value>
        </Property>
        <Property>
          <Key>__Tfs_BuildFlavor__</Key>
          <Value>Debug</Value>
        </Property>
        <Property>
          <Key>__Tfs_BuildConfigurationId__</Key>
          <Value>26978</Value>
        </Property>
      </Properties>
      <TestMethod codeBase="file://CMP01-YKUMAR/QATestAutomationBuildsDrop/QATestAutomation/QATestAutomation_20180514.3/ProductPageTest.DLL" adapterTypeName="Microsoft.VisualStudio.TestTools.TestTypes.Unit.UnitTestAdapter, Microsoft.VisualStudio.QualityTools.Tips.UnitTest.Adapter, Version=12.0.0.0, Culture=neutral, PublicKeyToken=b03f5f7f11d50a3a" className="TestAuto.ProductPageTest, ProductPageTest, Version=1.0.0.0, Culture=neutral, PublicKeyToken=null" name="AffirmPromotionMessageOnProductPage" />
      <Extension>Microsoft.VisualStudio.TestTools.UITesting.CodedUITestAttribute, Microsoft.VisualStudio.QualityTools.CodedUITestFramework, Version=12.0.0.0, Culture=neutral, PublicKeyToken=b03f5f7f11d50a3a</Extension>
    </UnitTest>
    <UnitTest name="AffirmPromotionMessageOnShoppingCartPage" storage="\\cmp01-ykumar\qatestautomationbuildsdrop\qatestautomation\qatestautomation_20180514.3\cartdisplaytest.dll" id="030d9fc9-3b7b-9ae0-5a95-356745756623">
      <DeploymentItems>
        <DeploymentItem filename="TestData\CartDisplayTestData.xml" />
        <DeploymentItem filename="SharedCommonConfig\SharedCommonConfig.xml" />
      </DeploymentItems>
      <TcmInformation testCaseId="8547" testRunId="26974" testResultId="100057" />
      <Execution id="086d37b5-9683-44b4-8e7c-d501fa661d84" />
      <Properties>
        <Property>
          <Key>__Tfs_BuildUri__</Key>
          <Value>vstfs:///Build/Build/1903</Value>
        </Property>
        <Property>
          <Key>__Tfs_IsInLabEnvironment__</Key>
          <Value>true</Value>
        </Property>
        <Property>
          <Key>__Tfs_TestRunId__</Key>
          <Value>26974</Value>
        </Property>
        <Property>
          <Key>__Tfs_TestCaseId__</Key>
          <Value>8547</Value>
        </Property>
        <Property>
          <Key>__Tfs_TeamProject__</Key>
          <Value>WebSphere</Value>
        </Property>
        <Property>
          <Key>__Tfs_BuildDirectory__</Key>
          <Value>\\CMP01-YKUMAR\QATestAutomationBuildsDrop\QATestAutomation\QATestAutomation_20180514.3</Value>
        </Property>
        <Property>
          <Key>__Tfs_LabEnvironment__</Key>
          <Value>&lt;?xml version="1.0" encoding="utf-16"?&gt;&lt;LabEnvironment Id="877963a7-28da-4117-9475-1e22fce445cb" Name="CMP01-YKumar" Uri="vstfs:///LabManagement/LabEnvironment/268"&gt;&lt;LabSystems&gt;&lt;LabSystem Name="cmp01-ykumar" ComputerName="CMP01-YKUMAR.horizonhobby.com" Roles="BS2CUIT"&gt;&lt;CustomProperties /&gt;&lt;/LabSystem&gt;&lt;/LabSystems&gt;&lt;/LabEnvironment&gt;</Value>
        </Property>
        <Property>
          <Key>__Tfs_TestConfigurationId__</Key>
          <Value>17</Value>
        </Property>
        <Property>
          <Key>__Tfs_TestPlanId__</Key>
          <Value>13</Value>
        </Property>
        <Property>
          <Key>__Tfs_TestConfigurationName__</Key>
          <Value>Win 7 with IE 11</Value>
        </Property>
        <Property>
          <Key>__Tfs_TestPointId__</Key>
          <Value>110323</Value>
        </Property>
        <Property>
          <Key>__Tfs_TfsServerCollectionUrl__</Key>
          <Value>http://cmp02-app05:8080/tfs/defaultcollection</Value>
        </Property>
        <Property>
          <Key>__Tfs_BuildPlatform__</Key>
          <Value>Any CPU</Value>
        </Property>
        <Property>
          <Key>__Tfs_BuildNumber__</Key>
          <Value>QATestAutomation_20180514.3</Value>
        </Property>
        <Property>
          <Key>__Tfs_BuildFlavor__</Key>
          <Value>Debug</Value>
        </Property>
        <Property>
          <Key>__Tfs_BuildConfigurationId__</Key>
          <Value>26978</Value>
        </Property>
      </Properties>
      <TestMethod codeBase="file://CMP01-YKUMAR/QATestAutomationBuildsDrop/QATestAutomation/QATestAutomation_20180514.3/CartDisplayTest.DLL" adapterTypeName="Microsoft.VisualStudio.TestTools.TestTypes.Unit.UnitTestAdapter, Microsoft.VisualStudio.QualityTools.Tips.UnitTest.Adapter, Version=12.0.0.0, Culture=neutral, PublicKeyToken=b03f5f7f11d50a3a" className="TestAuto.CartDisplayTest, CartDisplayTest, Version=1.0.0.0, Culture=neutral, PublicKeyToken=null" name="AffirmPromotionMessageOnShoppingCartPage" />
      <Extension>Microsoft.VisualStudio.TestTools.UITesting.CodedUITestAttribute, Microsoft.VisualStudio.QualityTools.CodedUITestFramework, Version=12.0.0.0, Culture=neutral, PublicKeyToken=b03f5f7f11d50a3a</Extension>
    </UnitTest>
    <UnitTest name="ShoppingCartProductExclusion" storage="\\cmp01-ykumar\qatestautomationbuildsdrop\qatestautomation\qatestautomation_20180514.3\borderfree.dll" id="0f45a732-09ea-e362-9222-cd27f8f983e8">
      <DeploymentItems>
        <DeploymentItem filename="TestData\BorderFreeTestData.xml" />
        <DeploymentItem filename="SharedCommonConfig\SharedCommonConfig.xml" />
      </DeploymentItems>
      <TcmInformation testCaseId="5130" testRunId="26974" testResultId="100024" />
      <Execution id="02e25375-812a-4323-88b3-86bb21e9bc2d" />
      <Properties>
        <Property>
          <Key>__Tfs_BuildUri__</Key>
          <Value>vstfs:///Build/Build/1903</Value>
        </Property>
        <Property>
          <Key>__Tfs_IsInLabEnvironment__</Key>
          <Value>true</Value>
        </Property>
        <Property>
          <Key>__Tfs_TestRunId__</Key>
          <Value>26974</Value>
        </Property>
        <Property>
          <Key>__Tfs_TestCaseId__</Key>
          <Value>5130</Value>
        </Property>
        <Property>
          <Key>__Tfs_TeamProject__</Key>
          <Value>WebSphere</Value>
        </Property>
        <Property>
          <Key>__Tfs_BuildDirectory__</Key>
          <Value>\\CMP01-YKUMAR\QATestAutomationBuildsDrop\QATestAutomation\QATestAutomation_20180514.3</Value>
        </Property>
        <Property>
          <Key>__Tfs_LabEnvironment__</Key>
          <Value>&lt;?xml version="1.0" encoding="utf-16"?&gt;&lt;LabEnvironment Id="877963a7-28da-4117-9475-1e22fce445cb" Name="CMP01-YKumar" Uri="vstfs:///LabManagement/LabEnvironment/268"&gt;&lt;LabSystems&gt;&lt;LabSystem Name="cmp01-ykumar" ComputerName="CMP01-YKUMAR.horizonhobby.com" Roles="BS2CUIT"&gt;&lt;CustomProperties /&gt;&lt;/LabSystem&gt;&lt;/LabSystems&gt;&lt;/LabEnvironment&gt;</Value>
        </Property>
        <Property>
          <Key>__Tfs_TestConfigurationId__</Key>
          <Value>17</Value>
        </Property>
        <Property>
          <Key>__Tfs_TestPlanId__</Key>
          <Value>13</Value>
        </Property>
        <Property>
          <Key>__Tfs_TestConfigurationName__</Key>
          <Value>Win 7 with IE 11</Value>
        </Property>
        <Property>
          <Key>__Tfs_TestPointId__</Key>
          <Value>110279</Value>
        </Property>
        <Property>
          <Key>__Tfs_TfsServerCollectionUrl__</Key>
          <Value>http://cmp02-app05:8080/tfs/defaultcollection</Value>
        </Property>
        <Property>
          <Key>__Tfs_BuildPlatform__</Key>
          <Value>Any CPU</Value>
        </Property>
        <Property>
          <Key>__Tfs_BuildNumber__</Key>
          <Value>QATestAutomation_20180514.3</Value>
        </Property>
        <Property>
          <Key>__Tfs_BuildFlavor__</Key>
          <Value>Debug</Value>
        </Property>
        <Property>
          <Key>__Tfs_BuildConfigurationId__</Key>
          <Value>26978</Value>
        </Property>
      </Properties>
      <TestMethod codeBase="file://CMP01-YKUMAR/QATestAutomationBuildsDrop/QATestAutomation/QATestAutomation_20180514.3/BorderFree.DLL" adapterTypeName="Microsoft.VisualStudio.TestTools.TestTypes.Unit.UnitTestAdapter, Microsoft.VisualStudio.QualityTools.Tips.UnitTest.Adapter, Version=12.0.0.0, Culture=neutral, PublicKeyToken=b03f5f7f11d50a3a" className="TestAuto.BorderFree, BorderFree, Version=1.0.0.0, Culture=neutral, PublicKeyToken=null" name="ShoppingCartProductExclusion" />
      <Extension>Microsoft.VisualStudio.TestTools.UITesting.CodedUITestAttribute, Microsoft.VisualStudio.QualityTools.CodedUITestFramework, Version=12.0.0.0, Culture=neutral, PublicKeyToken=b03f5f7f11d50a3a</Extension>
    </UnitTest>
    <UnitTest name="ProductReviewQuestionAnswerReviewComment" storage="\\cmp01-ykumar\qatestautomationbuildsdrop\qatestautomation\qatestautomation_20180514.3\productpagetest.dll" id="e4b43ad5-67fc-68cb-e612-10a4fc8dab10">
      <DeploymentItems>
        <DeploymentItem filename="TestData\ProductPageTestData.xml" />
        <DeploymentItem filename="SharedCommonConfig\SharedCommonConfig.xml" />
      </DeploymentItems>
      <TcmInformation testCaseId="6166" testRunId="26974" testResultId="100042" />
      <Execution id="8e3ba439-4a81-4091-8ce0-4a3fb3a41eea" />
      <Properties>
        <Property>
          <Key>__Tfs_BuildUri__</Key>
          <Value>vstfs:///Build/Build/1903</Value>
        </Property>
        <Property>
          <Key>__Tfs_IsInLabEnvironment__</Key>
          <Value>true</Value>
        </Property>
        <Property>
          <Key>__Tfs_TestRunId__</Key>
          <Value>26974</Value>
        </Property>
        <Property>
          <Key>__Tfs_TestCaseId__</Key>
          <Value>6166</Value>
        </Property>
        <Property>
          <Key>__Tfs_TeamProject__</Key>
          <Value>WebSphere</Value>
        </Property>
        <Property>
          <Key>__Tfs_BuildDirectory__</Key>
          <Value>\\CMP01-YKUMAR\QATestAutomationBuildsDrop\QATestAutomation\QATestAutomation_20180514.3</Value>
        </Property>
        <Property>
          <Key>__Tfs_LabEnvironment__</Key>
          <Value>&lt;?xml version="1.0" encoding="utf-16"?&gt;&lt;LabEnvironment Id="877963a7-28da-4117-9475-1e22fce445cb" Name="CMP01-YKumar" Uri="vstfs:///LabManagement/LabEnvironment/268"&gt;&lt;LabSystems&gt;&lt;LabSystem Name="cmp01-ykumar" ComputerName="CMP01-YKUMAR.horizonhobby.com" Roles="BS2CUIT"&gt;&lt;CustomProperties /&gt;&lt;/LabSystem&gt;&lt;/LabSystems&gt;&lt;/LabEnvironment&gt;</Value>
        </Property>
        <Property>
          <Key>__Tfs_TestConfigurationId__</Key>
          <Value>17</Value>
        </Property>
        <Property>
          <Key>__Tfs_TestPlanId__</Key>
          <Value>13</Value>
        </Property>
        <Property>
          <Key>__Tfs_TestConfigurationName__</Key>
          <Value>Win 7 with IE 11</Value>
        </Property>
        <Property>
          <Key>__Tfs_TestPointId__</Key>
          <Value>110307</Value>
        </Property>
        <Property>
          <Key>__Tfs_TfsServerCollectionUrl__</Key>
          <Value>http://cmp02-app05:8080/tfs/defaultcollection</Value>
        </Property>
        <Property>
          <Key>__Tfs_BuildPlatform__</Key>
          <Value>Any CPU</Value>
        </Property>
        <Property>
          <Key>__Tfs_BuildNumber__</Key>
          <Value>QATestAutomation_20180514.3</Value>
        </Property>
        <Property>
          <Key>__Tfs_BuildFlavor__</Key>
          <Value>Debug</Value>
        </Property>
        <Property>
          <Key>__Tfs_BuildConfigurationId__</Key>
          <Value>26978</Value>
        </Property>
      </Properties>
      <TestMethod codeBase="file://CMP01-YKUMAR/QATestAutomationBuildsDrop/QATestAutomation/QATestAutomation_20180514.3/ProductPageTest.DLL" adapterTypeName="Microsoft.VisualStudio.TestTools.TestTypes.Unit.UnitTestAdapter, Microsoft.VisualStudio.QualityTools.Tips.UnitTest.Adapter, Version=12.0.0.0, Culture=neutral, PublicKeyToken=b03f5f7f11d50a3a" className="TestAuto.ProductPageTest, ProductPageTest, Version=1.0.0.0, Culture=neutral, PublicKeyToken=null" name="ProductReviewQuestionAnswerReviewComment" />
      <Extension>Microsoft.VisualStudio.TestTools.UITesting.CodedUITestAttribute, Microsoft.VisualStudio.QualityTools.CodedUITestFramework, Version=12.0.0.0, Culture=neutral, PublicKeyToken=b03f5f7f11d50a3a</Extension>
    </UnitTest>
    <UnitTest name="SwitchFromUSToInternationalShipping" storage="\\cmp01-ykumar\qatestautomationbuildsdrop\qatestautomation\qatestautomation_20180514.3\borderfree.dll" id="cb9cd5f6-f8b1-731b-2bf3-2acf7ea49542">
      <DeploymentItems>
        <DeploymentItem filename="TestData\BorderFreeTestData.xml" />
        <DeploymentItem filename="SharedCommonConfig\SharedCommonConfig.xml" />
      </DeploymentItems>
      <TcmInformation testCaseId="5119" testRunId="26974" testResultId="100022" />
      <Execution id="bf42a9cb-9d11-4379-826e-605bc55368ae" />
      <Properties>
        <Property>
          <Key>__Tfs_BuildUri__</Key>
          <Value>vstfs:///Build/Build/1903</Value>
        </Property>
        <Property>
          <Key>__Tfs_IsInLabEnvironment__</Key>
          <Value>true</Value>
        </Property>
        <Property>
          <Key>__Tfs_TestRunId__</Key>
          <Value>26974</Value>
        </Property>
        <Property>
          <Key>__Tfs_TestCaseId__</Key>
          <Value>5119</Value>
        </Property>
        <Property>
          <Key>__Tfs_TeamProject__</Key>
          <Value>WebSphere</Value>
        </Property>
        <Property>
          <Key>__Tfs_BuildDirectory__</Key>
          <Value>\\CMP01-YKUMAR\QATestAutomationBuildsDrop\QATestAutomation\QATestAutomation_20180514.3</Value>
        </Property>
        <Property>
          <Key>__Tfs_LabEnvironment__</Key>
          <Value>&lt;?xml version="1.0" encoding="utf-16"?&gt;&lt;LabEnvironment Id="877963a7-28da-4117-9475-1e22fce445cb" Name="CMP01-YKumar" Uri="vstfs:///LabManagement/LabEnvironment/268"&gt;&lt;LabSystems&gt;&lt;LabSystem Name="cmp01-ykumar" ComputerName="CMP01-YKUMAR.horizonhobby.com" Roles="BS2CUIT"&gt;&lt;CustomProperties /&gt;&lt;/LabSystem&gt;&lt;/LabSystems&gt;&lt;/LabEnvironment&gt;</Value>
        </Property>
        <Property>
          <Key>__Tfs_TestConfigurationId__</Key>
          <Value>17</Value>
        </Property>
        <Property>
          <Key>__Tfs_TestPlanId__</Key>
          <Value>13</Value>
        </Property>
        <Property>
          <Key>__Tfs_TestConfigurationName__</Key>
          <Value>Win 7 with IE 11</Value>
        </Property>
        <Property>
          <Key>__Tfs_TestPointId__</Key>
          <Value>110277</Value>
        </Property>
        <Property>
          <Key>__Tfs_TfsServerCollectionUrl__</Key>
          <Value>http://cmp02-app05:8080/tfs/defaultcollection</Value>
        </Property>
        <Property>
          <Key>__Tfs_BuildPlatform__</Key>
          <Value>Any CPU</Value>
        </Property>
        <Property>
          <Key>__Tfs_BuildNumber__</Key>
          <Value>QATestAutomation_20180514.3</Value>
        </Property>
        <Property>
          <Key>__Tfs_BuildFlavor__</Key>
          <Value>Debug</Value>
        </Property>
        <Property>
          <Key>__Tfs_BuildConfigurationId__</Key>
          <Value>26978</Value>
        </Property>
      </Properties>
      <TestMethod codeBase="file://CMP01-YKUMAR/QATestAutomationBuildsDrop/QATestAutomation/QATestAutomation_20180514.3/BorderFree.DLL" adapterTypeName="Microsoft.VisualStudio.TestTools.TestTypes.Unit.UnitTestAdapter, Microsoft.VisualStudio.QualityTools.Tips.UnitTest.Adapter, Version=12.0.0.0, Culture=neutral, PublicKeyToken=b03f5f7f11d50a3a" className="TestAuto.BorderFree, BorderFree, Version=1.0.0.0, Culture=neutral, PublicKeyToken=null" name="SwitchFromUSToInternationalShipping" />
      <Extension>Microsoft.VisualStudio.TestTools.UITesting.CodedUITestAttribute, Microsoft.VisualStudio.QualityTools.CodedUITestFramework, Version=12.0.0.0, Culture=neutral, PublicKeyToken=b03f5f7f11d50a3a</Extension>
    </UnitTest>
    <UnitTest name="CheckoutChangeCountryFromCart" storage="\\cmp01-ykumar\qatestautomationbuildsdrop\qatestautomation\qatestautomation_20180514.3\borderfree.dll" id="cb6178eb-e764-d9cf-32c9-c2fd3f8cc531">
      <DeploymentItems>
        <DeploymentItem filename="TestData\BorderFreeTestData.xml" />
        <DeploymentItem filename="SharedCommonConfig\SharedCommonConfig.xml" />
      </DeploymentItems>
      <TcmInformation testCaseId="5110" testRunId="26974" testResultId="100017" />
      <Execution id="3b7e7743-4181-45f7-9f87-2cf2d0ea7ea9" />
      <Properties>
        <Property>
          <Key>__Tfs_BuildUri__</Key>
          <Value>vstfs:///Build/Build/1903</Value>
        </Property>
        <Property>
          <Key>__Tfs_IsInLabEnvironment__</Key>
          <Value>true</Value>
        </Property>
        <Property>
          <Key>__Tfs_TestRunId__</Key>
          <Value>26974</Value>
        </Property>
        <Property>
          <Key>__Tfs_TestCaseId__</Key>
          <Value>5110</Value>
        </Property>
        <Property>
          <Key>__Tfs_TeamProject__</Key>
          <Value>WebSphere</Value>
        </Property>
        <Property>
          <Key>__Tfs_BuildDirectory__</Key>
          <Value>\\CMP01-YKUMAR\QATestAutomationBuildsDrop\QATestAutomation\QATestAutomation_20180514.3</Value>
        </Property>
        <Property>
          <Key>__Tfs_LabEnvironment__</Key>
          <Value>&lt;?xml version="1.0" encoding="utf-16"?&gt;&lt;LabEnvironment Id="877963a7-28da-4117-9475-1e22fce445cb" Name="CMP01-YKumar" Uri="vstfs:///LabManagement/LabEnvironment/268"&gt;&lt;LabSystems&gt;&lt;LabSystem Name="cmp01-ykumar" ComputerName="CMP01-YKUMAR.horizonhobby.com" Roles="BS2CUIT"&gt;&lt;CustomProperties /&gt;&lt;/LabSystem&gt;&lt;/LabSystems&gt;&lt;/LabEnvironment&gt;</Value>
        </Property>
        <Property>
          <Key>__Tfs_TestConfigurationId__</Key>
          <Value>17</Value>
        </Property>
        <Property>
          <Key>__Tfs_TestPlanId__</Key>
          <Value>13</Value>
        </Property>
        <Property>
          <Key>__Tfs_TestConfigurationName__</Key>
          <Value>Win 7 with IE 11</Value>
        </Property>
        <Property>
          <Key>__Tfs_TestPointId__</Key>
          <Value>110272</Value>
        </Property>
        <Property>
          <Key>__Tfs_TfsServerCollectionUrl__</Key>
          <Value>http://cmp02-app05:8080/tfs/defaultcollection</Value>
        </Property>
        <Property>
          <Key>__Tfs_BuildPlatform__</Key>
          <Value>Any CPU</Value>
        </Property>
        <Property>
          <Key>__Tfs_BuildNumber__</Key>
          <Value>QATestAutomation_20180514.3</Value>
        </Property>
        <Property>
          <Key>__Tfs_BuildFlavor__</Key>
          <Value>Debug</Value>
        </Property>
        <Property>
          <Key>__Tfs_BuildConfigurationId__</Key>
          <Value>26978</Value>
        </Property>
      </Properties>
      <TestMethod codeBase="file://CMP01-YKUMAR/QATestAutomationBuildsDrop/QATestAutomation/QATestAutomation_20180514.3/BorderFree.DLL" adapterTypeName="Microsoft.VisualStudio.TestTools.TestTypes.Unit.UnitTestAdapter, Microsoft.VisualStudio.QualityTools.Tips.UnitTest.Adapter, Version=12.0.0.0, Culture=neutral, PublicKeyToken=b03f5f7f11d50a3a" className="TestAuto.BorderFree, BorderFree, Version=1.0.0.0, Culture=neutral, PublicKeyToken=null" name="CheckoutChangeCountryFromCart" />
      <Extension>Microsoft.VisualStudio.TestTools.UITesting.CodedUITestAttribute, Microsoft.VisualStudio.QualityTools.CodedUITestFramework, Version=12.0.0.0, Culture=neutral, PublicKeyToken=b03f5f7f11d50a3a</Extension>
    </UnitTest>
    <UnitTest name="EnvoyCheckoutMilitaryAndUSTerritoryShippingAddresses" storage="\\cmp01-ykumar\qatestautomationbuildsdrop\qatestautomation\qatestautomation_20180514.3\borderfree.dll" id="45b1a834-6dba-8125-6aa8-bec09e7d335a">
      <DeploymentItems>
        <DeploymentItem filename="TestData\BorderFreeTestData.xml" />
        <DeploymentItem filename="SharedCommonConfig\SharedCommonConfig.xml" />
      </DeploymentItems>
      <TcmInformation testCaseId="4506" testRunId="26974" testResultId="100009" />
      <Execution id="f293377f-e539-4547-bdd3-82ea32c8b3fb" />
      <Properties>
        <Property>
          <Key>__Tfs_BuildUri__</Key>
          <Value>vstfs:///Build/Build/1903</Value>
        </Property>
        <Property>
          <Key>__Tfs_IsInLabEnvironment__</Key>
          <Value>true</Value>
        </Property>
        <Property>
          <Key>__Tfs_TestRunId__</Key>
          <Value>26974</Value>
        </Property>
        <Property>
          <Key>__Tfs_TestCaseId__</Key>
          <Value>4506</Value>
        </Property>
        <Property>
          <Key>__Tfs_TeamProject__</Key>
          <Value>WebSphere</Value>
        </Property>
        <Property>
          <Key>__Tfs_BuildDirectory__</Key>
          <Value>\\CMP01-YKUMAR\QATestAutomationBuildsDrop\QATestAutomation\QATestAutomation_20180514.3</Value>
        </Property>
        <Property>
          <Key>__Tfs_LabEnvironment__</Key>
          <Value>&lt;?xml version="1.0" encoding="utf-16"?&gt;&lt;LabEnvironment Id="877963a7-28da-4117-9475-1e22fce445cb" Name="CMP01-YKumar" Uri="vstfs:///LabManagement/LabEnvironment/268"&gt;&lt;LabSystems&gt;&lt;LabSystem Name="cmp01-ykumar" ComputerName="CMP01-YKUMAR.horizonhobby.com" Roles="BS2CUIT"&gt;&lt;CustomProperties /&gt;&lt;/LabSystem&gt;&lt;/LabSystems&gt;&lt;/LabEnvironment&gt;</Value>
        </Property>
        <Property>
          <Key>__Tfs_TestConfigurationId__</Key>
          <Value>17</Value>
        </Property>
        <Property>
          <Key>__Tfs_TestPlanId__</Key>
          <Value>13</Value>
        </Property>
        <Property>
          <Key>__Tfs_TestConfigurationName__</Key>
          <Value>Win 7 with IE 11</Value>
        </Property>
        <Property>
          <Key>__Tfs_TestPointId__</Key>
          <Value>110264</Value>
        </Property>
        <Property>
          <Key>__Tfs_TfsServerCollectionUrl__</Key>
          <Value>http://cmp02-app05:8080/tfs/defaultcollection</Value>
        </Property>
        <Property>
          <Key>__Tfs_BuildPlatform__</Key>
          <Value>Any CPU</Value>
        </Property>
        <Property>
          <Key>__Tfs_BuildNumber__</Key>
          <Value>QATestAutomation_20180514.3</Value>
        </Property>
        <Property>
          <Key>__Tfs_BuildFlavor__</Key>
          <Value>Debug</Value>
        </Property>
        <Property>
          <Key>__Tfs_BuildConfigurationId__</Key>
          <Value>26978</Value>
        </Property>
      </Properties>
      <TestMethod codeBase="file://CMP01-YKUMAR/QATestAutomationBuildsDrop/QATestAutomation/QATestAutomation_20180514.3/BorderFree.DLL" adapterTypeName="Microsoft.VisualStudio.TestTools.TestTypes.Unit.UnitTestAdapter, Microsoft.VisualStudio.QualityTools.Tips.UnitTest.Adapter, Version=12.0.0.0, Culture=neutral, PublicKeyToken=b03f5f7f11d50a3a" className="TestAuto.BorderFree, BorderFree, Version=1.0.0.0, Culture=neutral, PublicKeyToken=null" name="EnvoyCheckoutMilitaryAndUSTerritoryShippingAddresses" />
      <Extension>Microsoft.VisualStudio.TestTools.UITesting.CodedUITestAttribute, Microsoft.VisualStudio.QualityTools.CodedUITestFramework, Version=12.0.0.0, Culture=neutral, PublicKeyToken=b03f5f7f11d50a3a</Extension>
    </UnitTest>
    <UnitTest name="ChangeToUSAddressFromBorderFreeCheckoutProcess" storage="\\cmp01-ykumar\qatestautomationbuildsdrop\qatestautomation\qatestautomation_20180514.3\borderfree.dll" id="6e1fe203-b9fd-05bc-7ba1-69539f6ed3c1">
      <DeploymentItems>
        <DeploymentItem filename="TestData\BorderFreeTestData.xml" />
        <DeploymentItem filename="SharedCommonConfig\SharedCommonConfig.xml" />
      </DeploymentItems>
      <TcmInformation testCaseId="5111" testRunId="26974" testResultId="100018" />
      <Execution id="51009c1b-eaed-4581-8a84-a946e4207bd2" />
      <Properties>
        <Property>
          <Key>__Tfs_BuildUri__</Key>
          <Value>vstfs:///Build/Build/1903</Value>
        </Property>
        <Property>
          <Key>__Tfs_IsInLabEnvironment__</Key>
          <Value>true</Value>
        </Property>
        <Property>
          <Key>__Tfs_TestRunId__</Key>
          <Value>26974</Value>
        </Property>
        <Property>
          <Key>__Tfs_TestCaseId__</Key>
          <Value>5111</Value>
        </Property>
        <Property>
          <Key>__Tfs_TeamProject__</Key>
          <Value>WebSphere</Value>
        </Property>
        <Property>
          <Key>__Tfs_BuildDirectory__</Key>
          <Value>\\CMP01-YKUMAR\QATestAutomationBuildsDrop\QATestAutomation\QATestAutomation_20180514.3</Value>
        </Property>
        <Property>
          <Key>__Tfs_LabEnvironment__</Key>
          <Value>&lt;?xml version="1.0" encoding="utf-16"?&gt;&lt;LabEnvironment Id="877963a7-28da-4117-9475-1e22fce445cb" Name="CMP01-YKumar" Uri="vstfs:///LabManagement/LabEnvironment/268"&gt;&lt;LabSystems&gt;&lt;LabSystem Name="cmp01-ykumar" ComputerName="CMP01-YKUMAR.horizonhobby.com" Roles="BS2CUIT"&gt;&lt;CustomProperties /&gt;&lt;/LabSystem&gt;&lt;/LabSystems&gt;&lt;/LabEnvironment&gt;</Value>
        </Property>
        <Property>
          <Key>__Tfs_TestConfigurationId__</Key>
          <Value>17</Value>
        </Property>
        <Property>
          <Key>__Tfs_TestPlanId__</Key>
          <Value>13</Value>
        </Property>
        <Property>
          <Key>__Tfs_TestConfigurationName__</Key>
          <Value>Win 7 with IE 11</Value>
        </Property>
        <Property>
          <Key>__Tfs_TestPointId__</Key>
          <Value>110273</Value>
        </Property>
        <Property>
          <Key>__Tfs_TfsServerCollectionUrl__</Key>
          <Value>http://cmp02-app05:8080/tfs/defaultcollection</Value>
        </Property>
        <Property>
          <Key>__Tfs_BuildPlatform__</Key>
          <Value>Any CPU</Value>
        </Property>
        <Property>
          <Key>__Tfs_BuildNumber__</Key>
          <Value>QATestAutomation_20180514.3</Value>
        </Property>
        <Property>
          <Key>__Tfs_BuildFlavor__</Key>
          <Value>Debug</Value>
        </Property>
        <Property>
          <Key>__Tfs_BuildConfigurationId__</Key>
          <Value>26978</Value>
        </Property>
      </Properties>
      <TestMethod codeBase="file://CMP01-YKUMAR/QATestAutomationBuildsDrop/QATestAutomation/QATestAutomation_20180514.3/BorderFree.DLL" adapterTypeName="Microsoft.VisualStudio.TestTools.TestTypes.Unit.UnitTestAdapter, Microsoft.VisualStudio.QualityTools.Tips.UnitTest.Adapter, Version=12.0.0.0, Culture=neutral, PublicKeyToken=b03f5f7f11d50a3a" className="TestAuto.BorderFree, BorderFree, Version=1.0.0.0, Culture=neutral, PublicKeyToken=null" name="ChangeToUSAddressFromBorderFreeCheckoutProcess" />
      <Extension>Microsoft.VisualStudio.TestTools.UITesting.CodedUITestAttribute, Microsoft.VisualStudio.QualityTools.CodedUITestFramework, Version=12.0.0.0, Culture=neutral, PublicKeyToken=b03f5f7f11d50a3a</Extension>
    </UnitTest>
    <UnitTest name="ProductComparePage" storage="\\cmp01-ykumar\qatestautomationbuildsdrop\qatestautomation\qatestautomation_20180514.3\borderfree.dll" id="f80a6ce6-1d30-c9e5-57f3-4fc76f5f957b">
      <DeploymentItems>
        <DeploymentItem filename="TestData\BorderFreeTestData.xml" />
        <DeploymentItem filename="SharedCommonConfig\SharedCommonConfig.xml" />
      </DeploymentItems>
      <TcmInformation testCaseId="5227" testRunId="26974" testResultId="100028" />
      <Execution id="ba7d0b43-11e1-477b-87f2-e7b0b8743a93" />
      <Properties>
        <Property>
          <Key>__Tfs_BuildUri__</Key>
          <Value>vstfs:///Build/Build/1903</Value>
        </Property>
        <Property>
          <Key>__Tfs_IsInLabEnvironment__</Key>
          <Value>true</Value>
        </Property>
        <Property>
          <Key>__Tfs_TestRunId__</Key>
          <Value>26974</Value>
        </Property>
        <Property>
          <Key>__Tfs_TestCaseId__</Key>
          <Value>5227</Value>
        </Property>
        <Property>
          <Key>__Tfs_TeamProject__</Key>
          <Value>WebSphere</Value>
        </Property>
        <Property>
          <Key>__Tfs_BuildDirectory__</Key>
          <Value>\\CMP01-YKUMAR\QATestAutomationBuildsDrop\QATestAutomation\QATestAutomation_20180514.3</Value>
        </Property>
        <Property>
          <Key>__Tfs_LabEnvironment__</Key>
          <Value>&lt;?xml version="1.0" encoding="utf-16"?&gt;&lt;LabEnvironment Id="877963a7-28da-4117-9475-1e22fce445cb" Name="CMP01-YKumar" Uri="vstfs:///LabManagement/LabEnvironment/268"&gt;&lt;LabSystems&gt;&lt;LabSystem Name="cmp01-ykumar" ComputerName="CMP01-YKUMAR.horizonhobby.com" Roles="BS2CUIT"&gt;&lt;CustomProperties /&gt;&lt;/LabSystem&gt;&lt;/LabSystems&gt;&lt;/LabEnvironment&gt;</Value>
        </Property>
        <Property>
          <Key>__Tfs_TestConfigurationId__</Key>
          <Value>17</Value>
        </Property>
        <Property>
          <Key>__Tfs_TestPlanId__</Key>
          <Value>13</Value>
        </Property>
        <Property>
          <Key>__Tfs_TestConfigurationName__</Key>
          <Value>Win 7 with IE 11</Value>
        </Property>
        <Property>
          <Key>__Tfs_TestPointId__</Key>
          <Value>110284</Value>
        </Property>
        <Property>
          <Key>__Tfs_TfsServerCollectionUrl__</Key>
          <Value>http://cmp02-app05:8080/tfs/defaultcollection</Value>
        </Property>
        <Property>
          <Key>__Tfs_BuildPlatform__</Key>
          <Value>Any CPU</Value>
        </Property>
        <Property>
          <Key>__Tfs_BuildNumber__</Key>
          <Value>QATestAutomation_20180514.3</Value>
        </Property>
        <Property>
          <Key>__Tfs_BuildFlavor__</Key>
          <Value>Debug</Value>
        </Property>
        <Property>
          <Key>__Tfs_BuildConfigurationId__</Key>
          <Value>26978</Value>
        </Property>
      </Properties>
      <TestMethod codeBase="file://CMP01-YKUMAR/QATestAutomationBuildsDrop/QATestAutomation/QATestAutomation_20180514.3/BorderFree.DLL" adapterTypeName="Microsoft.VisualStudio.TestTools.TestTypes.Unit.UnitTestAdapter, Microsoft.VisualStudio.QualityTools.Tips.UnitTest.Adapter, Version=12.0.0.0, Culture=neutral, PublicKeyToken=b03f5f7f11d50a3a" className="TestAuto.BorderFree, BorderFree, Version=1.0.0.0, Culture=neutral, PublicKeyToken=null" name="ProductComparePage" />
      <Extension>Microsoft.VisualStudio.TestTools.UITesting.CodedUITestAttribute, Microsoft.VisualStudio.QualityTools.CodedUITestFramework, Version=12.0.0.0, Culture=neutral, PublicKeyToken=b03f5f7f11d50a3a</Extension>
    </UnitTest>
    <UnitTest name="LocalizationHeaderDisplay" storage="\\cmp01-ykumar\qatestautomationbuildsdrop\qatestautomation\qatestautomation_20180514.3\borderfree.dll" id="92a77678-fa66-5044-0e88-a87f571a2c55">
      <DeploymentItems>
        <DeploymentItem filename="TestData\BorderFreeTestData.xml" />
        <DeploymentItem filename="SharedCommonConfig\SharedCommonConfig.xml" />
      </DeploymentItems>
      <TcmInformation testCaseId="5131" testRunId="26974" testResultId="100025" />
      <Execution id="5240e5cb-40b3-49a9-b153-e201c64e0ec5" />
      <Properties>
        <Property>
          <Key>__Tfs_BuildUri__</Key>
          <Value>vstfs:///Build/Build/1903</Value>
        </Property>
        <Property>
          <Key>__Tfs_IsInLabEnvironment__</Key>
          <Value>true</Value>
        </Property>
        <Property>
          <Key>__Tfs_TestRunId__</Key>
          <Value>26974</Value>
        </Property>
        <Property>
          <Key>__Tfs_TestCaseId__</Key>
          <Value>5131</Value>
        </Property>
        <Property>
          <Key>__Tfs_TeamProject__</Key>
          <Value>WebSphere</Value>
        </Property>
        <Property>
          <Key>__Tfs_BuildDirectory__</Key>
          <Value>\\CMP01-YKUMAR\QATestAutomationBuildsDrop\QATestAutomation\QATestAutomation_20180514.3</Value>
        </Property>
        <Property>
          <Key>__Tfs_LabEnvironment__</Key>
[...]
TechnologyName:  'Web'
ControlType:  'Hyperlink'
TagName:  'A'
Id:  'GotoCartButton1'
Name:  ''
Target:  ''
InnerText:  'Go to Cart'
 ---&gt; System.Runtime.InteropServices.COMException: Exception from HRESULT: 0xF004F002
   at Microsoft.VisualStudio.TestTools.UITest.Playback.Engine.IScreenElement.MouseButtonClick(Int32 x, Int32 y, Int32 nButton, Int32 fEnsureVisible, String bstrKeyModifiers)
   at Microsoft.VisualStudio.TestTools.UITest.Playback.ScreenElement.MouseButtonClick(Int32 x, Int32 y, MouseButtons button, ModifierKeys modifierKeys, Int32 ensureVisible)
   at Microsoft.VisualStudio.TestTools.UITesting.UITestControl.Click(MouseButtons button, ModifierKeys modifierKeys, Point relativeCoordinates)
   --- End of inner exception stack trace ---
   at Microsoft.VisualStudio.TestTools.UITesting.Playback.MapAndThrowComException(COMException innerException, IPlaybackContext context)
   at Microsoft.VisualStudio.TestTools.UITesting.Playback.MapAndThrowException(SystemException exception, IPlaybackContext context)
   at Microsoft.VisualStudio.TestTools.UITesting.Playback.MapAndThrowException(SystemException exception, String actionName, UITestControl uiControl, Point point)
   at Microsoft.VisualStudio.TestTools.UITesting.UITestControl.Click(MouseButtons button, ModifierKeys modifierKeys, Point relativeCoordinates)
   at Microsoft.VisualStudio.TestTools.UITesting.UITestActionExecutorCore.Click(UITestControl control, MouseButtons button, ModifierKeys modifierKeys, Point relativeCoordinate)
   at Microsoft.VisualStudio.TestTools.UITesting.Mouse.ClickImplementation(UITestControl control, MouseButtons button, ModifierKeys modifierKeys, Point relativeCoordinate)
   at Microsoft.VisualStudio.TestTools.UITesting.Mouse.&lt;&gt;c__DisplayClass6.&lt;Click&gt;b__5()
   at Microsoft.VisualStudio.TestTools.UITesting.CodedUITestMethodInvoker.InvokeMethod[T](Func`1 function, UITestControl control, Boolean firePlaybackErrorEvent, Boolean logAsAction)
   at Microsoft.VisualStudio.TestTools.UITesting.Mouse.Click(UITestControl control, MouseButtons button, ModifierKeys modifierKeys, Point relativeCoordinate)
   at Microsoft.VisualStudio.TestTools.UITesting.Mouse.Click(UITestControl control)
   at TestAuto.LoggingAndSharedGenericMethods.MouseClick(UITestControl uiMenuItemTestControl) in c:\Builds\1\WebSphere\QATestAutomation\src\CodedUITest\SourceCode\Common\Logging\SharedMethods_Generic.cs:line 785, 
    StackTrace:
    MouseClick(),SharedMethods_Generic.cs,Line Number:822
    GoToCartClick(),SharedCartPopUp.cs,Line Number:129
    CommonWorkflowComplete(),SharedApplicationCommon.cs,Line Number:1956
    CommonWorkflowComplete(),SharedApplicationCommon.cs,Line Number:2055
    AffirmPromotionMessageOnShoppingCartPage(),CartDisplay.cs,Line Number:4803</Message>
          <Message>[5/15/2018 1:34:46 AM]&lt;CaptureImage&gt;\\CMP01-YKumar\AutoLog\CMP01-YKUMAR\AffirmPromotionMessageOnShoppingCartPage_20180515013446.png</Message>
          <Message>[5/15/2018 1:34:46 AM]&lt;INFO&gt;ContinueOnCertificationErrorClickexecuting ...</Message>
          <Message>[5/15/2018 1:34:51 AM]&lt;Info&gt;AllBrowserWindow : Locating browser window...</Message>
          <Message>Assert.Fail failed. [5/15/2018 1:35:13 AM]&lt;Error&gt;AllBrowserWindow : failed executing ...Unable to find Windows Internet Explorer window with 'Shopping Cart - Microsoft Internet Explorer provided by Horizon Hobby' in the title., 
    StackTrace:
    AllBrowserWindow(),SharedBorderFree.cs,Line Number:1037
    AffirmPromotionMessageOnShoppingCartPage(),CartDisplay.cs,Line Number:4807</Message>
          <Message>[5/15/2018 1:35:13 AM]&lt;CaptureImage&gt;\\CMP01-YKumar\AutoLog\CMP01-YKUMAR\AffirmPromotionMessageOnShoppingCartPage_20180515013513.png</Message>
          <Message>[5/15/2018 1:35:23 AM]&lt;PASS&gt;&lt;AffirmPromotionMessageOnShoppingCartPage&gt;&lt;Validate that Affirm as low as message is not displayed &gt;</Message>
          <Message>[5/15/2018 1:35:23 AM]&lt;RESULT&gt;Test Ended:#PASS=6, #FAIL=0,#Other errors=8</Message>
          <Message>[5/15/2018 1:35:24 AM]&lt;INFO&gt;LogCPUAndMemoryUsage: Available Memory = 25152(MB), CPU Usage = 0.8435165%</Message>
          <Message>[5/15/2018 1:35:24 AM]&lt;INFO&gt;Private Working Set for QTAgent32_40, usage=268568 (K)</Message>
          <Message>[5/15/2018 1:35:24 AM]&lt;RESULT&gt;&lt;AffirmPromotionMessageOnShoppingCartPage&gt; Test FAILED: #Other errors=8. See Error Message/logs for further details.</Message>
        </TextMessages>
      </Output>
      <ResultFiles>
        <ResultFile path="CMP01-YKUMAR.horizonhobby.com\AffirmPromotionMessageOnShoppingCartPage_20180515012512.log" />
        <ResultFile path="CMP01-YKUMAR.horizonhobby.com\AffirmPromotionMessageOnShoppingCartPage_20180515012824.png" />
        <ResultFile path="CMP01-YKUMAR.horizonhobby.com\AffirmPromotionMessageOnShoppingCartPage_20180515012907.png" />
        <ResultFile path="CMP01-YKUMAR.horizonhobby.com\AffirmPromotionMessageOnShoppingCartPage_20180515012923.png" />
        <ResultFile path="CMP01-YKUMAR.horizonhobby.com\AffirmPromotionMessageOnShoppingCartPage_20180515012951.png" />
        <ResultFile path="CMP01-YKUMAR.horizonhobby.com\AffirmPromotionMessageOnShoppingCartPage_20180515013022.png" />
        <ResultFile path="CMP01-YKUMAR.horizonhobby.com\AffirmPromotionMessageOnShoppingCartPage_20180515013032.png" />
        <ResultFile path="CMP01-YKUMAR.horizonhobby.com\AffirmPromotionMessageOnShoppingCartPage_20180515013345.png" />
        <ResultFile path="CMP01-YKUMAR.horizonhobby.com\AffirmPromotionMessageOnShoppingCartPage_20180515013429.png" />
        <ResultFile path="CMP01-YKUMAR.horizonhobby.com\AffirmPromotionMessageOnShoppingCartPage_20180515013446.png" />
        <ResultFile path="CMP01-YKUMAR.horizonhobby.com\AffirmPromotionMessageOnShoppingCartPage_20180515013513.png" />
        <ResultFile path="CMP01-YKUMAR.horizonhobby.com\AffirmPromotionMessageOnShoppingCartPage_ResultsONLY_20180515012512.log" />
        <ResultFile path="CMP01-YKUMAR.horizonhobby.com\CartDisplayTestData_012512.xml" />
        <ResultFile path="CMP01-YKUMAR.horizonhobby.com\SharedCommonConfig.xml" />
      </ResultFiles>
    </UnitTestResult>
    <UnitTestResult executionId="dfcdf7da-28f8-4a13-a691-590a754a1101" testId="dde6b755-fcb2-dc1a-cc9e-5654c102de21" testName="HRCCRewardProfileDetails" computerName="CMP01-YKUMAR" duration="00:03:05.7798407" startTime="2018-05-15T01:35:26.9162310-05:00" endTime="2018-05-15T01:38:32.7032310-05:00" testType="13cdc9d9-ddb5-4fa4-a97d-d965ccfc6d4b" outcome="Passed" testListId="8c84fa94-04c1-424b-9868-57a2d4851a1d" relativeResultsDirectory="dfcdf7da-28f8-4a13-a691-590a754a1101">
      <Output>
        <StdOut>Logging to custom path:\\CMP01-YKumar\AutoLog</StdOut>
        <TextMessages>
          <Message>[5/15/2018 1:35:26 AM]&lt;STARTLOG&gt;&lt;HRCCRewardProfileDetails&gt;Test Started: Expecting: #PASS=Undefined and #FAIL=0
Running from MTM=True, running on machine name:CMP01-YKUMAR, user name=ykumar, OS=Microsoft Windows NT 6.1.7601 Service Pack 1, Is64BitOS=True</Message>
          <Message>[5/15/2018 1:35:27 AM]&lt;INFO&gt;LogCPUAndMemoryUsage: Available Memory = 25190(MB), CPU Usage = 33.13138%</Message>
          <Message>[5/15/2018 1:35:27 AM]&lt;INFO&gt;Private Working Set for QTAgent32_40, usage=268668 (K)</Message>
          <Message>[5/15/2018 1:35:28 AM]&lt;INFO&gt;Path To TestConfig xml=C:\Users\ykumar\AppData\Local\VSEQT\QTAgent\26974\CMP01-YKUMAR.horizonhobby.com\Deployment\SharedCommonConfig.xml</Message>
          <Message>[5/15/2018 1:35:28 AM]&lt;INFO&gt;Path To TestData xml=C:\Users\ykumar\AppData\Local\VSEQT\QTAgent\26974\CMP01-YKUMAR.horizonhobby.com\Deployment\MyAccountTestData_013526.xml</Message>
          <Message>[5/15/2018 1:35:28 AM]&lt;INFO&gt;Path To HorizonHobbyQA Application Url=https://www-tst.horizonhobby.com</Message>
          <Message>[5/15/2018 1:35:28 AM]&lt;INFO&gt;HorizonHobbyQA sql connection string=Server=cmp02-ws-tst-db01:50000;Database=TST01DB;UID=wcdbuser;PWD=h0r1z0n;Connect Timeout=30</Message>
          <Message>[5/15/2018 1:35:28 AM]&lt;INFO&gt;Country is := US and language id is := '-1'</Message>
          <Message>[5/15/2018 1:35:28 AM]&lt;INFO&gt;Current browser used for test execution is = 'IE'</Message>
          <Message>[5/15/2018 1:35:32 AM]&lt;INFO&gt;SurveyWindow : method executing ...</Message>
          <Message>[5/15/2018 1:35:38 AM]&lt;INFO&gt;ContinueOnCertificationErrorClickexecuting ...</Message>
          <Message>[5/15/2018 1:35:38 AM]&lt;Info&gt;DEAllBrowserWindow : Locating browser window...</Message>
          <Message>[5/15/2018 1:35:42 AM]&lt;INFO&gt;UserRegistration : method executing ...</Message>
          <Message>[5/15/2018 1:35:42 AM]&lt;Info&gt;AllBrowserWindow : Locating browser window...</Message>
          <Message>[5/15/2018 1:36:03 AM]&lt;Info&gt;AllBrowserWindow : Locating browser window...</Message>
          <Message>[5/15/2018 1:36:18 AM]&lt;INFO&gt;TopGlobalMenuClickexecuting ...MyAccount</Message>
          <Message>[5/15/2018 1:36:19 AM]&lt;Info&gt;AllBrowserWindow : Locating browser window...</Message>
          <Message>[5/15/2018 1:36:19 AM]&lt;Info&gt;AllBrowserWindow : Locating browser window...</Message>
          <Message>[5/15/2018 1:36:23 AM]&lt;Info&gt;AllBrowserWindow : Locating browser window...</Message>
          <Message>[5/15/2018 1:36:29 AM]&lt;Info&gt;AllBrowserWindow : Locating browser window...</Message>
          <Message>[5/15/2018 1:36:29 AM]&lt;Info&gt;AllBrowserWindow : Locating browser window...</Message>
          <Message>[5/15/2018 1:36:32 AM]&lt;Info&gt;AllBrowserWindow : Locating browser window...</Message>
          <Message>[5/15/2018 1:36:33 AM]&lt;PASS&gt;&lt;HRCCRewardProfileDetails&gt;&lt;Validate that Reward Id# is displayed in the Record&gt;</Message>
          <Message>[5/15/2018 1:36:33 AM]&lt;PASS&gt;&lt;HRCCRewardProfileDetails&gt;&lt;validate that User Email is displayed&gt;</Message>
          <Message>[5/15/2018 1:36:33 AM]&lt;PASS&gt;&lt;HRCCRewardProfileDetails&gt;&lt;Validate that User Address is displayed&gt;</Message>
          <Message>[5/15/2018 1:36:33 AM]&lt;PASS&gt;&lt;HRCCRewardProfileDetails&gt;&lt;Validate that Phone Number is displayed&gt;</Message>
          <Message>[5/15/2018 1:36:34 AM]&lt;Info&gt;AllBrowserWindow : Locating browser window...</Message>
          <Message>[5/15/2018 1:36:41 AM]&lt;PASS&gt;&lt;HRCCRewardProfileDetails&gt;&lt;Validate that The Email address field cannot be empty.&gt;</Message>
          <Message>[5/15/2018 1:36:46 AM]&lt;PASS&gt;&lt;HRCCRewardProfileDetails&gt;&lt;Validate that User is not able to update invalid Email Format&gt;</Message>
          <Message>[5/15/2018 1:37:02 AM]&lt;Info&gt;AllBrowserWindow : Locating browser window...</Message>
          <Message>[5/15/2018 1:37:03 AM]&lt;PASS&gt;&lt;HRCCRewardProfileDetails&gt;&lt;Validate that User is not able to update invalid Email Format&gt;</Message>
          <Message>[5/15/2018 1:37:04 AM]&lt;Info&gt;AllBrowserWindow : Locating browser window...</Message>
          <Message>[5/15/2018 1:37:11 AM]&lt;PASS&gt;&lt;HRCCRewardProfileDetails&gt;&lt;Validate that User address field cannot be empty.&gt;</Message>
          <Message>[5/15/2018 1:37:27 AM]&lt;Info&gt;AllBrowserWindow : Locating browser window...</Message>
          <Message>[5/15/2018 1:37:28 AM]&lt;PASS&gt;&lt;HRCCRewardProfileDetails&gt;&lt;validate that User Address is updated successfully&gt;</Message>
          <Message>[5/15/2018 1:37:28 AM]&lt;Info&gt;AllBrowserWindow : Locating browser window...</Message>
          <Message>[5/15/2018 1:37:36 AM]&lt;PASS&gt;&lt;HRCCRewardProfileDetails&gt;&lt;Validate that User Phone field cannot be empty.&gt;</Message>
          <Message>[5/15/2018 1:37:37 AM]&lt;PASS&gt;&lt;HRCCRewardProfileDetails&gt;&lt;Validate that User is able to Update the Phone Number with max 15 length&gt;</Message>
          <Message>[5/15/2018 1:37:44 AM]&lt;PASS&gt;&lt;HRCCRewardProfileDetails&gt;&lt;Validate that User Phone field cannot be empty.&gt;</Message>
          <Message>[5/15/2018 1:38:00 AM]&lt;Info&gt;AllBrowserWindow : Locating browser window...</Message>
          <Message>[5/15/2018 1:38:00 AM]&lt;PASS&gt;&lt;HRCCRewardProfileDetails&gt;&lt;Validate that User Phone is updated successfully&gt;</Message>
          <Message>[5/15/2018 1:38:00 AM]&lt;INFO&gt;DeleteWishlistFromDatabase : method executing</Message>
          <Message>[5/15/2018 1:38:29 AM]&lt;INFO&gt;DeleteWishlistFromDatabase : method executing</Message>
          <Message>[5/15/2018 1:38:29 AM]&lt;RESULT&gt;Test Ended:#PASS=13, #FAIL=0</Message>
          <Message>[5/15/2018 1:38:30 AM]&lt;INFO&gt;LogCPUAndMemoryUsage: Available Memory = 25186(MB), CPU Usage = 2.012358%</Message>
          <Message>[5/15/2018 1:38:30 AM]&lt;INFO&gt;Private Working Set for QTAgent32_40, usage=269204 (K)</Message>
          <Message>[5/15/2018 1:38:30 AM]&lt;RESULT&gt;&lt;HRCCRewardProfileDetails&gt; Test PASSED</Message>
        </TextMessages>
      </Output>
    </UnitTestResult>
    <UnitTestResult executionId="dea567e5-df3a-43a1-ab2a-ea6b29ca0472" testId="e58a3493-6306-79a3-4243-24dce3ab53ea" testName="HRCCOrderConfirmationSignInNonRewardEnabledUser" computerName="CMP01-YKUMAR" duration="00:01:24.8453463" startTime="2018-05-15T01:38:32.7042310-05:00" endTime="2018-05-15T01:39:57.5622310-05:00" testType="13cdc9d9-ddb5-4fa4-a97d-d965ccfc6d4b" outcome="Failed" testListId="8c84fa94-04c1-424b-9868-57a2d4851a1d" relativeResultsDirectory="dea567e5-df3a-43a1-ab2a-ea6b29ca0472">
      <Output>
        <StdOut>Logging to custom path:\\CMP01-YKumar\AutoLog</StdOut>
        <ErrorInfo>
          <Message>Assert.Fail failed. 
#Other errors=3
[Error details below]
&lt;ERROR&gt;[5/15/2018 1:39:30 AM]&lt;ERROR&gt;UserRegistration : failed executing ...Cannot perform 'Click' on the hidden control. Additional Details: 
TechnologyName:  'Web'
ControlType:  'Pane'
TagName:  'SPAN'
Id:  ''
Name:  ''

&lt;ERROR&gt;[5/15/2018 1:39:52 AM]&lt;Error&gt;AllBrowserWindow : failed executing ...Unable to find Windows Internet Explorer window with 'Account Information - Microsoft Internet Explorer provided by Horizon Hobby' in the title.
&lt;ERROR&gt;[5/15/2018 1:39:54 AM]&lt;Error&gt;HRCCOrderConfirmationSignInNonRewardEnabledUser : failed executing ...Index was outside the bounds of the array.</Message>
          <StackTrace>   at TestAuto.LoggingAndSharedGenericMethods.EndTest() in c:\Builds\1\WebSphere\QATestAutomation\src\CodedUITest\SourceCode\Common\Logging\Logging.cs:line 1628
   at TestAuto.MyAccount.TestCleanup() in c:\Builds\1\WebSphere\QATestAutomation\src\CodedUITest\SourceCode\HHobby\MyAccount\MyAccount.cs:line 3165
</StackTrace>
        </ErrorInfo>
        <TextMessages>
          <Message>[5/15/2018 1:38:32 AM]&lt;STARTLOG&gt;&lt;HRCCOrderConfirmationSignInNonRewardEnabledUser&gt;Test Started: Expecting: #PASS=Undefined and #FAIL=0
Running from MTM=True, running on machine name:CMP01-YKUMAR, user name=ykumar, OS=Microsoft Windows NT 6.1.7601 Service Pack 1, Is64BitOS=True</Message>
          <Message>[5/15/2018 1:38:33 AM]&lt;INFO&gt;LogCPUAndMemoryUsage: Available Memory = 25210(MB), CPU Usage = 34.8741%</Message>
          <Message>[5/15/2018 1:38:33 AM]&lt;INFO&gt;Private Working Set for QTAgent32_40, usage=269304 (K)</Message>
          <Message>[5/15/2018 1:38:33 AM]&lt;INFO&gt;Path To TestConfig xml=C:\Users\ykumar\AppData\Local\VSEQT\QTAgent\26974\CMP01-YKUMAR.horizonhobby.com\Deployment\SharedCommonConfig.xml</Message>
          <Message>[5/15/2018 1:38:33 AM]&lt;INFO&gt;Path To TestData xml=C:\Users\ykumar\AppData\Local\VSEQT\QTAgent\26974\CMP01-YKUMAR.horizonhobby.com\Deployment\MyAccountTestData_013832.xml</Message>
          <Message>[5/15/2018 1:38:33 AM]&lt;INFO&gt;Path To HorizonHobbyQA Application Url=https://www-tst.horizonhobby.com</Message>
          <Message>[5/15/2018 1:38:33 AM]&lt;INFO&gt;HorizonHobbyQA sql connection string=Server=cmp02-ws-tst-db01:50000;Database=TST01DB;UID=wcdbuser;PWD=h0r1z0n;Connect Timeout=30</Message>
          <Message>[5/15/2018 1:38:33 AM]&lt;INFO&gt;Country is := US and language id is := '-1'</Message>
          <Message>[5/15/2018 1:38:33 AM]&lt;INFO&gt;Current browser used for test execution is = 'IE'</Message>
          <Message>[5/15/2018 1:38:38 AM]&lt;INFO&gt;SurveyWindow : method executing ...</Message>
          <Message>[5/15/2018 1:38:44 AM]&lt;INFO&gt;ContinueOnCertificationErrorClickexecuting ...</Message>
          <Message>[5/15/2018 1:38:44 AM]&lt;Info&gt;DEAllBrowserWindow : Locating browser window...</Message>
          <Message>[5/15/2018 1:38:48 AM]&lt;INFO&gt;UserRegistration : method executing ...</Message>
          <Message>[5/15/2018 1:38:49 AM]&lt;INFO&gt;DeleteWishlistFromDatabase : method executing</Message>
          <Message>[5/15/2018 1:38:49 AM]&lt;INFO&gt;DeletOrderItem : method executing</Message>
          <Message>[5/15/2018 1:39:17 AM]&lt;Info&gt;AllBrowserWindow : Locating browser window...</Message>
          <Message>Assert.Fail failed. [5/15/2018 1:39:30 AM]&lt;ERROR&gt;UserRegistration : failed executing ...Cannot perform 'Click' on the hidden control. Additional Details: 
TechnologyName:  'Web'
ControlType:  'Pane'
TagName:  'SPAN'
Id:  ''
Name:  ''
, 
    StackTrace:
    UserRegistration(),SharedUserRegistration.cs,Line Number:836
    RegisterNewUser(),SharedUserRegistration.cs,Line Number:1158
    HRCCOrderConfirmationSignInNonRewardEnabledUser(),MyAccount.cs,Line Number:2788</Message>
          <Message>[5/15/2018 1:39:30 AM]&lt;CaptureImage&gt;\\CMP01-YKumar\AutoLog\CMP01-YKUMAR\HRCCOrderConfirmationSignInNonRewardEnabledUser_20180515013930.png</Message>
          <Message>[5/15/2018 1:39:30 AM]&lt;Info&gt;AllBrowserWindow : Locating browser window...</Message>
          <Message>Assert.Fail failed. [5/15/2018 1:39:52 AM]&lt;Error&gt;AllBrowserWindow : failed executing ...Unable to find Windows Internet Explorer window with 'Account Information - Microsoft Internet Explorer provided by Horizon Hobby' in the title., 
    StackTrace:
    AllBrowserWindow(),SharedBorderFree.cs,Line Number:1037
    UnselectHobbiesInterestedIn(),SharedMyAccount.cs,Line Number:191
    HRCCOrderConfirmationSignInNonRewardEnabledUser(),MyAccount.cs,Line Number:2790</Message>
          <Message>[5/15/2018 1:39:52 AM]&lt;CaptureImage&gt;\\CMP01-YKumar\AutoLog\CMP01-YKUMAR\HRCCOrderConfirmationSignInNonRewardEnabledUser_20180515013952.png</Message>
          <Message>Assert.Fail failed. [5/15/2018 1:39:54 AM]&lt;Error&gt;HRCCOrderConfirmationSignInNonRewardEnabledUser : failed executing ...Index was outside the bounds of the array., 
    StackTrace:
    HRCCOrderConfirmationSignInNonRewardEnabledUser(),MyAccount.cs,Line Number:2842</Message>
          <Message>[5/15/2018 1:39:54 AM]&lt;CaptureImage&gt;\\CMP01-YKumar\AutoLog\CMP01-YKUMAR\HRCCOrderConfirmationSignInNonRewardEnabledUser_20180515013954.png</Message>
          <Message>[5/15/2018 1:39:54 AM]&lt;INFO&gt;DeleteWishlistFromDatabase : method executing</Message>
          <Message>[5/15/2018 1:39:54 AM]&lt;RESULT&gt;Test Ended:#PASS=0, #FAIL=0,#Other errors=3</Message>
          <Message>[5/15/2018 1:39:55 AM]&lt;INFO&gt;LogCPUAndMemoryUsage: Available Memory = 25211(MB), CPU Usage = 23.55951%</Message>
          <Message>[5/15/2018 1:39:55 AM]&lt;INFO&gt;Private Working Set for QTAgent32_40, usage=275352 (K)</Message>
          <Message>[5/15/2018 1:39:55 AM]&lt;RESULT&gt;&lt;HRCCOrderConfirmationSignInNonRewardEnabledUser&gt; Test FAILED: #Other errors=3. See Error Message/logs for further details.</Message>
        </TextMessages>
      </Output>
    </UnitTestResult>
  </Results>
</TestRun>