<?xml version="1.0" encoding="UTF-8"?>
<TestRun id="3b4032db-643e-4a86-b0eb-a36ec0fc9e9d" name="ksharma@CMP01-YKUMAR 2018-05-09 19:07:24" runUser="DOMAIN\ksharma" xmlns="http://microsoft.com/schemas/VisualStudio/TeamTest/2010">
  <TestSettings name="BS2AutomationTestSetting - Kanchan" id="8d5b6331-c83c-4097-af25-270a30f0eacb">
    <Description>BS2AutomationTestSetting - Kanchan</Description>
    <Deployment userDeploymentRoot="C:\Users\ksharma\AppData\Local\VSEQT\QTController\rm\26924" useDefaultDeploymentRoot="false" runDeploymentRoot="ksharma_CMP01-YKUMAR 2018-05-09 19_07_24" />
    <RemoteController name="CMP01-YKUMAR.horizonhobby.com:6901" />
    <Execution location="Remote">
      <Timeouts testTimeout="0" />
      <TestTypeSpecific />
      <AgentRule name="BS2CUIT">
        <SelectionCriteria>
          <AgentProperty name="__Test Environment" value="WebSphere.0.CMP01-INDIASQA" />
          <AgentProperty name="__Machine Role" value="BS2CUIT" />
        </SelectionCriteria>
      </AgentRule>
    </Execution>
    <Properties />
  </TestSettings>
  <Times creation="2018-05-09T19:07:24.6524596-05:00" queuing="2018-05-09T19:07:26.5664596-05:00" start="2018-05-09T19:07:27.0094596-05:00" finish="2018-05-09T22:57:08.9303967-05:00" />
  <ResultSummary outcome="Failed">
    <Counters total="72" executed="72" passed="52" error="0" failed="20" timeout="0" aborted="0" inconclusive="0" passedButRunAborted="0" notRunnable="0" notExecuted="0" disconnected="0" warning="0" completed="0" inProgress="0" pending="0" />
  </ResultSummary>
  <TestDefinitions>
    <UnitTest name="CartItemRemovalGiftWrappedItems" storage="\\cmp01-ykumar\qatestautomationbuildsdrop\qatestautomation\qatestautomation_20180509.2\cartdisplaytest.dll" id="09afe67e-11bc-f89b-e574-756c9a072bc5">
      <DeploymentItems>
        <DeploymentItem filename="TestData\CartDisplayTestData.xml" />
        <DeploymentItem filename="SharedCommonConfig\SharedCommonConfig.xml" />
      </DeploymentItems>
      <TcmInformation testCaseId="1421" testRunId="26924" testResultId="100019" />
      <Execution id="9f0f9f39-b193-473f-93ac-21ac4fd85fc2" />
      <Properties>
        <Property>
          <Key>__Tfs_BuildUri__</Key>
          <Value>vstfs:///Build/Build/1899</Value>
        </Property>
        <Property>
          <Key>__Tfs_IsInLabEnvironment__</Key>
          <Value>true</Value>
        </Property>
        <Property>
          <Key>__Tfs_TestRunId__</Key>
          <Value>26924</Value>
        </Property>
        <Property>
          <Key>__Tfs_TestCaseId__</Key>
          <Value>1421</Value>
        </Property>
        <Property>
          <Key>__Tfs_TeamProject__</Key>
          <Value>WebSphere</Value>
        </Property>
        <Property>
          <Key>__Tfs_BuildDirectory__</Key>
          <Value>\\CMP01-YKUMAR\QATestAutomationBuildsDrop\QATestAutomation\QATestAutomation_20180509.2</Value>
        </Property>
        <Property>
          <Key>__Tfs_LabEnvironment__</Key>
          <Value>&lt;?xml version="1.0" encoding="utf-16"?&gt;&lt;LabEnvironment Id="afd904c8-4332-4335-bd1d-55612a5eed76" Name="CMP01-INDIASQA" Uri="vstfs:///LabManagement/LabEnvironment/316"&gt;&lt;LabSystems&gt;&lt;LabSystem Name="CMP01-INDIASQA" ComputerName="CMP01-INDIASQA.horizonhobby.com" Roles="BS2CUIT"&gt;&lt;CustomProperties /&gt;&lt;/LabSystem&gt;&lt;/LabSystems&gt;&lt;/LabEnvironment&gt;</Value>
        </Property>
        <Property>
          <Key>__Tfs_TestConfigurationId__</Key>
          <Value>17</Value>
        </Property>
        <Property>
          <Key>__Tfs_TestPlanId__</Key>
          <Value>13</Value>
        </Property>
        <Property>
          <Key>__Tfs_TestConfigurationName__</Key>
          <Value>Win 7 with IE 11</Value>
        </Property>
        <Property>
          <Key>__Tfs_TestPointId__</Key>
          <Value>110131</Value>
        </Property>
        <Property>
          <Key>__Tfs_TfsServerCollectionUrl__</Key>
          <Value>http://cmp02-app05:8080/tfs/defaultcollection</Value>
        </Property>
        <Property>
          <Key>__Tfs_BuildPlatform__</Key>
          <Value>Any CPU</Value>
        </Property>
        <Property>
          <Key>__Tfs_BuildNumber__</Key>
          <Value>QATestAutomation_20180509.2</Value>
        </Property>
        <Property>
          <Key>__Tfs_BuildFlavor__</Key>
          <Value>Debug</Value>
        </Property>
        <Property>
          <Key>__Tfs_BuildConfigurationId__</Key>
          <Value>26927</Value>
        </Property>
      </Properties>
      <TestMethod codeBase="file://CMP01-YKUMAR/QATestAutomationBuildsDrop/QATestAutomation/QATestAutomation_20180509.2/CartDisplayTest.DLL" adapterTypeName="Microsoft.VisualStudio.TestTools.TestTypes.Unit.UnitTestAdapter, Microsoft.VisualStudio.QualityTools.Tips.UnitTest.Adapter, Version=12.0.0.0, Culture=neutral, PublicKeyToken=b03f5f7f11d50a3a" className="TestAuto.CartDisplayTest, CartDisplayTest, Version=1.0.0.0, Culture=neutral, PublicKeyToken=null" name="CartItemRemovalGiftWrappedItems" />
      <Extension>Microsoft.VisualStudio.TestTools.UITesting.CodedUITestAttribute, Microsoft.VisualStudio.QualityTools.CodedUITestFramework, Version=12.0.0.0, Culture=neutral, PublicKeyToken=b03f5f7f11d50a3a</Extension>
    </UnitTest>
    <UnitTest name="CartGiftWrapQuantityRestriction" storage="\\cmp01-ykumar\qatestautomationbuildsdrop\qatestautomation\qatestautomation_20180509.2\cartdisplaytest.dll" id="7746f33f-a399-83ac-5d3a-fd9432e3368d">
      <DeploymentItems>
        <DeploymentItem filename="TestData\CartDisplayTestData.xml" />
        <DeploymentItem filename="SharedCommonConfig\SharedCommonConfig.xml" />
      </DeploymentItems>
      <TcmInformation testCaseId="1475" testRunId="26924" testResultId="100039" />
      <Execution id="4e8dde25-a873-4644-abf7-2eed9d99d051" />
      <Properties>
        <Property>
          <Key>__Tfs_BuildUri__</Key>
          <Value>vstfs:///Build/Build/1899</Value>
        </Property>
        <Property>
          <Key>__Tfs_IsInLabEnvironment__</Key>
          <Value>true</Value>
        </Property>
        <Property>
          <Key>__Tfs_TestRunId__</Key>
          <Value>26924</Value>
        </Property>
        <Property>
          <Key>__Tfs_TestCaseId__</Key>
          <Value>1475</Value>
        </Property>
        <Property>
          <Key>__Tfs_TeamProject__</Key>
          <Value>WebSphere</Value>
        </Property>
        <Property>
          <Key>__Tfs_BuildDirectory__</Key>
          <Value>\\CMP01-YKUMAR\QATestAutomationBuildsDrop\QATestAutomation\QATestAutomation_20180509.2</Value>
        </Property>
        <Property>
          <Key>__Tfs_LabEnvironment__</Key>
          <Value>&lt;?xml version="1.0" encoding="utf-16"?&gt;&lt;LabEnvironment Id="afd904c8-4332-4335-bd1d-55612a5eed76" Name="CMP01-INDIASQA" Uri="vstfs:///LabManagement/LabEnvironment/316"&gt;&lt;LabSystems&gt;&lt;LabSystem Name="CMP01-INDIASQA" ComputerName="CMP01-INDIASQA.horizonhobby.com" Roles="BS2CUIT"&gt;&lt;CustomProperties /&gt;&lt;/LabSystem&gt;&lt;/LabSystems&gt;&lt;/LabEnvironment&gt;</Value>
        </Property>
        <Property>
          <Key>__Tfs_TestConfigurationId__</Key>
          <Value>17</Value>
        </Property>
        <Property>
          <Key>__Tfs_TestPlanId__</Key>
          <Value>13</Value>
        </Property>
        <Property>
          <Key>__Tfs_TestConfigurationName__</Key>
          <Value>Win 7 with IE 11</Value>
        </Property>
        <Property>
          <Key>__Tfs_TestPointId__</Key>
          <Value>110156</Value>
        </Property>
        <Property>
          <Key>__Tfs_TfsServerCollectionUrl__</Key>
          <Value>http://cmp02-app05:8080/tfs/defaultcollection</Value>
        </Property>
        <Property>
          <Key>__Tfs_BuildPlatform__</Key>
          <Value>Any CPU</Value>
        </Property>
        <Property>
          <Key>__Tfs_BuildNumber__</Key>
          <Value>QATestAutomation_20180509.2</Value>
        </Property>
        <Property>
          <Key>__Tfs_BuildFlavor__</Key>
          <Value>Debug</Value>
        </Property>
        <Property>
          <Key>__Tfs_BuildConfigurationId__</Key>
          <Value>26927</Value>
        </Property>
      </Properties>
      <TestMethod codeBase="file://CMP01-YKUMAR/QATestAutomationBuildsDrop/QATestAutomation/QATestAutomation_20180509.2/CartDisplayTest.DLL" adapterTypeName="Microsoft.VisualStudio.TestTools.TestTypes.Unit.UnitTestAdapter, Microsoft.VisualStudio.QualityTools.Tips.UnitTest.Adapter, Version=12.0.0.0, Culture=neutral, PublicKeyToken=b03f5f7f11d50a3a" className="TestAuto.CartDisplayTest, CartDisplayTest, Version=1.0.0.0, Culture=neutral, PublicKeyToken=null" name="CartGiftWrapQuantityRestriction" />
      <Extension>Microsoft.VisualStudio.TestTools.UITesting.CodedUITestAttribute, Microsoft.VisualStudio.QualityTools.CodedUITestFramework, Version=12.0.0.0, Culture=neutral, PublicKeyToken=b03f5f7f11d50a3a</Extension>
    </UnitTest>
    <UnitTest name="GlobalSettingsHeaderDisplay" storage="\\cmp01-ykumar\qatestautomationbuildsdrop\qatestautomation\qatestautomation_20180509.2\globalsettings.dll" id="0854c120-5668-92c9-3136-160950b1b3fc">
      <DeploymentItems>
        <DeploymentItem filename="TestData\GlobalSettingsTestData.xml" />
        <DeploymentItem filename="SharedCommonConfig\SharedCommonConfig.xml" />
      </DeploymentItems>
      <TcmInformation testCaseId="1349" testRunId="26924" testResultId="100004" />
      <Execution id="6aa1e71f-0834-4dbd-ac21-3ca64eb4be31" />
      <Properties>
        <Property>
          <Key>__Tfs_BuildUri__</Key>
          <Value>vstfs:///Build/Build/1899</Value>
        </Property>
        <Property>
          <Key>__Tfs_IsInLabEnvironment__</Key>
          <Value>true</Value>
        </Property>
        <Property>
          <Key>__Tfs_TestRunId__</Key>
          <Value>26924</Value>
        </Property>
        <Property>
          <Key>__Tfs_TestCaseId__</Key>
          <Value>1349</Value>
        </Property>
        <Property>
          <Key>__Tfs_TeamProject__</Key>
          <Value>WebSphere</Value>
        </Property>
        <Property>
          <Key>__Tfs_BuildDirectory__</Key>
          <Value>\\CMP01-YKUMAR\QATestAutomationBuildsDrop\QATestAutomation\QATestAutomation_20180509.2</Value>
        </Property>
        <Property>
          <Key>__Tfs_LabEnvironment__</Key>
          <Value>&lt;?xml version="1.0" encoding="utf-16"?&gt;&lt;LabEnvironment Id="afd904c8-4332-4335-bd1d-55612a5eed76" Name="CMP01-INDIASQA" Uri="vstfs:///LabManagement/LabEnvironment/316"&gt;&lt;LabSystems&gt;&lt;LabSystem Name="CMP01-INDIASQA" ComputerName="CMP01-INDIASQA.horizonhobby.com" Roles="BS2CUIT"&gt;&lt;CustomProperties /&gt;&lt;/LabSystem&gt;&lt;/LabSystems&gt;&lt;/LabEnvironment&gt;</Value>
        </Property>
        <Property>
          <Key>__Tfs_TestConfigurationId__</Key>
          <Value>17</Value>
        </Property>
        <Property>
          <Key>__Tfs_TestPlanId__</Key>
          <Value>13</Value>
        </Property>
        <Property>
          <Key>__Tfs_TestConfigurationName__</Key>
          <Value>Win 7 with IE 11</Value>
        </Property>
        <Property>
          <Key>__Tfs_TestPointId__</Key>
          <Value>110334</Value>
        </Property>
        <Property>
          <Key>__Tfs_TfsServerCollectionUrl__</Key>
          <Value>http://cmp02-app05:8080/tfs/defaultcollection</Value>
        </Property>
        <Property>
          <Key>__Tfs_BuildPlatform__</Key>
          <Value>Any CPU</Value>
        </Property>
        <Property>
          <Key>__Tfs_BuildNumber__</Key>
          <Value>QATestAutomation_20180509.2</Value>
        </Property>
        <Property>
          <Key>__Tfs_BuildFlavor__</Key>
          <Value>Debug</Value>
        </Property>
        <Property>
          <Key>__Tfs_BuildConfigurationId__</Key>
          <Value>26927</Value>
        </Property>
      </Properties>
      <TestMethod codeBase="file://CMP01-YKUMAR/QATestAutomationBuildsDrop/QATestAutomation/QATestAutomation_20180509.2/GlobalSettings.DLL" adapterTypeName="Microsoft.VisualStudio.TestTools.TestTypes.Unit.UnitTestAdapter, Microsoft.VisualStudio.QualityTools.Tips.UnitTest.Adapter, Version=12.0.0.0, Culture=neutral, PublicKeyToken=b03f5f7f11d50a3a" className="TestAuto.GlobalSettings, GlobalSettings, Version=1.0.0.0, Culture=neutral, PublicKeyToken=null" name="GlobalSettingsHeaderDisplay" />
      <Extension>Microsoft.VisualStudio.TestTools.UITesting.CodedUITestAttribute, Microsoft.VisualStudio.QualityTools.CodedUITestFramework, Version=12.0.0.0, Culture=neutral, PublicKeyToken=b03f5f7f11d50a3a</Extension>
    </UnitTest>
    <UnitTest name="CheckoutBillingAndShippingAddressSameAsSignInUser" storage="\\cmp01-ykumar\qatestautomationbuildsdrop\qatestautomation\qatestautomation_20180509.2\checkout_test.dll" id="b24ae5d7-0061-af74-0035-181050401bd6">
      <DeploymentItems>
        <DeploymentItem filename="TestData\CheckoutCommonTestData.xml" />
        <DeploymentItem filename="SharedCommonConfig\SharedCommonConfig.xml" />
      </DeploymentItems>
      <TcmInformation testCaseId="1483" testRunId="26924" testResultId="100043" />
      <Execution id="79908a6a-b65e-4c9b-b482-6653d234e015" />
      <Properties>
        <Property>
          <Key>__Tfs_BuildUri__</Key>
          <Value>vstfs:///Build/Build/1899</Value>
        </Property>
        <Property>
          <Key>__Tfs_IsInLabEnvironment__</Key>
          <Value>true</Value>
        </Property>
        <Property>
          <Key>__Tfs_TestRunId__</Key>
          <Value>26924</Value>
        </Property>
        <Property>
          <Key>__Tfs_TestCaseId__</Key>
          <Value>1483</Value>
        </Property>
        <Property>
          <Key>__Tfs_TeamProject__</Key>
          <Value>WebSphere</Value>
        </Property>
        <Property>
          <Key>__Tfs_BuildDirectory__</Key>
          <Value>\\CMP01-YKUMAR\QATestAutomationBuildsDrop\QATestAutomation\QATestAutomation_20180509.2</Value>
        </Property>
        <Property>
          <Key>__Tfs_LabEnvironment__</Key>
          <Value>&lt;?xml version="1.0" encoding="utf-16"?&gt;&lt;LabEnvironment Id="afd904c8-4332-4335-bd1d-55612a5eed76" Name="CMP01-INDIASQA" Uri="vstfs:///LabManagement/LabEnvironment/316"&gt;&lt;LabSystems&gt;&lt;LabSystem Name="CMP01-INDIASQA" ComputerName="CMP01-INDIASQA.horizonhobby.com" Roles="BS2CUIT"&gt;&lt;CustomProperties /&gt;&lt;/LabSystem&gt;&lt;/LabSystems&gt;&lt;/LabEnvironment&gt;</Value>
        </Property>
        <Property>
          <Key>__Tfs_TestConfigurationId__</Key>
          <Value>17</Value>
        </Property>
        <Property>
          <Key>__Tfs_TestPlanId__</Key>
          <Value>13</Value>
        </Property>
        <Property>
          <Key>__Tfs_TestConfigurationName__</Key>
          <Value>Win 7 with IE 11</Value>
        </Property>
        <Property>
          <Key>__Tfs_TestPointId__</Key>
          <Value>110163</Value>
        </Property>
        <Property>
          <Key>__Tfs_TfsServerCollectionUrl__</Key>
          <Value>http://cmp02-app05:8080/tfs/defaultcollection</Value>
        </Property>
        <Property>
          <Key>__Tfs_BuildPlatform__</Key>
          <Value>Any CPU</Value>
        </Property>
        <Property>
          <Key>__Tfs_BuildNumber__</Key>
          <Value>QATestAutomation_20180509.2</Value>
        </Property>
        <Property>
          <Key>__Tfs_BuildFlavor__</Key>
          <Value>Debug</Value>
        </Property>
        <Property>
          <Key>__Tfs_BuildConfigurationId__</Key>
          <Value>26927</Value>
        </Property>
      </Properties>
      <TestMethod codeBase="file://CMP01-YKUMAR/QATestAutomationBuildsDrop/QATestAutomation/QATestAutomation_20180509.2/Checkout_Test.DLL" adapterTypeName="Microsoft.VisualStudio.TestTools.TestTypes.Unit.UnitTestAdapter, Microsoft.VisualStudio.QualityTools.Tips.UnitTest.Adapter, Version=12.0.0.0, Culture=neutral, PublicKeyToken=b03f5f7f11d50a3a" className="TestAuto.HHBvtSmokeTest, Checkout_Test, Version=1.0.0.0, Culture=neutral, PublicKeyToken=null" name="CheckoutBillingAndShippingAddressSameAsSignInUser" />
      <Extension>Microsoft.VisualStudio.TestTools.UITesting.CodedUITestAttribute, Microsoft.VisualStudio.QualityTools.CodedUITestFramework, Version=12.0.0.0, Culture=neutral, PublicKeyToken=b03f5f7f11d50a3a</Extension>
    </UnitTest>
    <UnitTest name="CategoryListItemDisplay" storage="\\cmp01-ykumar\qatestautomationbuildsdrop\qatestautomation\qatestautomation_20180509.2\categorylistlevel3.dll" id="0cfe4076-97ec-ca1b-990f-0bb7d4668ba6">
      <DeploymentItems>
        <DeploymentItem filename="TestData\CategoryListLevel3TestData.xml" />
        <DeploymentItem filename="SharedCommonConfig\SharedCommonConfig.xml" />
      </DeploymentItems>
      <TcmInformation testCaseId="1572" testRunId="26924" testResultId="100060" />
      <Execution id="e83934fc-885f-4e18-9dea-9929f90b7d8f" />
      <Properties>
        <Property>
          <Key>__Tfs_BuildUri__</Key>
          <Value>vstfs:///Build/Build/1899</Value>
        </Property>
        <Property>
          <Key>__Tfs_IsInLabEnvironment__</Key>
          <Value>true</Value>
        </Property>
        <Property>
          <Key>__Tfs_TestRunId__</Key>
          <Value>26924</Value>
        </Property>
        <Property>
          <Key>__Tfs_TestCaseId__</Key>
          <Value>1572</Value>
        </Property>
        <Property>
          <Key>__Tfs_TeamProject__</Key>
          <Value>WebSphere</Value>
        </Property>
        <Property>
          <Key>__Tfs_BuildDirectory__</Key>
          <Value>\\CMP01-YKUMAR\QATestAutomationBuildsDrop\QATestAutomation\QATestAutomation_20180509.2</Value>
        </Property>
        <Property>
          <Key>__Tfs_LabEnvironment__</Key>
          <Value>&lt;?xml version="1.0" encoding="utf-16"?&gt;&lt;LabEnvironment Id="afd904c8-4332-4335-bd1d-55612a5eed76" Name="CMP01-INDIASQA" Uri="vstfs:///LabManagement/LabEnvironment/316"&gt;&lt;LabSystems&gt;&lt;LabSystem Name="CMP01-INDIASQA" ComputerName="CMP01-INDIASQA.horizonhobby.com" Roles="BS2CUIT"&gt;&lt;CustomProperties /&gt;&lt;/LabSystem&gt;&lt;/LabSystems&gt;&lt;/LabEnvironment&gt;</Value>
        </Property>
        <Property>
          <Key>__Tfs_TestConfigurationId__</Key>
          <Value>17</Value>
        </Property>
        <Property>
          <Key>__Tfs_TestPlanId__</Key>
          <Value>13</Value>
        </Property>
        <Property>
          <Key>__Tfs_TestConfigurationName__</Key>
          <Value>Win 7 with IE 11</Value>
        </Property>
        <Property>
          <Key>__Tfs_TestPointId__</Key>
          <Value>110423</Value>
        </Property>
        <Property>
          <Key>__Tfs_TfsServerCollectionUrl__</Key>
          <Value>http://cmp02-app05:8080/tfs/defaultcollection</Value>
        </Property>
        <Property>
          <Key>__Tfs_BuildPlatform__</Key>
          <Value>Any CPU</Value>
        </Property>
        <Property>
          <Key>__Tfs_BuildNumber__</Key>
          <Value>QATestAutomation_20180509.2</Value>
        </Property>
        <Property>
          <Key>__Tfs_BuildFlavor__</Key>
          <Value>Debug</Value>
        </Property>
        <Property>
          <Key>__Tfs_BuildConfigurationId__</Key>
          <Value>26927</Value>
        </Property>
      </Properties>
      <TestMethod codeBase="file://CMP01-YKUMAR/QATestAutomationBuildsDrop/QATestAutomation/QATestAutomation_20180509.2/CategoryListLevel3.DLL" adapterTypeName="Microsoft.VisualStudio.TestTools.TestTypes.Unit.UnitTestAdapter, Microsoft.VisualStudio.QualityTools.Tips.UnitTest.Adapter, Version=12.0.0.0, Culture=neutral, PublicKeyToken=b03f5f7f11d50a3a" className="TestAuto.CategoryListLevel3, CategoryListLevel3, Version=1.0.0.0, Culture=neutral, PublicKeyToken=null" name="CategoryListItemDisplay" />
      <Extension>Microsoft.VisualStudio.TestTools.UITesting.CodedUITestAttribute, Microsoft.VisualStudio.QualityTools.CodedUITestFramework, Version=12.0.0.0, Culture=neutral, PublicKeyToken=b03f5f7f11d50a3a</Extension>
    </UnitTest>
    <UnitTest name="CartGiftWrapPopUpModalItemIdentification" storage="\\cmp01-ykumar\qatestautomationbuildsdrop\qatestautomation\qatestautomation_20180509.2\cartdisplaytest.dll" id="0137d3ce-6b4e-8f85-5f42-62353abf0180">
      <DeploymentItems>
        <DeploymentItem filename="TestData\CartDisplayTestData.xml" />
        <DeploymentItem filename="SharedCommonConfig\SharedCommonConfig.xml" />
      </DeploymentItems>
      <TcmInformation testCaseId="1419" testRunId="26924" testResultId="100017" />
      <Execution id="c959be36-35e5-430f-8819-2cd74830dfb0" />
      <Properties>
        <Property>
          <Key>__Tfs_BuildUri__</Key>
          <Value>vstfs:///Build/Build/1899</Value>
        </Property>
        <Property>
          <Key>__Tfs_IsInLabEnvironment__</Key>
          <Value>true</Value>
        </Property>
        <Property>
          <Key>__Tfs_TestRunId__</Key>
          <Value>26924</Value>
        </Property>
        <Property>
          <Key>__Tfs_TestCaseId__</Key>
          <Value>1419</Value>
        </Property>
        <Property>
          <Key>__Tfs_TeamProject__</Key>
          <Value>WebSphere</Value>
        </Property>
        <Property>
          <Key>__Tfs_BuildDirectory__</Key>
          <Value>\\CMP01-YKUMAR\QATestAutomationBuildsDrop\QATestAutomation\QATestAutomation_20180509.2</Value>
        </Property>
        <Property>
          <Key>__Tfs_LabEnvironment__</Key>
          <Value>&lt;?xml version="1.0" encoding="utf-16"?&gt;&lt;LabEnvironment Id="afd904c8-4332-4335-bd1d-55612a5eed76" Name="CMP01-INDIASQA" Uri="vstfs:///LabManagement/LabEnvironment/316"&gt;&lt;LabSystems&gt;&lt;LabSystem Name="CMP01-INDIASQA" ComputerName="CMP01-INDIASQA.horizonhobby.com" Roles="BS2CUIT"&gt;&lt;CustomProperties /&gt;&lt;/LabSystem&gt;&lt;/LabSystems&gt;&lt;/LabEnvironment&gt;</Value>
        </Property>
        <Property>
          <Key>__Tfs_TestConfigurationId__</Key>
          <Value>17</Value>
        </Property>
        <Property>
          <Key>__Tfs_TestPlanId__</Key>
          <Value>13</Value>
        </Property>
        <Property>
          <Key>__Tfs_TestConfigurationName__</Key>
          <Value>Win 7 with IE 11</Value>
        </Property>
        <Property>
          <Key>__Tfs_TestPointId__</Key>
          <Value>110129</Value>
        </Property>
        <Property>
          <Key>__Tfs_TfsServerCollectionUrl__</Key>
          <Value>http://cmp02-app05:8080/tfs/defaultcollection</Value>
        </Property>
        <Property>
          <Key>__Tfs_BuildPlatform__</Key>
          <Value>Any CPU</Value>
        </Property>
        <Property>
          <Key>__Tfs_BuildNumber__</Key>
          <Value>QATestAutomation_20180509.2</Value>
        </Property>
        <Property>
          <Key>__Tfs_BuildFlavor__</Key>
          <Value>Debug</Value>
        </Property>
        <Property>
          <Key>__Tfs_BuildConfigurationId__</Key>
          <Value>26927</Value>
        </Property>
      </Properties>
      <TestMethod codeBase="file://CMP01-YKUMAR/QATestAutomationBuildsDrop/QATestAutomation/QATestAutomation_20180509.2/CartDisplayTest.DLL" adapterTypeName="Microsoft.VisualStudio.TestTools.TestTypes.Unit.UnitTestAdapter, Microsoft.VisualStudio.QualityTools.Tips.UnitTest.Adapter, Version=12.0.0.0, Culture=neutral, PublicKeyToken=b03f5f7f11d50a3a" className="TestAuto.CartDisplayTest, CartDisplayTest, Version=1.0.0.0, Culture=neutral, PublicKeyToken=null" name="CartGiftWrapPopUpModalItemIdentification" />
      <Extension>Microsoft.VisualStudio.TestTools.UITesting.CodedUITestAttribute, Microsoft.VisualStudio.QualityTools.CodedUITestFramework, Version=12.0.0.0, Culture=neutral, PublicKeyToken=b03f5f7f11d50a3a</Extension>
    </UnitTest>
    <UnitTest name="CategoryListShowDropDownBoxOption" storage="\\cmp01-ykumar\qatestautomationbuildsdrop\qatestautomation\qatestautomation_20180509.2\categorylistlevel3.dll" id="daa0770b-fd70-ed39-2458-e344e0fea912">
      <DeploymentItems>
        <DeploymentItem filename="TestData\CategoryListLevel3TestData.xml" />
        <DeploymentItem filename="SharedCommonConfig\SharedCommonConfig.xml" />
      </DeploymentItems>
      <TcmInformation testCaseId="1428" testRunId="26924" testResultId="100023" />
      <Execution id="f099f8a0-e19d-4a11-98b6-fa1c696d1d44" />
      <Properties>
        <Property>
          <Key>__Tfs_BuildUri__</Key>
          <Value>vstfs:///Build/Build/1899</Value>
        </Property>
        <Property>
          <Key>__Tfs_IsInLabEnvironment__</Key>
          <Value>true</Value>
        </Property>
        <Property>
          <Key>__Tfs_TestRunId__</Key>
          <Value>26924</Value>
        </Property>
        <Property>
          <Key>__Tfs_TestCaseId__</Key>
          <Value>1428</Value>
        </Property>
        <Property>
          <Key>__Tfs_TeamProject__</Key>
          <Value>WebSphere</Value>
        </Property>
        <Property>
          <Key>__Tfs_BuildDirectory__</Key>
          <Value>\\CMP01-YKUMAR\QATestAutomationBuildsDrop\QATestAutomation\QATestAutomation_20180509.2</Value>
        </Property>
        <Property>
          <Key>__Tfs_LabEnvironment__</Key>
          <Value>&lt;?xml version="1.0" encoding="utf-16"?&gt;&lt;LabEnvironment Id="afd904c8-4332-4335-bd1d-55612a5eed76" Name="CMP01-INDIASQA" Uri="vstfs:///LabManagement/LabEnvironment/316"&gt;&lt;LabSystems&gt;&lt;LabSystem Name="CMP01-INDIASQA" ComputerName="CMP01-INDIASQA.horizonhobby.com" Roles="BS2CUIT"&gt;&lt;CustomProperties /&gt;&lt;/LabSystem&gt;&lt;/LabSystems&gt;&lt;/LabEnvironment&gt;</Value>
        </Property>
        <Property>
          <Key>__Tfs_TestConfigurationId__</Key>
          <Value>17</Value>
        </Property>
        <Property>
          <Key>__Tfs_TestPlanId__</Key>
          <Value>13</Value>
        </Property>
        <Property>
          <Key>__Tfs_TestConfigurationName__</Key>
          <Value>Win 7 with IE 11</Value>
        </Property>
        <Property>
          <Key>__Tfs_TestPointId__</Key>
          <Value>110135</Value>
        </Property>
        <Property>
          <Key>__Tfs_TfsServerCollectionUrl__</Key>
          <Value>http://cmp02-app05:8080/tfs/defaultcollection</Value>
        </Property>
        <Property>
          <Key>__Tfs_BuildPlatform__</Key>
          <Value>Any CPU</Value>
        </Property>
        <Property>
          <Key>__Tfs_BuildNumber__</Key>
          <Value>QATestAutomation_20180509.2</Value>
        </Property>
        <Property>
          <Key>__Tfs_BuildFlavor__</Key>
          <Value>Debug</Value>
        </Property>
        <Property>
          <Key>__Tfs_BuildConfigurationId__</Key>
          <Value>26927</Value>
        </Property>
      </Properties>
      <TestMethod codeBase="file://CMP01-YKUMAR/QATestAutomationBuildsDrop/QATestAutomation/QATestAutomation_20180509.2/CategoryListLevel3.DLL" adapterTypeName="Microsoft.VisualStudio.TestTools.TestTypes.Unit.UnitTestAdapter, Microsoft.VisualStudio.QualityTools.Tips.UnitTest.Adapter, Version=12.0.0.0, Culture=neutral, PublicKeyToken=b03f5f7f11d50a3a" className="TestAuto.CategoryListLevel3, CategoryListLevel3, Version=1.0.0.0, Culture=neutral, PublicKeyToken=null" name="CategoryListShowDropDownBoxOption" />
      <Extension>Microsoft.VisualStudio.TestTools.UITesting.CodedUITestAttribute, Microsoft.VisualStudio.QualityTools.CodedUITestFramework, Version=12.0.0.0, Culture=neutral, PublicKeyToken=b03f5f7f11d50a3a</Extension>
    </UnitTest>
    <UnitTest name="CartContinueShoppingButton" storage="\\cmp01-ykumar\qatestautomationbuildsdrop\qatestautomation\qatestautomation_20180509.2\cartdisplaytest.dll" id="6391c06d-b460-163e-d393-c1b76f476680">
      <DeploymentItems>
        <DeploymentItem filename="TestData\CartDisplayTestData.xml" />
        <DeploymentItem filename="SharedCommonConfig\SharedCommonConfig.xml" />
      </DeploymentItems>
      <TcmInformation testCaseId="1466" testRunId="26924" testResultId="100038" />
      <Execution id="1db18fae-e26f-4bb8-92f4-6f6cfa0b5dcc" />
      <Properties>
        <Property>
          <Key>__Tfs_BuildUri__</Key>
          <Value>vstfs:///Build/Build/1899</Value>
        </Property>
        <Property>
          <Key>__Tfs_IsInLabEnvironment__</Key>
          <Value>true</Value>
        </Property>
        <Property>
          <Key>__Tfs_TestRunId__</Key>
          <Value>26924</Value>
        </Property>
        <Property>
          <Key>__Tfs_TestCaseId__</Key>
          <Value>1466</Value>
        </Property>
        <Property>
          <Key>__Tfs_TeamProject__</Key>
          <Value>WebSphere</Value>
        </Property>
        <Property>
          <Key>__Tfs_BuildDirectory__</Key>
          <Value>\\CMP01-YKUMAR\QATestAutomationBuildsDrop\QATestAutomation\QATestAutomation_20180509.2</Value>
        </Property>
        <Property>
          <Key>__Tfs_LabEnvironment__</Key>
          <Value>&lt;?xml version="1.0" encoding="utf-16"?&gt;&lt;LabEnvironment Id="afd904c8-4332-4335-bd1d-55612a5eed76" Name="CMP01-INDIASQA" Uri="vstfs:///LabManagement/LabEnvironment/316"&gt;&lt;LabSystems&gt;&lt;LabSystem Name="CMP01-INDIASQA" ComputerName="CMP01-INDIASQA.horizonhobby.com" Roles="BS2CUIT"&gt;&lt;CustomProperties /&gt;&lt;/LabSystem&gt;&lt;/LabSystems&gt;&lt;/LabEnvironment&gt;</Value>
        </Property>
        <Property>
          <Key>__Tfs_TestConfigurationId__</Key>
          <Value>17</Value>
        </Property>
        <Property>
          <Key>__Tfs_TestPlanId__</Key>
          <Value>13</Value>
        </Property>
        <Property>
          <Key>__Tfs_TestConfigurationName__</Key>
          <Value>Win 7 with IE 11</Value>
        </Property>
        <Property>
          <Key>__Tfs_TestPointId__</Key>
          <Value>110153</Value>
        </Property>
        <Property>
          <Key>__Tfs_TfsServerCollectionUrl__</Key>
          <Value>http://cmp02-app05:8080/tfs/defaultcollection</Value>
        </Property>
        <Property>
          <Key>__Tfs_BuildPlatform__</Key>
          <Value>Any CPU</Value>
        </Property>
        <Property>
          <Key>__Tfs_BuildNumber__</Key>
          <Value>QATestAutomation_20180509.2</Value>
        </Property>
        <Property>
          <Key>__Tfs_BuildFlavor__</Key>
          <Value>Debug</Value>
        </Property>
        <Property>
          <Key>__Tfs_BuildConfigurationId__</Key>
          <Value>26927</Value>
        </Property>
      </Properties>
      <TestMethod codeBase="file://CMP01-YKUMAR/QATestAutomationBuildsDrop/QATestAutomation/QATestAutomation_20180509.2/CartDisplayTest.DLL" adapterTypeName="Microsoft.VisualStudio.TestTools.TestTypes.Unit.UnitTestAdapter, Microsoft.VisualStudio.QualityTools.Tips.UnitTest.Adapter, Version=12.0.0.0, Culture=neutral, PublicKeyToken=b03f5f7f11d50a3a" className="TestAuto.CartDisplayTest, CartDisplayTest, Version=1.0.0.0, Culture=neutral, PublicKeyToken=null" name="CartContinueShoppingButton" />
      <Extension>Microsoft.VisualStudio.TestTools.UITesting.CodedUITestAttribute, Microsoft.VisualStudio.QualityTools.CodedUITestFramework, Version=12.0.0.0, Culture=neutral, PublicKeyToken=b03f5f7f11d50a3a</Extension>
    </UnitTest>
    <UnitTest name="ProductAndCartDisplayFormatOversizeDescription" storage="\\cmp01-ykumar\qatestautomationbuildsdrop\qatestautomation\qatestautomation_20180509.2\cartdisplaytest.dll" id="f2742b89-f8e9-a028-0c1a-1e4153ecafeb">
      <DeploymentItems>
        <DeploymentItem filename="TestData\CartDisplayTestData.xml" />
        <DeploymentItem filename="SharedCommonConfig\SharedCommonConfig.xml" />
      </DeploymentItems>
      <TcmInformation testCaseId="1478" testRunId="26924" testResultId="100041" />
      <Execution id="e24ee93b-8a54-4d27-9d0c-ed31067797d4" />
      <Properties>
        <Property>
          <Key>__Tfs_BuildUri__</Key>
          <Value>vstfs:///Build/Build/1899</Value>
        </Property>
        <Property>
          <Key>__Tfs_IsInLabEnvironment__</Key>
          <Value>true</Value>
        </Property>
        <Property>
          <Key>__Tfs_TestRunId__</Key>
          <Value>26924</Value>
        </Property>
        <Property>
          <Key>__Tfs_TestCaseId__</Key>
          <Value>1478</Value>
        </Property>
        <Property>
          <Key>__Tfs_TeamProject__</Key>
          <Value>WebSphere</Value>
        </Property>
        <Property>
          <Key>__Tfs_BuildDirectory__</Key>
          <Value>\\CMP01-YKUMAR\QATestAutomationBuildsDrop\QATestAutomation\QATestAutomation_20180509.2</Value>
        </Property>
        <Property>
          <Key>__Tfs_LabEnvironment__</Key>
          <Value>&lt;?xml version="1.0" encoding="utf-16"?&gt;&lt;LabEnvironment Id="afd904c8-4332-4335-bd1d-55612a5eed76" Name="CMP01-INDIASQA" Uri="vstfs:///LabManagement/LabEnvironment/316"&gt;&lt;LabSystems&gt;&lt;LabSystem Name="CMP01-INDIASQA" ComputerName="CMP01-INDIASQA.horizonhobby.com" Roles="BS2CUIT"&gt;&lt;CustomProperties /&gt;&lt;/LabSystem&gt;&lt;/LabSystems&gt;&lt;/LabEnvironment&gt;</Value>
        </Property>
        <Property>
          <Key>__Tfs_TestConfigurationId__</Key>
          <Value>17</Value>
        </Property>
        <Property>
          <Key>__Tfs_TestPlanId__</Key>
          <Value>13</Value>
        </Property>
        <Property>
          <Key>__Tfs_TestConfigurationName__</Key>
          <Value>Win 7 with IE 11</Value>
        </Property>
        <Property>
          <Key>__Tfs_TestPointId__</Key>
          <Value>110159</Value>
        </Property>
        <Property>
          <Key>__Tfs_TfsServerCollectionUrl__</Key>
          <Value>http://cmp02-app05:8080/tfs/defaultcollection</Value>
        </Property>
        <Property>
          <Key>__Tfs_BuildPlatform__</Key>
          <Value>Any CPU</Value>
        </Property>
        <Property>
          <Key>__Tfs_BuildNumber__</Key>
          <Value>QATestAutomation_20180509.2</Value>
        </Property>
        <Property>
          <Key>__Tfs_BuildFlavor__</Key>
          <Value>Debug</Value>
        </Property>
        <Property>
          <Key>__Tfs_BuildConfigurationId__</Key>
          <Value>26927</Value>
        </Property>
      </Properties>
      <TestMethod codeBase="file://CMP01-YKUMAR/QATestAutomationBuildsDrop/QATestAutomation/QATestAutomation_20180509.2/CartDisplayTest.DLL" adapterTypeName="Microsoft.VisualStudio.TestTools.TestTypes.Unit.UnitTestAdapter, Microsoft.VisualStudio.QualityTools.Tips.UnitTest.Adapter, Version=12.0.0.0, Culture=neutral, PublicKeyToken=b03f5f7f11d50a3a" className="TestAuto.CartDisplayTest, CartDisplayTest, Version=1.0.0.0, Culture=neutral, PublicKeyToken=null" name="ProductAndCartDisplayFormatOversizeDescription" />
      <Extension>Microsoft.VisualStudio.TestTools.UITesting.CodedUITestAttribute, Microsoft.VisualStudio.QualityTools.CodedUITestFramework, Version=12.0.0.0, Culture=neutral, PublicKeyToken=b03f5f7f11d50a3a</Extension>
    </UnitTest>
    <UnitTest name="CheckoutPaymentOptionsCCEntryFileds" storage="\\cmp01-ykumar\qatestautomationbuildsdrop\qatestautomation\qatestautomation_20180509.2\checkout_test.dll" id="aacaa16a-645d-772d-893f-e4dd2f2aa6ae">
      <DeploymentItems>
        <DeploymentItem filename="TestData\CheckoutCommonTestData.xml" />
        <DeploymentItem filename="SharedCommonConfig\SharedCommonConfig.xml" />
      </DeploymentItems>
      <TcmInformation testCaseId="1556" testRunId="26924" testResultId="100055" />
      <Execution id="cdfa889f-5e4c-4f80-9040-d568810f8efd" />
      <Properties>
        <Property>
          <Key>__Tfs_BuildUri__</Key>
          <Value>vstfs:///Build/Build/1899</Value>
        </Property>
        <Property>
          <Key>__Tfs_IsInLabEnvironment__</Key>
          <Value>true</Value>
        </Property>
        <Property>
          <Key>__Tfs_TestRunId__</Key>
          <Value>26924</Value>
        </Property>
        <Property>
          <Key>__Tfs_TestCaseId__</Key>
          <Value>1556</Value>
        </Property>
        <Property>
          <Key>__Tfs_TeamProject__</Key>
          <Value>WebSphere</Value>
        </Property>
        <Property>
          <Key>__Tfs_BuildDirectory__</Key>
          <Value>\\CMP01-YKUMAR\QATestAutomationBuildsDrop\QATestAutomation\QATestAutomation_20180509.2</Value>
        </Property>
        <Property>
          <Key>__Tfs_LabEnvironment__</Key>
          <Value>&lt;?xml version="1.0" encoding="utf-16"?&gt;&lt;LabEnvironment Id="afd904c8-4332-4335-bd1d-55612a5eed76" Name="CMP01-INDIASQA" Uri="vstfs:///LabManagement/LabEnvironment/316"&gt;&lt;LabSystems&gt;&lt;LabSystem Name="CMP01-INDIASQA" ComputerName="CMP01-INDIASQA.horizonhobby.com" Roles="BS2CUIT"&gt;&lt;CustomProperties /&gt;&lt;/LabSystem&gt;&lt;/LabSystems&gt;&lt;/LabEnvironment&gt;</Value>
        </Property>
        <Property>
          <Key>__Tfs_TestConfigurationId__</Key>
          <Value>17</Value>
        </Property>
        <Property>
          <Key>__Tfs_TestPlanId__</Key>
          <Value>13</Value>
        </Property>
        <Property>
          <Key>__Tfs_TestConfigurationName__</Key>
          <Value>Win 7 with IE 11</Value>
        </Property>
        <Property>
          <Key>__Tfs_TestPointId__</Key>
          <Value>110179</Value>
        </Property>
        <Property>
          <Key>__Tfs_TfsServerCollectionUrl__</Key>
          <Value>http://cmp02-app05:8080/tfs/defaultcollection</Value>
        </Property>
        <Property>
          <Key>__Tfs_BuildPlatform__</Key>
          <Value>Any CPU</Value>
        </Property>
        <Property>
          <Key>__Tfs_BuildNumber__</Key>
          <Value>QATestAutomation_20180509.2</Value>
        </Property>
        <Property>
          <Key>__Tfs_BuildFlavor__</Key>
          <Value>Debug</Value>
        </Property>
        <Property>
          <Key>__Tfs_BuildConfigurationId__</Key>
          <Value>26927</Value>
        </Property>
      </Properties>
      <TestMethod codeBase="file://CMP01-YKUMAR/QATestAutomationBuildsDrop/QATestAutomation/QATestAutomation_20180509.2/Checkout_Test.DLL" adapterTypeName="Microsoft.VisualStudio.TestTools.TestTypes.Unit.UnitTestAdapter, Microsoft.VisualStudio.QualityTools.Tips.UnitTest.Adapter, Version=12.0.0.0, Culture=neutral, PublicKeyToken=b03f5f7f11d50a3a" className="TestAuto.HHBvtSmokeTest, Checkout_Test, Version=1.0.0.0, Culture=neutral, PublicKeyToken=null" name="CheckoutPaymentOptionsCCEntryFileds" />
      <Extension>Microsoft.VisualStudio.TestTools.UITesting.CodedUITestAttribute, Microsoft.VisualStudio.QualityTools.CodedUITestFramework, Version=12.0.0.0, Culture=neutral, PublicKeyToken=b03f5f7f11d50a3a</Extension>
    </UnitTest>
    <UnitTest name="ProductPagePublishedAndBuyableFlags" storage="\\cmp01-ykumar\qatestautomationbuildsdrop\qatestautomation\qatestautomation_20180509.2\productpagetest.dll" id="34343980-84e0-a178-3a2b-f2ef3319a92a">
      <DeploymentItems>
        <DeploymentItem filename="TestData\ProductPageTestData.xml" />
        <DeploymentItem filename="SharedCommonConfig\SharedCommonConfig.xml" />
      </DeploymentItems>
      <TcmInformation testCaseId="1450" testRunId="26924" testResultId="100033" />
      <Execution id="d33f718a-0492-4296-8f46-7f798318c985" />
      <Properties>
        <Property>
          <Key>__Tfs_BuildUri__</Key>
          <Value>vstfs:///Build/Build/1899</Value>
        </Property>
        <Property>
          <Key>__Tfs_IsInLabEnvironment__</Key>
          <Value>true</Value>
        </Property>
        <Property>
          <Key>__Tfs_TestRunId__</Key>
          <Value>26924</Value>
        </Property>
        <Property>
          <Key>__Tfs_TestCaseId__</Key>
          <Value>1450</Value>
        </Property>
        <Property>
          <Key>__Tfs_TeamProject__</Key>
          <Value>WebSphere</Value>
        </Property>
        <Property>
          <Key>__Tfs_BuildDirectory__</Key>
          <Value>\\CMP01-YKUMAR\QATestAutomationBuildsDrop\QATestAutomation\QATestAutomation_20180509.2</Value>
        </Property>
        <Property>
          <Key>__Tfs_LabEnvironment__</Key>
          <Value>&lt;?xml version="1.0" encoding="utf-16"?&gt;&lt;LabEnvironment Id="afd904c8-4332-4335-bd1d-55612a5eed76" Name="CMP01-INDIASQA" Uri="vstfs:///LabManagement/LabEnvironment/316"&gt;&lt;LabSystems&gt;&lt;LabSystem Name="CMP01-INDIASQA" ComputerName="CMP01-INDIASQA.horizonhobby.com" Roles="BS2CUIT"&gt;&lt;CustomProperties /&gt;&lt;/LabSystem&gt;&lt;/LabSystems&gt;&lt;/LabEnvironment&gt;</Value>
        </Property>
        <Property>
          <Key>__Tfs_TestConfigurationId__</Key>
          <Value>17</Value>
        </Property>
        <Property>
          <Key>__Tfs_TestPlanId__</Key>
          <Value>13</Value>
        </Property>
        <Property>
          <Key>__Tfs_TestConfigurationName__</Key>
          <Value>Win 7 with IE 11</Value>
        </Property>
        <Property>
          <Key>__Tfs_TestPointId__</Key>
          <Value>110146</Value>
        </Property>
        <Property>
          <Key>__Tfs_TfsServerCollectionUrl__</Key>
          <Value>http://cmp02-app05:8080/tfs/defaultcollection</Value>
        </Property>
        <Property>
          <Key>__Tfs_BuildPlatform__</Key>
          <Value>Any CPU</Value>
        </Property>
        <Property>
          <Key>__Tfs_BuildNumber__</Key>
          <Value>QATestAutomation_20180509.2</Value>
        </Property>
        <Property>
          <Key>__Tfs_BuildFlavor__</Key>
          <Value>Debug</Value>
        </Property>
        <Property>
          <Key>__Tfs_BuildConfigurationId__</Key>
          <Value>26927</Value>
        </Property>
      </Properties>
      <TestMethod codeBase="file://CMP01-YKUMAR/QATestAutomationBuildsDrop/QATestAutomation/QATestAutomation_20180509.2/ProductPageTest.DLL" adapterTypeName="Microsoft.VisualStudio.TestTools.TestTypes.Unit.UnitTestAdapter, Microsoft.VisualStudio.QualityTools.Tips.UnitTest.Adapter, Version=12.0.0.0, Culture=neutral, PublicKeyToken=b03f5f7f11d50a3a" className="TestAuto.ProductPageTest, ProductPageTest, Version=1.0.0.0, Culture=neutral, PublicKeyToken=null" name="ProductPagePublishedAndBuyableFlags" />
      <Extension>Microsoft.VisualStudio.TestTools.UITesting.CodedUITestAttribute, Microsoft.VisualStudio.QualityTools.CodedUITestFramework, Version=12.0.0.0, Culture=neutral, PublicKeyToken=b03f5f7f11d50a3a</Extension>
    </UnitTest>
    <UnitTest name="GlobalSettingsAmountRemainingUntilFreeShipping" storage="\\cmp01-ykumar\qatestautomationbuildsdrop\qatestautomation\qatestautomation_20180509.2\globalsettings.dll" id="f9626e12-dcc7-12ab-2753-5166d5220381">
      <DeploymentItems>
        <DeploymentItem filename="TestData\GlobalSettingsTestData.xml" />
        <DeploymentItem filename="SharedCommonConfig\SharedCommonConfig.xml" />
      </DeploymentItems>
      <TcmInformation testCaseId="1364" testRunId="26924" testResultId="100007" />
      <Execution id="f69e7f1e-643d-438d-8629-9d00a7ab3a62" />
      <Properties>
        <Property>
          <Key>__Tfs_BuildUri__</Key>
          <Value>vstfs:///Build/Build/1899</Value>
        </Property>
        <Property>
          <Key>__Tfs_IsInLabEnvironment__</Key>
          <Value>true</Value>
        </Property>
        <Property>
          <Key>__Tfs_TestRunId__</Key>
          <Value>26924</Value>
        </Property>
        <Property>
          <Key>__Tfs_TestCaseId__</Key>
          <Value>1364</Value>
        </Property>
        <Property>
          <Key>__Tfs_TeamProject__</Key>
          <Value>WebSphere</Value>
        </Property>
        <Property>
          <Key>__Tfs_BuildDirectory__</Key>
          <Value>\\CMP01-YKUMAR\QATestAutomationBuildsDrop\QATestAutomation\QATestAutomation_20180509.2</Value>
        </Property>
        <Property>
          <Key>__Tfs_LabEnvironment__</Key>
          <Value>&lt;?xml version="1.0" encoding="utf-16"?&gt;&lt;LabEnvironment Id="afd904c8-4332-4335-bd1d-55612a5eed76" Name="CMP01-INDIASQA" Uri="vstfs:///LabManagement/LabEnvironment/316"&gt;&lt;LabSystems&gt;&lt;LabSystem Name="CMP01-INDIASQA" ComputerName="CMP01-INDIASQA.horizonhobby.com" Roles="BS2CUIT"&gt;&lt;CustomProperties /&gt;&lt;/LabSystem&gt;&lt;/LabSystems&gt;&lt;/LabEnvironment&gt;</Value>
        </Property>
        <Property>
          <Key>__Tfs_TestConfigurationId__</Key>
          <Value>17</Value>
        </Property>
        <Property>
          <Key>__Tfs_TestPlanId__</Key>
          <Value>13</Value>
        </Property>
        <Property>
          <Key>__Tfs_TestConfigurationName__</Key>
          <Value>Win 7 with IE 11</Value>
        </Property>
        <Property>
          <Key>__Tfs_TestPointId__</Key>
          <Value>110115</Value>
        </Property>
        <Property>
          <Key>__Tfs_TfsServerCollectionUrl__</Key>
          <Value>http://cmp02-app05:8080/tfs/defaultcollection</Value>
        </Property>
        <Property>
          <Key>__Tfs_BuildPlatform__</Key>
          <Value>Any CPU</Value>
        </Property>
        <Property>
          <Key>__Tfs_BuildNumber__</Key>
          <Value>QATestAutomation_20180509.2</Value>
        </Property>
        <Property>
          <Key>__Tfs_BuildFlavor__</Key>
          <Value>Debug</Value>
        </Property>
        <Property>
          <Key>__Tfs_BuildConfigurationId__</Key>
          <Value>26927</Value>
        </Property>
      </Properties>
      <TestMethod codeBase="file://CMP01-YKUMAR/QATestAutomationBuildsDrop/QATestAutomation/QATestAutomation_20180509.2/GlobalSettings.DLL" adapterTypeName="Microsoft.VisualStudio.TestTools.TestTypes.Unit.UnitTestAdapter, Microsoft.VisualStudio.QualityTools.Tips.UnitTest.Adapter, Version=12.0.0.0, Culture=neutral, PublicKeyToken=b03f5f7f11d50a3a" className="TestAuto.GlobalSettings, GlobalSettings, Version=1.0.0.0, Culture=neutral, PublicKeyToken=null" name="GlobalSettingsAmountRemainingUntilFreeShipping" />
      <Extension>Microsoft.VisualStudio.TestTools.UITesting.CodedUITestAttribute, Microsoft.VisualStudio.QualityTools.CodedUITestFramework, Version=12.0.0.0, Culture=neutral, PublicKeyToken=b03f5f7f11d50a3a</Extension>
    </UnitTest>
    <UnitTest name="GlobalSettingsSignIn" storage="\\cmp01-ykumar\qatestautomationbuildsdrop\qatestautomation\qatestautomation_20180509.2\globalsettings.dll" id="64bb899a-bd56-2f16-8f64-01798bc898de">
      <DeploymentItems>
        <DeploymentItem filename="TestData\GlobalSettingsTestData.xml" />
        <DeploymentItem filename="SharedCommonConfig\SharedCommonConfig.xml" />
      </DeploymentItems>
      <TcmInformation testCaseId="1347" testRunId="26924" testResultId="100003" />
      <Execution id="7b03fa33-1210-4653-8792-54d0d7e3ae6b" />
      <Properties>
        <Property>
          <Key>__Tfs_BuildUri__</Key>
          <Value>vstfs:///Build/Build/1899</Value>
        </Property>
        <Property>
          <Key>__Tfs_IsInLabEnvironment__</Key>
          <Value>true</Value>
        </Property>
        <Property>
          <Key>__Tfs_TestRunId__</Key>
          <Value>26924</Value>
        </Property>
        <Property>
          <Key>__Tfs_TestCaseId__</Key>
          <Value>1347</Value>
        </Property>
        <Property>
          <Key>__Tfs_TeamProject__</Key>
          <Value>WebSphere</Value>
        </Property>
        <Property>
          <Key>__Tfs_BuildDirectory__</Key>
          <Value>\\CMP01-YKUMAR\QATestAutomationBuildsDrop\QATestAutomation\QATestAutomation_20180509.2</Value>
        </Property>
        <Property>
          <Key>__Tfs_LabEnvironment__</Key>
          <Value>&lt;?xml version="1.0" encoding="utf-16"?&gt;&lt;LabEnvironment Id="afd904c8-4332-4335-bd1d-55612a5eed76" Name="CMP01-INDIASQA" Uri="vstfs:///LabManagement/LabEnvironment/316"&gt;&lt;LabSystems&gt;&lt;LabSystem Name="CMP01-INDIASQA" ComputerName="CMP01-INDIASQA.horizonhobby.com" Roles="BS2CUIT"&gt;&lt;CustomProperties /&gt;&lt;/LabSystem&gt;&lt;/LabSystems&gt;&lt;/LabEnvironment&gt;</Value>
        </Property>
        <Property>
          <Key>__Tfs_TestConfigurationId__</Key>
          <Value>17</Value>
        </Property>
        <Property>
          <Key>__Tfs_TestPlanId__</Key>
          <Value>13</Value>
        </Property>
        <Property>
          <Key>__Tfs_TestConfigurationName__</Key>
          <Value>Win 7 with IE 11</Value>
        </Property>
        <Property>
          <Key>__Tfs_TestPointId__</Key>
          <Value>110332</Value>
        </Property>
        <Property>
          <Key>__Tfs_TfsServerCollectionUrl__</Key>
          <Value>http://cmp02-app05:8080/tfs/defaultcollection</Value>
        </Property>
        <Property>
          <Key>__Tfs_BuildPlatform__</Key>
          <Value>Any CPU</Value>
        </Property>
        <Property>
          <Key>__Tfs_BuildNumber__</Key>
          <Value>QATestAutomation_20180509.2</Value>
        </Property>
        <Property>
          <Key>__Tfs_BuildFlavor__</Key>
          <Value>Debug</Value>
        </Property>
        <Property>
          <Key>__Tfs_BuildConfigurationId__</Key>
          <Value>26927</Value>
        </Property>
      </Properties>
      <TestMethod codeBase="file://CMP01-YKUMAR/QATestAutomationBuildsDrop/QATestAutomation/QATestAutomation_20180509.2/GlobalSettings.DLL" adapterTypeName="Microsoft.VisualStudio.TestTools.TestTypes.Unit.UnitTestAdapter, Microsoft.VisualStudio.QualityTools.Tips.UnitTest.Adapter, Version=12.0.0.0, Culture=neutral, PublicKeyToken=b03f5f7f11d50a3a" className="TestAuto.GlobalSettings, GlobalSettings, Version=1.0.0.0, Culture=neutral, PublicKeyToken=null" name="GlobalSettingsSignIn" />
      <Extension>Microsoft.VisualStudio.TestTools.UITesting.CodedUITestAttribute, Microsoft.VisualStudio.QualityTools.CodedUITestFramework, Version=12.0.0.0, Culture=neutral, PublicKeyToken=b03f5f7f11d50a3a</Extension>
    </UnitTest>
    <UnitTest name="PayPalCheckoutAPOFPOAddress" storage="\\cmp01-ykumar\qatestautomationbuildsdrop\qatestautomation\qatestautomation_20180509.2\checkout_test.dll" id="8b8bc6f6-6610-37ce-c0a4-7717e5798697">
      <DeploymentItems>
        <DeploymentItem filename="TestData\CheckoutPaypalTestData.xml" />
        <DeploymentItem filename="SharedCommonConfig\SharedCommonConfig.xml" />
      </DeploymentItems>
      <TcmInformation testCaseId="1569" testRunId="26924" testResultId="100059" />
      <Execution id="421eb9b6-f4d7-4dcf-b4a6-ce7c5bc8ad55" />
      <Properties>
        <Property>
          <Key>__Tfs_BuildUri__</Key>
          <Value>vstfs:///Build/Build/1899</Value>
        </Property>
        <Property>
          <Key>__Tfs_IsInLabEnvironment__</Key>
          <Value>true</Value>
        </Property>
        <Property>
          <Key>__Tfs_TestRunId__</Key>
          <Value>26924</Value>
        </Property>
        <Property>
          <Key>__Tfs_TestCaseId__</Key>
          <Value>1569</Value>
        </Property>
        <Property>
          <Key>__Tfs_TeamProject__</Key>
          <Value>WebSphere</Value>
        </Property>
        <Property>
          <Key>__Tfs_BuildDirectory__</Key>
          <Value>\\CMP01-YKUMAR\QATestAutomationBuildsDrop\QATestAutomation\QATestAutomation_20180509.2</Value>
        </Property>
        <Property>
          <Key>__Tfs_LabEnvironment__</Key>
          <Value>&lt;?xml version="1.0" encoding="utf-16"?&gt;&lt;LabEnvironment Id="afd904c8-4332-4335-bd1d-55612a5eed76" Name="CMP01-INDIASQA" Uri="vstfs:///LabManagement/LabEnvironment/316"&gt;&lt;LabSystems&gt;&lt;LabSystem Name="CMP01-INDIASQA" ComputerName="CMP01-INDIASQA.horizonhobby.com" Roles="BS2CUIT"&gt;&lt;CustomProperties /&gt;&lt;/LabSystem&gt;&lt;/LabSystems&gt;&lt;/LabEnvironment&gt;</Value>
        </Property>
        <Property>
          <Key>__Tfs_TestConfigurationId__</Key>
          <Value>17</Value>
        </Property>
        <Property>
          <Key>__Tfs_TestPlanId__</Key>
          <Value>13</Value>
        </Property>
        <Property>
          <Key>__Tfs_TestConfigurationName__</Key>
          <Value>Win 7 with IE 11</Value>
        </Property>
        <Property>
          <Key>__Tfs_TestPointId__</Key>
          <Value>110182</Value>
        </Property>
        <Property>
          <Key>__Tfs_TfsServerCollectionUrl__</Key>
          <Value>http://cmp02-app05:8080/tfs/defaultcollection</Value>
        </Property>
        <Property>
          <Key>__Tfs_BuildPlatform__</Key>
          <Value>Any CPU</Value>
        </Property>
        <Property>
          <Key>__Tfs_BuildNumber__</Key>
          <Value>QATestAutomation_20180509.2</Value>
        </Property>
        <Property>
          <Key>__Tfs_BuildFlavor__</Key>
          <Value>Debug</Value>
        </Property>
        <Property>
          <Key>__Tfs_BuildConfigurationId__</Key>
          <Value>26927</Value>
        </Property>
      </Properties>
      <TestMethod codeBase="file://CMP01-YKUMAR/QATestAutomationBuildsDrop/QATestAutomation/QATestAutomation_20180509.2/Checkout_Test.DLL" adapterTypeName="Microsoft.VisualStudio.TestTools.TestTypes.Unit.UnitTestAdapter, Microsoft.VisualStudio.QualityTools.Tips.UnitTest.Adapter, Version=12.0.0.0, Culture=neutral, PublicKeyToken=b03f5f7f11d50a3a" className="TestAuto.CheckoutPayPal, Checkout_Test, Version=1.0.0.0, Culture=neutral, PublicKeyToken=null" name="PayPalCheckoutAPOFPOAddress" />
      <Extension>Microsoft.VisualStudio.TestTools.UITesting.CodedUITestAttribute, Microsoft.VisualStudio.QualityTools.CodedUITestFramework, Version=12.0.0.0, Culture=neutral, PublicKeyToken=b03f5f7f11d50a3a</Extension>
    </UnitTest>
    <UnitTest name="CategoryListPaginationTopOfPage" storage="\\cmp01-ykumar\qatestautomationbuildsdrop\qatestautomation\qatestautomation_20180509.2\categorylistlevel3.dll" id="076e3948-b3b6-768f-48b9-94366a2bd839">
      <DeploymentItems>
        <DeploymentItem filename="TestData\CategoryListLevel3TestData.xml" />
        <DeploymentItem filename="SharedCommonConfig\SharedCommonConfig.xml" />
      </DeploymentItems>
      <TcmInformation testCaseId="1424" testRunId="26924" testResultId="100022" />
      <Execution id="78047f10-c46f-42c1-b685-40756e0e68b7" />
      <Properties>
        <Property>
          <Key>__Tfs_BuildUri__</Key>
          <Value>vstfs:///Build/Build/1899</Value>
        </Property>
        <Property>
          <Key>__Tfs_IsInLabEnvironment__</Key>
          <Value>true</Value>
        </Property>
        <Property>
          <Key>__Tfs_TestRunId__</Key>
          <Value>26924</Value>
        </Property>
        <Property>
          <Key>__Tfs_TestCaseId__</Key>
          <Value>1424</Value>
        </Property>
        <Property>
          <Key>__Tfs_TeamProject__</Key>
          <Value>WebSphere</Value>
        </Property>
        <Property>
          <Key>__Tfs_BuildDirectory__</Key>
          <Value>\\CMP01-YKUMAR\QATestAutomationBuildsDrop\QATestAutomation\QATestAutomation_20180509.2</Value>
        </Property>
        <Property>
          <Key>__Tfs_LabEnvironment__</Key>
          <Value>&lt;?xml version="1.0" encoding="utf-16"?&gt;&lt;LabEnvironment Id="afd904c8-4332-4335-bd1d-55612a5eed76" Name="CMP01-INDIASQA" Uri="vstfs:///LabManagement/LabEnvironment/316"&gt;&lt;LabSystems&gt;&lt;LabSystem Name="CMP01-INDIASQA" ComputerName="CMP01-INDIASQA.horizonhobby.com" Roles="BS2CUIT"&gt;&lt;CustomProperties /&gt;&lt;/LabSystem&gt;&lt;/LabSystems&gt;&lt;/LabEnvironment&gt;</Value>
        </Property>
        <Property>
          <Key>__Tfs_TestConfigurationId__</Key>
          <Value>17</Value>
        </Property>
        <Property>
          <Key>__Tfs_TestPlanId__</Key>
          <Value>13</Value>
        </Property>
        <Property>
          <Key>__Tfs_TestConfigurationName__</Key>
          <Value>Win 7 with IE 11</Value>
        </Property>
        <Property>
          <Key>__Tfs_TestPointId__</Key>
          <Value>110134</Value>
        </Property>
        <Property>
          <Key>__Tfs_TfsServerCollectionUrl__</Key>
          <Value>http://cmp02-app05:8080/tfs/defaultcollection</Value>
        </Property>
        <Property>
          <Key>__Tfs_BuildPlatform__</Key>
          <Value>Any CPU</Value>
        </Property>
        <Property>
          <Key>__Tfs_BuildNumber__</Key>
          <Value>QATestAutomation_20180509.2</Value>
        </Property>
        <Property>
          <Key>__Tfs_BuildFlavor__</Key>
          <Value>Debug</Value>
        </Property>
        <Property>
          <Key>__Tfs_BuildConfigurationId__</Key>
          <Value>26927</Value>
        </Property>
      </Properties>
      <TestMethod codeBase="file://CMP01-YKUMAR/QATestAutomationBuildsDrop/QATestAutomation/QATestAutomation_20180509.2/CategoryListLevel3.DLL" adapterTypeName="Microsoft.VisualStudio.TestTools.TestTypes.Unit.UnitTestAdapter, Microsoft.VisualStudio.QualityTools.Tips.UnitTest.Adapter, Version=12.0.0.0, Culture=neutral, PublicKeyToken=b03f5f7f11d50a3a" className="TestAuto.CategoryListLevel3, CategoryListLevel3, Version=1.0.0.0, Culture=neutral, PublicKeyToken=null" name="CategoryListPaginationTopOfPage" />
      <Extension>Microsoft.VisualStudio.TestTools.UITesting.CodedUITestAttribute, Microsoft.VisualStudio.QualityTools.CodedUITestFramework, Version=12.0.0.0, Culture=neutral, PublicKeyToken=b03f5f7f11d50a3a</Extension>
    </UnitTest>
    <UnitTest name="ProductPageStockStatusDisplay" storage="\\cmp01-ykumar\qatestautomationbuildsdrop\qatestautomation\qatestautomation_20180509.2\productpagetest.dll" id="97142ab2-1ddd-37f6-d47c-ff8c21855981">
      <DeploymentItems>
        <DeploymentItem filename="TestData\ProductPageTestData.xml" />
        <DeploymentItem filename="SharedCommonConfig\SharedCommonConfig.xml" />
      </DeploymentItems>
      <TcmInformation testCaseId="1586" testRunId="26924" testResultId="100066" />
      <Execution id="463c9e69-6875-4f45-b419-6bef0767fafe" />
      <Properties>
        <Property>
          <Key>__Tfs_BuildUri__</Key>
          <Value>vstfs:///Build/Build/1899</Value>
        </Property>
        <Property>
          <Key>__Tfs_IsInLabEnvironment__</Key>
          <Value>true</Value>
        </Property>
        <Property>
          <Key>__Tfs_TestRunId__</Key>
          <Value>26924</Value>
        </Property>
        <Property>
          <Key>__Tfs_TestCaseId__</Key>
          <Value>1586</Value>
        </Property>
        <Property>
          <Key>__Tfs_TeamProject__</Key>
          <Value>WebSphere</Value>
        </Property>
        <Property>
          <Key>__Tfs_BuildDirectory__</Key>
          <Value>\\CMP01-YKUMAR\QATestAutomationBuildsDrop\QATestAutomation\QATestAutomation_20180509.2</Value>
        </Property>
        <Property>
          <Key>__Tfs_LabEnvironment__</Key>
          <Value>&lt;?xml version="1.0" encoding="utf-16"?&gt;&lt;LabEnvironment Id="afd904c8-4332-4335-bd1d-55612a5eed76" Name="CMP01-INDIASQA" Uri="vstfs:///LabManagement/LabEnvironment/316"&gt;&lt;LabSystems&gt;&lt;LabSystem Name="CMP01-INDIASQA" ComputerName="CMP01-INDIASQA.horizonhobby.com" Roles="BS2CUIT"&gt;&lt;CustomProperties /&gt;&lt;/LabSystem&gt;&lt;/LabSystems&gt;&lt;/LabEnvironment&gt;</Value>
        </Property>
        <Property>
          <Key>__Tfs_TestConfigurationId__</Key>
          <Value>17</Value>
        </Property>
        <Property>
          <Key>__Tfs_TestPlanId__</Key>
          <Value>13</Value>
        </Property>
        <Property>
          <Key>__Tfs_TestConfigurationName__</Key>
          <Value>Win 7 with IE 11</Value>
        </Property>
        <Property>
          <Key>__Tfs_TestPointId__</Key>
          <Value>110184</Value>
        </Property>
        <Property>
          <Key>__Tfs_TfsServerCollectionUrl__</Key>
          <Value>http://cmp02-app05:8080/tfs/defaultcollection</Value>
        </Property>
        <Property>
          <Key>__Tfs_BuildPlatform__</Key>
          <Value>Any CPU</Value>
        </Property>
        <Property>
          <Key>__Tfs_BuildNumber__</Key>
          <Value>QATestAutomation_20180509.2</Value>
        </Property>
        <Property>
          <Key>__Tfs_BuildFlavor__</Key>
          <Value>Debug</Value>
        </Property>
        <Property>
          <Key>__Tfs_BuildConfigurationId__</Key>
          <Value>26927</Value>
        </Property>
      </Properties>
      <TestMethod codeBase="file://CMP01-YKUMAR/QATestAutomationBuildsDrop/QATestAutomation/QATestAutomation_20180509.2/ProductPageTest.DLL" adapterTypeName="Microsoft.VisualStudio.TestTools.TestTypes.Unit.UnitTestAdapter, Microsoft.VisualStudio.QualityTools.Tips.UnitTest.Adapter, Version=12.0.0.0, Culture=neutral, PublicKeyToken=b03f5f7f11d50a3a" className="TestAuto.ProductPageTest, ProductPageTest, Version=1.0.0.0, Culture=neutral, PublicKeyToken=null" name="ProductPageStockStatusDisplay" />
      <Extension>Microsoft.VisualStudio.TestTools.UITesting.CodedUITestAttribute, Microsoft.VisualStudio.QualityTools.CodedUITestFramework, Version=12.0.0.0, Culture=neutral, PublicKeyToken=b03f5f7f11d50a3a</Extension>
    </UnitTest>
    <UnitTest name="CartPromoCodeExplanation" storage="\\cmp01-ykumar\qatestautomationbuildsdrop\qatestautomation\qatestautomation_20180509.2\cartdisplaytest.dll" id="8a43420a-b871-69d4-bc1d-7f8d58a2ef21">
      <DeploymentItems>
        <DeploymentItem filename="TestData\CartDisplayTestData.xml" />
        <DeploymentItem filename="SharedCommonConfig\SharedCommonConfig.xml" />
      </DeploymentItems>
      <TcmInformation testCaseId="1530" testRunId="26924" testResultId="100050" />
      <Execution id="4ef5e805-7c18-49f3-874b-d608b215f133" />
      <Properties>
        <Property>
          <Key>__Tfs_BuildUri__</Key>
          <Value>vstfs:///Build/Build/1899</Value>
        </Property>
        <Property>
          <Key>__Tfs_IsInLabEnvironment__</Key>
          <Value>true</Value>
        </Property>
        <Property>
          <Key>__Tfs_TestRunId__</Key>
          <Value>26924</Value>
        </Property>
        <Property>
          <Key>__Tfs_TestCaseId__</Key>
          <Value>1530</Value>
        </Property>
        <Property>
          <Key>__Tfs_TeamProject__</Key>
          <Value>WebSphere</Value>
        </Property>
        <Property>
          <Key>__Tfs_BuildDirectory__</Key>
          <Value>\\CMP01-YKUMAR\QATestAutomationBuildsDrop\QATestAutomation\QATestAutomation_20180509.2</Value>
        </Property>
        <Property>
          <Key>__Tfs_LabEnvironment__</Key>
          <Value>&lt;?xml version="1.0" encoding="utf-16"?&gt;&lt;LabEnvironment Id="afd904c8-4332-4335-bd1d-55612a5eed76" Name="CMP01-INDIASQA" Uri="vstfs:///LabManagement/LabEnvironment/316"&gt;&lt;LabSystems&gt;&lt;LabSystem Name="CMP01-INDIASQA" ComputerName="CMP01-INDIASQA.horizonhobby.com" Roles="BS2CUIT"&gt;&lt;CustomProperties /&gt;&lt;/LabSystem&gt;&lt;/LabSystems&gt;&lt;/LabEnvironment&gt;</Value>
        </Property>
        <Property>
          <Key>__Tfs_TestConfigurationId__</Key>
          <Value>17</Value>
        </Property>
        <Property>
          <Key>__Tfs_TestPlanId__</Key>
          <Value>13</Value>
        </Property>
        <Property>
          <Key>__Tfs_TestConfigurationName__</Key>
          <Value>Win 7 with IE 11</Value>
        </Property>
        <Property>
          <Key>__Tfs_TestPointId__</Key>
          <Value>110175</Value>
        </Property>
        <Property>
          <Key>__Tfs_TfsServerCollectionUrl__</Key>
          <Value>http://cmp02-app05:8080/tfs/defaultcollection</Value>
        </Property>
        <Property>
          <Key>__Tfs_BuildPlatform__</Key>
          <Value>Any CPU</Value>
        </Property>
        <Property>
          <Key>__Tfs_BuildNumber__</Key>
          <Value>QATestAutomation_20180509.2</Value>
        </Property>
        <Property>
          <Key>__Tfs_BuildFlavor__</Key>
          <Value>Debug</Value>
        </Property>
        <Property>
          <Key>__Tfs_BuildConfigurationId__</Key>
          <Value>26927</Value>
        </Property>
      </Properties>
      <TestMethod codeBase="file://CMP01-YKUMAR/QATestAutomationBuildsDrop/QATestAutomation/QATestAutomation_20180509.2/CartDisplayTest.DLL" adapterTypeName="Microsoft.VisualStudio.TestTools.TestTypes.Unit.UnitTestAdapter, Microsoft.VisualStudio.QualityTools.Tips.UnitTest.Adapter, Version=12.0.0.0, Culture=neutral, PublicKeyToken=b03f5f7f11d50a3a" className="TestAuto.CartDisplayTest, CartDisplayTest, Version=1.0.0.0, Culture=neutral, PublicKeyToken=null" name="CartPromoCodeExplanation" />
      <Extension>Microsoft.VisualStudio.TestTools.UITesting.CodedUITestAttribute, Microsoft.VisualStudio.QualityTools.CodedUITestFramework, Version=12.0.0.0, Culture=neutral, PublicKeyToken=b03f5f7f11d50a3a</Extension>
    </UnitTest>
    <UnitTest name="SearchESpots" storage="\\cmp01-ykumar\qatestautomationbuildsdrop\qatestautomation\qatestautomation_20180509.2\searchtest.dll" id="530aa678-6bd0-8140-04e8-766229268431">
      <DeploymentItems>
        <DeploymentItem filename="TestData\SearchTestData.xml" />
        <DeploymentItem filename="SharedCommonConfig\SharedCommonConfig.xml" />
      </DeploymentItems>
      <TcmInformation testCaseId="1510" testRunId="26924" testResultId="100047" />
      <Execution id="c28b7adb-53a9-47f5-a815-4f9176f212d9" />
      <Properties>
        <Property>
          <Key>__Tfs_BuildUri__</Key>
          <Value>vstfs:///Build/Build/1899</Value>
        </Property>
        <Property>
          <Key>__Tfs_IsInLabEnvironment__</Key>
          <Value>true</Value>
        </Property>
        <Property>
          <Key>__Tfs_TestRunId__</Key>
          <Value>26924</Value>
        </Property>
        <Property>
          <Key>__Tfs_TestCaseId__</Key>
          <Value>1510</Value>
        </Property>
        <Property>
          <Key>__Tfs_TeamProject__</Key>
          <Value>WebSphere</Value>
        </Property>
        <Property>
          <Key>__Tfs_BuildDirectory__</Key>
          <Value>\\CMP01-YKUMAR\QATestAutomationBuildsDrop\QATestAutomation\QATestAutomation_20180509.2</Value>
        </Property>
        <Property>
          <Key>__Tfs_LabEnvironment__</Key>
          <Value>&lt;?xml version="1.0" encoding="utf-16"?&gt;&lt;LabEnvironment Id="afd904c8-4332-4335-bd1d-55612a5eed76" Name="CMP01-INDIASQA" Uri="vstfs:///LabManagement/LabEnvironment/316"&gt;&lt;LabSystems&gt;&lt;LabSystem Name="CMP01-INDIASQA" ComputerName="CMP01-INDIASQA.horizonhobby.com" Roles="BS2CUIT"&gt;&lt;CustomProperties /&gt;&lt;/LabSystem&gt;&lt;/LabSystems&gt;&lt;/LabEnvironment&gt;</Value>
        </Property>
        <Property>
          <Key>__Tfs_TestConfigurationId__</Key>
          <Value>17</Value>
        </Property>
        <Property>
          <Key>__Tfs_TestPlanId__</Key>
          <Value>13</Value>
        </Property>
        <Property>
          <Key>__Tfs_TestConfigurationName__</Key>
          <Value>Win 7 with IE 11</Value>
        </Property>
        <Property>
          <Key>__Tfs_TestPointId__</Key>
          <Value>110170</Value>
        </Property>
        <Property>
          <Key>__Tfs_TfsServerCollectionUrl__</Key>
          <Value>http://cmp02-app05:8080/tfs/defaultcollection</Value>
        </Property>
        <Property>
          <Key>__Tfs_BuildPlatform__</Key>
          <Value>Any CPU</Value>
        </Property>
        <Property>
          <Key>__Tfs_BuildNumber__</Key>
          <Value>QATestAutomation_20180509.2</Value>
        </Property>
        <Property>
          <Key>__Tfs_BuildFlavor__</Key>
          <Value>Debug</Value>
        </Property>
        <Property>
          <Key>__Tfs_BuildConfigurationId__</Key>
          <Value>26927</Value>
        </Property>
      </Properties>
      <TestMethod codeBase="file://CMP01-YKUMAR/QATestAutomationBuildsDrop/QATestAutomation/QATestAutomation_20180509.2/SearchTest.DLL" adapterTypeName="Microsoft.VisualStudio.TestTools.TestTypes.Unit.UnitTestAdapter, Microsoft.VisualStudio.QualityTools.Tips.UnitTest.Adapter, Version=12.0.0.0, Culture=neutral, PublicKeyToken=b03f5f7f11d50a3a" className="TestAuto.SearchTest, SearchTest, Version=1.0.0.0, Culture=neutral, PublicKeyToken=null" name="SearchESpots" />
      <Extension>Microsoft.VisualStudio.TestTools.UITesting.CodedUITestAttribute, Microsoft.VisualStudio.QualityTools.CodedUITestFramework, Version=12.0.0.0, Culture=neutral, PublicKeyToken=b03f5f7f11d50a3a</Extension>
    </UnitTest>
    <UnitTest name="SearchStockStatus" storage="\\cmp01-ykumar\qatestautomationbuildsdrop\qatestautomation\qatestautomation_20180509.2\searchtest.dll" id="731132da-259a-e0f7-e6f2-2b93ce8e2525">
      <DeploymentItems>
        <DeploymentItem filename="TestData\SearchTestData.xml" />
        <DeploymentItem filename="SharedCommonConfig\SharedCommonConfig.xml" />
      </DeploymentItems>
      <TcmInformation testCaseId="1359" testRunId="26924" testResultId="100006" />
      <Execution id="6496a855-7590-4f7e-92af-0adf969b7fdf" />
      <Properties>
        <Property>
          <Key>__Tfs_BuildUri__</Key>
          <Value>vstfs:///Build/Build/1899</Value>
        </Property>
        <Property>
          <Key>__Tfs_IsInLabEnvironment__</Key>
          <Value>true</Value>
        </Property>
        <Property>
          <Key>__Tfs_TestRunId__</Key>
          <Value>26924</Value>
        </Property>
        <Property>
          <Key>__Tfs_TestCaseId__</Key>
          <Value>1359</Value>
        </Property>
        <Property>
          <Key>__Tfs_TeamProject__</Key>
          <Value>WebSphere</Value>
        </Property>
        <Property>
          <Key>__Tfs_BuildDirectory__</Key>
          <Value>\\CMP01-YKUMAR\QATestAutomationBuildsDrop\QATestAutomation\QATestAutomation_20180509.2</Value>
        </Property>
        <Property>
          <Key>__Tfs_LabEnvironment__</Key>
          <Value>&lt;?xml version="1.0" encoding="utf-16"?&gt;&lt;LabEnvironment Id="afd904c8-4332-4335-bd1d-55612a5eed76" Name="CMP01-INDIASQA" Uri="vstfs:///LabManagement/LabEnvironment/316"&gt;&lt;LabSystems&gt;&lt;LabSystem Name="CMP01-INDIASQA" ComputerName="CMP01-INDIASQA.horizonhobby.com" Roles="BS2CUIT"&gt;&lt;CustomProperties /&gt;&lt;/LabSystem&gt;&lt;/LabSystems&gt;&lt;/LabEnvironment&gt;</Value>
        </Property>
        <Property>
          <Key>__Tfs_TestConfigurationId__</Key>
          <Value>17</Value>
        </Property>
        <Property>
          <Key>__Tfs_TestPlanId__</Key>
          <Value>13</Value>
        </Property>
        <Property>
          <Key>__Tfs_TestConfigurationName__</Key>
          <Value>Win 7 with IE 11</Value>
        </Property>
        <Property>
          <Key>__Tfs_TestPointId__</Key>
          <Value>110114</Value>
        </Property>
        <Property>
          <Key>__Tfs_TfsServerCollectionUrl__</Key>
          <Value>http://cmp02-app05:8080/tfs/defaultcollection</Value>
        </Property>
        <Property>
          <Key>__Tfs_BuildPlatform__</Key>
          <Value>Any CPU</Value>
        </Property>
        <Property>
          <Key>__Tfs_BuildNumber__</Key>
          <Value>QATestAutomation_20180509.2</Value>
        </Property>
        <Property>
          <Key>__Tfs_BuildFlavor__</Key>
          <Value>Debug</Value>
        </Property>
        <Property>
          <Key>__Tfs_BuildConfigurationId__</Key>
          <Value>26927</Value>
        </Property>
      </Properties>
      <TestMethod codeBase="file://CMP01-YKUMAR/QATestAutomationBuildsDrop/QATestAutomation/QATestAutomation_20180509.2/SearchTest.DLL" adapterTypeName="Microsoft.VisualStudio.TestTools.TestTypes.Unit.UnitTestAdapter, Microsoft.VisualStudio.QualityTools.Tips.UnitTest.Adapter, Version=12.0.0.0, Culture=neutral, PublicKeyToken=b03f5f7f11d50a3a" className="TestAuto.SearchTest, SearchTest, Version=1.0.0.0, Culture=neutral, PublicKeyToken=null" name="SearchStockStatus" />
      <Extension>Microsoft.VisualStudio.TestTools.UITesting.CodedUITestAttribute, Microsoft.VisualStudio.QualityTools.CodedUITestFramework, Version=12.0.0.0, Culture=neutral, PublicKeyToken=b03f5f7f11d50a3a</Extension>
    </UnitTest>
    <UnitTest name="CartPromoCodeRemovalExplanantion" storage="\\cmp01-ykumar\qatestautomationbuildsdrop\qatestautomation\qatestautomation_20180509.2\cartdisplaytest.dll" id="3bf51dfd-121e-12b0-088e-b3d94def1ce6">
      <DeploymentItems>
        <DeploymentItem filename="TestData\CartDisplayTestData.xml" />
        <DeploymentItem filename="SharedCommonConfig\SharedCommonConfig.xml" />
      </DeploymentItems>
      <TcmInformation testCaseId="1422" testRunId="26924" testResultId="100020" />
      <Execution id="09baea8b-8a65-4dcb-873c-aca55ddacc05" />
      <Properties>
        <Property>
          <Key>__Tfs_BuildUri__</Key>
          <Value>vstfs:///Build/Build/1899</Value>
        </Property>
        <Property>
          <Key>__Tfs_IsInLabEnvironment__</Key>
          <Value>true</Value>
        </Property>
        <Property>
          <Key>__Tfs_TestRunId__</Key>
          <Value>26924</Value>
        </Property>
        <Property>
          <Key>__Tfs_TestCaseId__</Key>
          <Value>1422</Value>
        </Property>
        <Property>
          <Key>__Tfs_TeamProject__</Key>
          <Value>WebSphere</Value>
        </Property>
        <Property>
          <Key>__Tfs_BuildDirectory__</Key>
          <Value>\\CMP01-YKUMAR\QATestAutomationBuildsDrop\QATestAutomation\QATestAutomation_20180509.2</Value>
        </Property>
        <Property>
          <Key>__Tfs_LabEnvironment__</Key>
          <Value>&lt;?xml version="1.0" encoding="utf-16"?&gt;&lt;LabEnvironment Id="afd904c8-4332-4335-bd1d-55612a5eed76" Name="CMP01-INDIASQA" Uri="vstfs:///LabManagement/LabEnvironment/316"&gt;&lt;LabSystems&gt;&lt;LabSystem Name="CMP01-INDIASQA" ComputerName="CMP01-INDIASQA.horizonhobby.com" Roles="BS2CUIT"&gt;&lt;CustomProperties /&gt;&lt;/LabSystem&gt;&lt;/LabSystems&gt;&lt;/LabEnvironment&gt;</Value>
        </Property>
        <Property>
          <Key>__Tfs_TestConfigurationId__</Key>
          <Value>17</Value>
        </Property>
        <Property>
          <Key>__Tfs_TestPlanId__</Key>
          <Value>13</Value>
        </Property>
        <Property>
          <Key>__Tfs_TestConfigurationName__</Key>
          <Value>Win 7 with IE 11</Value>
        </Property>
        <Property>
          <Key>__Tfs_TestPointId__</Key>
          <Value>110132</Value>
        </Property>
        <Property>
          <Key>__Tfs_TfsServerCollectionUrl__</Key>
          <Value>http://cmp02-app05:8080/tfs/defaultcollection</Value>
        </Property>
        <Property>
          <Key>__Tfs_BuildPlatform__</Key>
          <Value>Any CPU</Value>
        </Property>
        <Property>
          <Key>__Tfs_BuildNumber__</Key>
          <Value>QATestAutomation_20180509.2</Value>
        </Property>
        <Property>
          <Key>__Tfs_BuildFlavor__</Key>
          <Value>Debug</Value>
        </Property>
        <Property>
          <Key>__Tfs_BuildConfigurationId__</Key>
          <Value>26927</Value>
        </Property>
      </Properties>
      <TestMethod codeBase="file://CMP01-YKUMAR/QATestAutomationBuildsDrop/QATestAutomation/QATestAutomation_20180509.2/CartDisplayTest.DLL" adapterTypeName="Microsoft.VisualStudio.TestTools.TestTypes.Unit.UnitTestAdapter, Microsoft.VisualStudio.QualityTools.Tips.UnitTest.Adapter, Version=12.0.0.0, Culture=neutral, PublicKeyToken=b03f5f7f11d50a3a" className="TestAuto.CartDisplayTest, CartDisplayTest, Version=1.0.0.0, Culture=neutral, PublicKeyToken=null" name="CartPromoCodeRemovalExplanantion" />
      <Extension>Microsoft.VisualStudio.TestTools.UITesting.CodedUITestAttribute, Microsoft.VisualStudio.QualityTools.CodedUITestFramework, Version=12.0.0.0, Culture=neutral, PublicKeyToken=b03f5f7f11d50a3a</Extension>
    </UnitTest>
    <UnitTest name="ProductPageLandscapeImageViewOption" storage="\\cmp01-ykumar\qatestautomationbuildsdrop\qatestautomation\qatestautomation_20180509.2\productpagetest.dll" id="d1fb9b6e-f3f1-87e3-83a9-b463b3786527">
      <DeploymentItems>
        <DeploymentItem filename="TestData\ProductPageTestData.xml" />
        <DeploymentItem filename="SharedCommonConfig\SharedCommonConfig.xml" />
      </DeploymentItems>
      <TcmInformation testCaseId="1437" testRunId="26924" testResultId="100028" />
      <Execution id="a0ff525f-ddf3-4617-8fef-64efcbb87153" />
      <Properties>
        <Property>
          <Key>__Tfs_BuildUri__</Key>
          <Value>vstfs:///Build/Build/1899</Value>
        </Property>
        <Property>
          <Key>__Tfs_IsInLabEnvironment__</Key>
          <Value>true</Value>
        </Property>
        <Property>
          <Key>__Tfs_TestRunId__</Key>
          <Value>26924</Value>
        </Property>
        <Property>
          <Key>__Tfs_TestCaseId__</Key>
          <Value>1437</Value>
        </Property>
        <Property>
          <Key>__Tfs_TeamProject__</Key>
          <Value>WebSphere</Value>
        </Property>
        <Property>
          <Key>__Tfs_BuildDirectory__</Key>
          <Value>\\CMP01-YKUMAR\QATestAutomationBuildsDrop\QATestAutomation\QATestAutomation_20180509.2</Value>
        </Property>
        <Property>
          <Key>__Tfs_LabEnvironment__</Key>
          <Value>&lt;?xml version="1.0" encoding="utf-16"?&gt;&lt;LabEnvironment Id="afd904c8-4332-4335-bd1d-55612a5eed76" Name="CMP01-INDIASQA" Uri="vstfs:///LabManagement/LabEnvironment/316"&gt;&lt;LabSystems&gt;&lt;LabSystem Name="CMP01-INDIASQA" ComputerName="CMP01-INDIASQA.horizonhobby.com" Roles="BS2CUIT"&gt;&lt;CustomProperties /&gt;&lt;/LabSystem&gt;&lt;/LabSystems&gt;&lt;/LabEnvironment&gt;</Value>
        </Property>
        <Property>
          <Key>__Tfs_TestConfigurationId__</Key>
          <Value>17</Value>
        </Property>
        <Property>
          <Key>__Tfs_TestPlanId__</Key>
          <Value>13</Value>
        </Property>
        <Property>
          <Key>__Tfs_TestConfigurationName__</Key>
          <Value>Win 7 with IE 11</Value>
        </Property>
        <Property>
          <Key>__Tfs_TestPointId__</Key>
          <Value>110141</Value>
        </Property>
        <Property>
          <Key>__Tfs_TfsServerCollectionUrl__</Key>
          <Value>http://cmp02-app05:8080/tfs/defaultcollection</Value>
        </Property>
        <Property>
          <Key>__Tfs_BuildPlatform__</Key>
          <Value>Any CPU</Value>
        </Property>
        <Property>
          <Key>__Tfs_BuildNumber__</Key>
[...]
          <Message>[5/9/2018 10:49:46 PM]&lt;INFO&gt;GetBreadCrumbList : method executing ...</Message>
          <Message>[5/9/2018 10:49:51 PM]&lt;PASS&gt;&lt;ProductPageSearchFilterResultsValidation&gt;&lt;Validates the product listed in search result lies in selected category&gt;</Message>
          <Message>[5/9/2018 10:49:51 PM]&lt;PASS&gt;&lt;ProductPageSearchFilterResultsValidation&gt;&lt;Validates the product listed in search result lies in selected category&gt;</Message>
          <Message>[5/9/2018 10:49:51 PM]&lt;PASS&gt;&lt;ProductPageSearchFilterResultsValidation&gt;&lt;Validates the product listed in search result lies in selected category&gt;</Message>
          <Message>[5/9/2018 10:49:51 PM]&lt;PASS&gt;&lt;ProductPageSearchFilterResultsValidation&gt;&lt;Validates the product listed in search result lies in selected category&gt;</Message>
          <Message>[5/9/2018 10:49:53 PM]&lt;Info&gt;AllBrowserWindow : Locating browser window...</Message>
          <Message>[5/9/2018 10:50:19 PM]&lt;INFO&gt;ClickBrandItem : method executing ... 'Blade'</Message>
          <Message>[5/9/2018 10:50:24 PM]&lt;PASS&gt;&lt;CategoryListFilterResultsCategory&gt;&lt;Validates the total result of selected Blade (19) item and result items count&gt;</Message>
          <Message>[5/9/2018 10:50:24 PM]&lt;INFO&gt;ProductPageSearchFilterResultsValidation : method executing ...</Message>
          <Message>[5/9/2018 10:50:24 PM]&lt;INFO&gt;GetSearchResultTableRowsexecuting ...</Message>
          <Message>[5/9/2018 10:50:29 PM]&lt;Info&gt;AllBrowserWindow : Locating browser window...</Message>
          <Message>[5/9/2018 10:50:32 PM]&lt;INFO&gt;GetBreadCrumbList : method executing ...</Message>
          <Message>[5/9/2018 10:50:43 PM]&lt;PASS&gt;&lt;ProductPageSearchFilterResultsValidation&gt;&lt;Validates the product listed in search result lies in selected category&gt;</Message>
          <Message>[5/9/2018 10:50:43 PM]&lt;PASS&gt;&lt;ProductPageSearchFilterResultsValidation&gt;&lt;Validates the product listed in search result lies in selected category&gt;</Message>
          <Message>[5/9/2018 10:50:43 PM]&lt;PASS&gt;&lt;ProductPageSearchFilterResultsValidation&gt;&lt;Validates the product listed in search result lies in selected category&gt;</Message>
          <Message>[5/9/2018 10:50:43 PM]&lt;PASS&gt;&lt;ProductPageSearchFilterResultsValidation&gt;&lt;Validates the product listed in search result lies in selected category&gt;</Message>
          <Message>[5/9/2018 10:50:43 PM]&lt;INFO&gt;GetProductBrandName : method executing ...</Message>
          <Message>[5/9/2018 10:50:44 PM]&lt;PASS&gt;&lt;ProductPageSearchFilterResultsValidation&gt;&lt;Validates the search result list contains product for the filtered brand item only.&gt;</Message>
          <Message>[5/9/2018 10:50:45 PM]&lt;Info&gt;AllBrowserWindow : Locating browser window...</Message>
          <Message>[5/9/2018 10:51:08 PM]&lt;INFO&gt;ClickBrandItem : method executing ... 'Blade'</Message>
          <Message>[5/9/2018 10:51:21 PM]&lt;INFO&gt;ClickPriceItem : method executing ...</Message>
          <Message>[5/9/2018 10:51:28 PM]&lt;PASS&gt;&lt;CategoryListFilterResultsCategory&gt;&lt;Validates the total result of selected Less than $100 (3) item and result items count&gt;</Message>
          <Message>[5/9/2018 10:51:28 PM]&lt;INFO&gt;ProductPageSearchFilterResultsValidation : method executing ...</Message>
          <Message>[5/9/2018 10:51:28 PM]&lt;INFO&gt;GetSearchResultTableRowsexecuting ...</Message>
          <Message>[5/9/2018 10:51:32 PM]&lt;Info&gt;AllBrowserWindow : Locating browser window...</Message>
          <Message>[5/9/2018 10:51:35 PM]&lt;INFO&gt;GetBreadCrumbList : method executing ...</Message>
          <Message>[5/9/2018 10:51:48 PM]&lt;PASS&gt;&lt;CategoryListFilterResultsCategory&gt;&lt;Validates the product listed in search result lies in selected category&gt;</Message>
          <Message>[5/9/2018 10:51:48 PM]&lt;PASS&gt;&lt;CategoryListFilterResultsCategory&gt;&lt;Validates the product listed in search result lies in selected category&gt;</Message>
          <Message>[5/9/2018 10:51:48 PM]&lt;PASS&gt;&lt;CategoryListFilterResultsCategory&gt;&lt;Validates the product listed in search result lies in selected category&gt;</Message>
          <Message>[5/9/2018 10:51:48 PM]&lt;PASS&gt;&lt;CategoryListFilterResultsCategory&gt;&lt;Validates the product listed in search result lies in selected category&gt;</Message>
          <Message>[5/9/2018 10:51:48 PM]&lt;INFO&gt;GetProductBrandName : method executing ...</Message>
          <Message>[5/9/2018 10:51:49 PM]&lt;PASS&gt;&lt;CategoryListFilterResultsCategory&gt;&lt;Validates the search result list contains product for the filtered brand item only.&gt;</Message>
          <Message>[5/9/2018 10:51:49 PM]&lt;PASS&gt;&lt;CategoryListFilterResultsCategory&gt;&lt;Validates the product price $99.99 lies in the price range.Less than $100 (3) .&gt;</Message>
          <Message>[5/9/2018 10:51:51 PM]&lt;Info&gt;AllBrowserWindow : Locating browser window...</Message>
          <Message>[5/9/2018 10:52:16 PM]&lt;PASS&gt;&lt;CategoryListFilterResultsCategory&gt;&lt;Validates the total result of selected 19 item and result items count&gt;</Message>
          <Message>[5/9/2018 10:52:16 PM]&lt;RESULT&gt;Test Ended:#PASS=18, #FAIL=0</Message>
          <Message>[5/9/2018 10:52:17 PM]&lt;INFO&gt;LogCPUAndMemoryUsage: Available Memory = 24057(MB), CPU Usage = 3.181199%</Message>
          <Message>[5/9/2018 10:52:17 PM]&lt;INFO&gt;Private Working Set for QTAgent32_40, usage=450424 (K)</Message>
          <Message>[5/9/2018 10:52:17 PM]&lt;RESULT&gt;&lt;CategoryListFilterResultsCategory&gt; Test PASSED</Message>
        </TextMessages>
      </Output>
      <ResultFiles>
        <ResultFile path="CMP01-INDIASQA.horizonhobby.com\CategoryListFilterResultsCategory_20180509224827.log" />
        <ResultFile path="CMP01-INDIASQA.horizonhobby.com\CategoryListFilterResultsCategory_ResultsONLY_20180509224827.log" />
        <ResultFile path="CMP01-INDIASQA.horizonhobby.com\CategoryListLevel3TestData_224827.xml" />
        <ResultFile path="CMP01-INDIASQA.horizonhobby.com\SharedCommonConfig.xml" />
      </ResultFiles>
    </UnitTestResult>
    <UnitTestResult executionId="61ba70cf-1596-456e-a934-30ea9a09a08d" testId="fbb81d93-262d-179e-2958-02d37471b072" testName="CategoryListFilterResultsBrand" computerName="CMP01-INDIASQA" duration="00:02:19.3105961" startTime="2018-05-09T22:52:19.2138797-05:00" endTime="2018-05-09T22:54:38.5408797-05:00" testType="13cdc9d9-ddb5-4fa4-a97d-d965ccfc6d4b" outcome="Passed" testListId="8c84fa94-04c1-424b-9868-57a2d4851a1d" relativeResultsDirectory="61ba70cf-1596-456e-a934-30ea9a09a08d">
      <Output>
        <StdOut>Logging to custom path:\\CMP01-YKumar\AutoLog</StdOut>
        <TextMessages>
          <Message>
            [5/9/2018 10:52:19 PM]&lt;STARTLOG&gt;&lt;CategoryListFilterResultsBrand&gt;Test Started: Expecting: #PASS=Undefined and #FAIL=0
            Running from MTM=True, running on machine name:CMP01-INDIASQA, user name=ykumar, OS=Microsoft Windows NT 6.1.7601 Service Pack 1, Is64BitOS=True
          </Message>
          <Message>[5/9/2018 10:52:20 PM]&lt;INFO&gt;LogCPUAndMemoryUsage: Available Memory = 24344(MB), CPU Usage = 13.2254%</Message>
          <Message>[5/9/2018 10:52:20 PM]&lt;INFO&gt;Private Working Set for QTAgent32_40, usage=450640 (K)</Message>
          <Message>[5/9/2018 10:52:20 PM]&lt;INFO&gt;Path To TestConfig xml=E:\LoadTestResult\VSEQT\QTAgent\26924\CMP01-INDIASQA.horizonhobby.com\Deployment\SharedCommonConfig.xml</Message>
          <Message>[5/9/2018 10:52:20 PM]&lt;INFO&gt;Path To TestData xml=E:\LoadTestResult\VSEQT\QTAgent\26924\CMP01-INDIASQA.horizonhobby.com\Deployment\CategoryListLevel3TestData_225219.xml</Message>
          <Message>[5/9/2018 10:52:20 PM]&lt;INFO&gt;Path To HorizonHobbyQA Application Url=https://www-tst.horizonhobby.com</Message>
          <Message>[5/9/2018 10:52:20 PM]&lt;INFO&gt;HorizonHobbyQA sql connection string=Server=cmp02-ws-tst-db01:50000;Database=TST01DB;UID=wcdbuser;PWD=h0r1z0n;Connect Timeout=30</Message>
          <Message>[5/9/2018 10:52:20 PM]&lt;INFO&gt;Country is := US and language id is := '-1'</Message>
          <Message>[5/9/2018 10:52:20 PM]&lt;INFO&gt;Current browser used for test execution is = 'IE'</Message>
          <Message>[5/9/2018 10:52:23 PM]&lt;INFO&gt;GetMenuItems : method executing ... - Plug-N-Play</Message>
          <Message>[5/9/2018 10:52:26 PM]&lt;Info&gt;AllBrowserWindow : Locating browser window...</Message>
          <Message>[5/9/2018 10:52:55 PM]&lt;INFO&gt;ClickBrandItem : method executing ... 'FMS'</Message>
          <Message>[5/9/2018 10:53:00 PM]&lt;PASS&gt;&lt;CategoryListFilterResultsBrand&gt;&lt;Validates the total result of selected FMS (24) item and result items count&gt;</Message>
          <Message>[5/9/2018 10:53:00 PM]&lt;INFO&gt;ProductPageSearchFilterResultsValidation : method executing ...</Message>
          <Message>[5/9/2018 10:53:00 PM]&lt;INFO&gt;GetSearchResultTableRowsexecuting ...</Message>
          <Message>[5/9/2018 10:53:06 PM]&lt;Info&gt;AllBrowserWindow : Locating browser window...</Message>
          <Message>[5/9/2018 10:53:09 PM]&lt;INFO&gt;GetProductBrandName : method executing ...</Message>
          <Message>[5/9/2018 10:53:09 PM]&lt;PASS&gt;&lt;ProductPageSearchFilterResultsValidation&gt;&lt;Validates the search result list contains product for the filtered brand item only.&gt;</Message>
          <Message>[5/9/2018 10:53:11 PM]&lt;Info&gt;AllBrowserWindow : Locating browser window...</Message>
          <Message>[5/9/2018 10:53:33 PM]&lt;INFO&gt;ClickBrandItem : method executing ... 'FMS'</Message>
          <Message>[5/9/2018 10:53:42 PM]&lt;INFO&gt;ClickPriceItem : method executing ...</Message>
          <Message>[5/9/2018 10:53:50 PM]&lt;PASS&gt;&lt;CategoryListFilterResultsBrand&gt;&lt;Validates the total result of selected Between $100 and $200 (8) item and result items count&gt;</Message>
          <Message>[5/9/2018 10:53:50 PM]&lt;INFO&gt;ProductPageSearchFilterResultsValidation : method executing ...</Message>
          <Message>[5/9/2018 10:53:50 PM]&lt;INFO&gt;GetSearchResultTableRowsexecuting ...</Message>
          <Message>[5/9/2018 10:53:54 PM]&lt;Info&gt;AllBrowserWindow : Locating browser window...</Message>
          <Message>[5/9/2018 10:53:56 PM]&lt;INFO&gt;GetProductBrandName : method executing ...</Message>
          <Message>[5/9/2018 10:53:57 PM]&lt;PASS&gt;&lt;CategoryListFilterResultsBrand&gt;&lt;Validates the search result list contains product for the filtered brand item only.&gt;</Message>
          <Message>[5/9/2018 10:54:09 PM]&lt;PASS&gt;&lt;CategoryListFilterResultsBrand&gt;&lt;Validates the product price $101.59 lies in the price range.Between $100 and $200 (8) .&gt;</Message>
          <Message>[5/9/2018 10:54:10 PM]&lt;Info&gt;AllBrowserWindow : Locating browser window...</Message>
          <Message>[5/9/2018 10:54:35 PM]&lt;PASS&gt;&lt;CategoryListFilterResultsBrand&gt;&lt;Validates the total result of selected 44 item and result items count&gt;</Message>
          <Message>[5/9/2018 10:54:35 PM]&lt;RESULT&gt;Test Ended:#PASS=6, #FAIL=0</Message>
          <Message>[5/9/2018 10:54:36 PM]&lt;INFO&gt;LogCPUAndMemoryUsage: Available Memory = 24130(MB), CPU Usage = 33.96062%</Message>
          <Message>[5/9/2018 10:54:36 PM]&lt;INFO&gt;Private Working Set for QTAgent32_40, usage=446544 (K)</Message>
          <Message>[5/9/2018 10:54:36 PM]&lt;RESULT&gt;&lt;CategoryListFilterResultsBrand&gt; Test PASSED</Message>
        </TextMessages>
      </Output>
      <ResultFiles>
        <ResultFile path="CMP01-INDIASQA.horizonhobby.com\CategoryListFilterResultsBrand_20180509225219.log" />
        <ResultFile path="CMP01-INDIASQA.horizonhobby.com\CategoryListFilterResultsBrand_ResultsONLY_20180509225219.log" />
        <ResultFile path="CMP01-INDIASQA.horizonhobby.com\CategoryListLevel3TestData_225219.xml" />
        <ResultFile path="CMP01-INDIASQA.horizonhobby.com\SharedCommonConfig.xml" />
      </ResultFiles>
    </UnitTestResult>
    <UnitTestResult executionId="08df587f-a3ab-4ab0-b5f8-7d3af9405b29" testId="c50a982c-6788-beb1-7650-4e2453c235f2" testName="CategoryListFilterResultsPrice" computerName="CMP01-INDIASQA" duration="00:02:25.5487951" startTime="2018-05-09T22:54:38.5418797-05:00" endTime="2018-05-09T22:57:04.1098797-05:00" testType="13cdc9d9-ddb5-4fa4-a97d-d965ccfc6d4b" outcome="Passed" testListId="8c84fa94-04c1-424b-9868-57a2d4851a1d" relativeResultsDirectory="08df587f-a3ab-4ab0-b5f8-7d3af9405b29">
      <Output>
        <StdOut>Logging to custom path:\\CMP01-YKumar\AutoLog</StdOut>
        <TextMessages>
          <Message>
            [5/9/2018 10:54:38 PM]&lt;STARTLOG&gt;&lt;CategoryListFilterResultsPrice&gt;Test Started: Expecting: #PASS=Undefined and #FAIL=0
            Running from MTM=True, running on machine name:CMP01-INDIASQA, user name=ykumar, OS=Microsoft Windows NT 6.1.7601 Service Pack 1, Is64BitOS=True
          </Message>
          <Message>[5/9/2018 10:54:39 PM]&lt;INFO&gt;LogCPUAndMemoryUsage: Available Memory = 24338(MB), CPU Usage = 7.069717%</Message>
          <Message>[5/9/2018 10:54:39 PM]&lt;INFO&gt;Private Working Set for QTAgent32_40, usage=446660 (K)</Message>
          <Message>[5/9/2018 10:54:39 PM]&lt;INFO&gt;Path To TestConfig xml=E:\LoadTestResult\VSEQT\QTAgent\26924\CMP01-INDIASQA.horizonhobby.com\Deployment\SharedCommonConfig.xml</Message>
          <Message>[5/9/2018 10:54:39 PM]&lt;INFO&gt;Path To TestData xml=E:\LoadTestResult\VSEQT\QTAgent\26924\CMP01-INDIASQA.horizonhobby.com\Deployment\CategoryListLevel3TestData_225438.xml</Message>
          <Message>[5/9/2018 10:54:39 PM]&lt;INFO&gt;Path To HorizonHobbyQA Application Url=https://www-tst.horizonhobby.com</Message>
          <Message>[5/9/2018 10:54:39 PM]&lt;INFO&gt;HorizonHobbyQA sql connection string=Server=cmp02-ws-tst-db01:50000;Database=TST01DB;UID=wcdbuser;PWD=h0r1z0n;Connect Timeout=30</Message>
          <Message>[5/9/2018 10:54:39 PM]&lt;INFO&gt;Country is := US and language id is := '-1'</Message>
          <Message>[5/9/2018 10:54:39 PM]&lt;INFO&gt;Current browser used for test execution is = 'IE'</Message>
          <Message>[5/9/2018 10:54:43 PM]&lt;INFO&gt;GetMenuItems : method executing ... - Nitro Cars and Trucks</Message>
          <Message>[5/9/2018 10:54:45 PM]&lt;Info&gt;AllBrowserWindow : Locating browser window...</Message>
          <Message>[5/9/2018 10:54:49 PM]&lt;INFO&gt;GetBreadCrumbList : method executing ...</Message>
          <Message>[5/9/2018 10:54:53 PM]&lt;INFO&gt;ClickPriceItem : method executing ...</Message>
          <Message>[5/9/2018 10:55:02 PM]&lt;PASS&gt;&lt;CategoryListFilterResultsPrice&gt;&lt;Validates the total result of selected Between $400 and $500 (8) item and result items count&gt;</Message>
          <Message>[5/9/2018 10:55:02 PM]&lt;INFO&gt;ProductPageSearchFilterResultsValidation : method executing ...</Message>
          <Message>[5/9/2018 10:55:02 PM]&lt;INFO&gt;GetSearchResultTableRowsexecuting ...</Message>
          <Message>[5/9/2018 10:55:07 PM]&lt;Info&gt;AllBrowserWindow : Locating browser window...</Message>
          <Message>[5/9/2018 10:55:39 PM]&lt;INFO&gt;GetBreadCrumbList : method executing ...</Message>
          <Message>[5/9/2018 10:55:40 PM]&lt;PASS&gt;&lt;CategoryListFilterResultsPrice&gt;&lt;Validates the product listed in search result lies in selected category&gt;</Message>
          <Message>[5/9/2018 10:55:40 PM]&lt;PASS&gt;&lt;CategoryListFilterResultsPrice&gt;&lt;Validates the product listed in search result lies in selected category&gt;</Message>
          <Message>[5/9/2018 10:55:40 PM]&lt;PASS&gt;&lt;CategoryListFilterResultsPrice&gt;&lt;Validates the product listed in search result lies in selected category&gt;</Message>
          <Message>[5/9/2018 10:55:40 PM]&lt;PASS&gt;&lt;CategoryListFilterResultsPrice&gt;&lt;Validates the product listed in search result lies in selected category&gt;</Message>
          <Message>[5/9/2018 10:55:40 PM]&lt;PASS&gt;&lt;CategoryListFilterResultsPrice&gt;&lt;Validates the product price $419.95 lies in the price range.Between $400 and $500 (8) .&gt;</Message>
          <Message>[5/9/2018 10:55:47 PM]&lt;Info&gt;AllBrowserWindow : Locating browser window...</Message>
          <Message>[5/9/2018 10:55:52 PM]&lt;INFO&gt;ClickPriceItem : method executing ...</Message>
          <Message>[5/9/2018 10:56:05 PM]&lt;INFO&gt;ClickBrandItem : method executing ... 'Traxxas'</Message>
          <Message>[5/9/2018 10:56:12 PM]&lt;PASS&gt;&lt;CategoryListFilterResultsPrice&gt;&lt;Validates the total result of selected Traxxas (8) item and result items count&gt;</Message>
          <Message>[5/9/2018 10:56:12 PM]&lt;INFO&gt;ProductPageSearchFilterResultsValidation : method executing ...</Message>
          <Message>[5/9/2018 10:56:12 PM]&lt;INFO&gt;GetSearchResultTableRowsexecuting ...</Message>
          <Message>[5/9/2018 10:56:16 PM]&lt;Info&gt;AllBrowserWindow : Locating browser window...</Message>
          <Message>[5/9/2018 10:56:49 PM]&lt;INFO&gt;GetBreadCrumbList : method executing ...</Message>
          <Message>[5/9/2018 10:56:51 PM]&lt;PASS&gt;&lt;CategoryListFilterResultsPrice&gt;&lt;Validates the product listed in search result lies in selected category&gt;</Message>
          <Message>[5/9/2018 10:56:51 PM]&lt;PASS&gt;&lt;CategoryListFilterResultsPrice&gt;&lt;Validates the product listed in search result lies in selected category&gt;</Message>
          <Message>[5/9/2018 10:56:51 PM]&lt;PASS&gt;&lt;CategoryListFilterResultsPrice&gt;&lt;Validates the product listed in search result lies in selected category&gt;</Message>
          <Message>[5/9/2018 10:56:51 PM]&lt;PASS&gt;&lt;CategoryListFilterResultsPrice&gt;&lt;Validates the product listed in search result lies in selected category&gt;</Message>
          <Message>[5/9/2018 10:56:51 PM]&lt;INFO&gt;GetProductBrandName : method executing ...</Message>
          <Message>[5/9/2018 10:56:52 PM]&lt;PASS&gt;&lt;CategoryListFilterResultsPrice&gt;&lt;Validates the search result list contains product for the filtered brand item only.&gt;</Message>
          <Message>[5/9/2018 10:56:52 PM]&lt;PASS&gt;&lt;CategoryListFilterResultsPrice&gt;&lt;Validates the product price $419.95 lies in the price range.Between $400 and $500 (8) .&gt;</Message>
          <Message>[5/9/2018 10:56:58 PM]&lt;Info&gt;AllBrowserWindow : Locating browser window...</Message>
          <Message>[5/9/2018 10:57:00 PM]&lt;PASS&gt;&lt;CategoryListFilterResultsPrice&gt;&lt;Validates the total result of selected 30 item and result items count&gt;</Message>
          <Message>[5/9/2018 10:57:00 PM]&lt;RESULT&gt;Test Ended:#PASS=14, #FAIL=0</Message>
          <Message>[5/9/2018 10:57:02 PM]&lt;INFO&gt;LogCPUAndMemoryUsage: Available Memory = 24130(MB), CPU Usage = 3.47439%</Message>
          <Message>[5/9/2018 10:57:02 PM]&lt;INFO&gt;Private Working Set for QTAgent32_40, usage=448420 (K)</Message>
          <Message>[5/9/2018 10:57:02 PM]&lt;RESULT&gt;&lt;CategoryListFilterResultsPrice&gt; Test PASSED</Message>
        </TextMessages>
      </Output>
      <ResultFiles>
        <ResultFile path="CMP01-INDIASQA.horizonhobby.com\CategoryListFilterResultsPrice_20180509225438.log" />
        <ResultFile path="CMP01-INDIASQA.horizonhobby.com\CategoryListFilterResultsPrice_ResultsONLY_20180509225438.log" />
        <ResultFile path="CMP01-INDIASQA.horizonhobby.com\CategoryListLevel3TestData_225438.xml" />
        <ResultFile path="CMP01-INDIASQA.horizonhobby.com\SharedCommonConfig.xml" />
      </ResultFiles>
    </UnitTestResult>
  </Results>
</TestRun>